[2016-12-01 14:14:35] DEBUG [django.db.backends:90] (0.000) 
            SELECT name, type FROM sqlite_master
            WHERE type in ('table', 'view') AND NOT name='sqlite_sequence'
            ORDER BY name; args=None
[2016-12-01 14:14:35] DEBUG [django.db.backends:90] (0.000) SELECT "django_migrations"."app", "django_migrations"."name" FROM "django_migrations"; args=()
[2016-12-01 14:15:17] INFO [django.server:131] "OPTIONS /api/auths/usermenu/ HTTP/1.1" 200 0
[2016-12-01 14:15:17] INFO [django.server:131] "OPTIONS /api/auths/localuserinfo/ HTTP/1.1" 200 0
[2016-12-01 14:15:17] DEBUG [django.db.backends:90] (0.003) SELECT "oauth2_provider_accesstoken"."id", "oauth2_provider_accesstoken"."user_id", "oauth2_provider_accesstoken"."token", "oauth2_provider_accesstoken"."application_id", "oauth2_provider_accesstoken"."expires", "oauth2_provider_accesstoken"."scope", "auths_user"."password", "auths_user"."last_login", "auths_user"."is_superuser", "auths_user"."username", "auths_user"."first_name", "auths_user"."last_name", "auths_user"."email", "auths_user"."is_staff", "auths_user"."is_active", "auths_user"."date_joined", "auths_user"."id", "auths_user"."last_hierarchy_id", "auths_user"."last_module_id", "auths_user"."person_id", "auths_user"."updated_at", "auths_user"."registered_by", "oauth2_provider_application"."id", "oauth2_provider_application"."client_id", "oauth2_provider_application"."user_id", "oauth2_provider_application"."redirect_uris", "oauth2_provider_application"."client_type", "oauth2_provider_application"."authorization_grant_type", "oauth2_provider_application"."client_secret", "oauth2_provider_application"."name", "oauth2_provider_application"."skip_authorization" FROM "oauth2_provider_accesstoken" LEFT OUTER JOIN "auths_user" ON ("oauth2_provider_accesstoken"."user_id" = "auths_user"."id") INNER JOIN "oauth2_provider_application" ON ("oauth2_provider_accesstoken"."application_id" = "oauth2_provider_application"."id") WHERE "oauth2_provider_accesstoken"."token" = 'pejAcDk3RvJQfi4rK7jUmyAqCd1iIP'; args=('pejAcDk3RvJQfi4rK7jUmyAqCd1iIP',)
[2016-12-01 14:15:17] DEBUG [django.db.backends:90] (0.000) SELECT "auths_user"."password", "auths_user"."last_login", "auths_user"."is_superuser", "auths_user"."username", "auths_user"."first_name", "auths_user"."last_name", "auths_user"."email", "auths_user"."is_staff", "auths_user"."is_active", "auths_user"."date_joined", "auths_user"."id", "auths_user"."last_hierarchy_id", "auths_user"."last_module_id", "auths_user"."person_id", "auths_user"."updated_at", "auths_user"."registered_by" FROM "auths_user" WHERE "auths_user"."username" IS NULL; args=()
[2016-12-01 14:15:17] DEBUG [django.db.backends:90] (0.001) SELECT "oauth2_provider_accesstoken"."id", "oauth2_provider_accesstoken"."user_id", "oauth2_provider_accesstoken"."token", "oauth2_provider_accesstoken"."application_id", "oauth2_provider_accesstoken"."expires", "oauth2_provider_accesstoken"."scope", "auths_user"."password", "auths_user"."last_login", "auths_user"."is_superuser", "auths_user"."username", "auths_user"."first_name", "auths_user"."last_name", "auths_user"."email", "auths_user"."is_staff", "auths_user"."is_active", "auths_user"."date_joined", "auths_user"."id", "auths_user"."last_hierarchy_id", "auths_user"."last_module_id", "auths_user"."person_id", "auths_user"."updated_at", "auths_user"."registered_by", "oauth2_provider_application"."id", "oauth2_provider_application"."client_id", "oauth2_provider_application"."user_id", "oauth2_provider_application"."redirect_uris", "oauth2_provider_application"."client_type", "oauth2_provider_application"."authorization_grant_type", "oauth2_provider_application"."client_secret", "oauth2_provider_application"."name", "oauth2_provider_application"."skip_authorization" FROM "oauth2_provider_accesstoken" LEFT OUTER JOIN "auths_user" ON ("oauth2_provider_accesstoken"."user_id" = "auths_user"."id") INNER JOIN "oauth2_provider_application" ON ("oauth2_provider_accesstoken"."application_id" = "oauth2_provider_application"."id") WHERE "oauth2_provider_accesstoken"."token" = 'pejAcDk3RvJQfi4rK7jUmyAqCd1iIP'; args=('pejAcDk3RvJQfi4rK7jUmyAqCd1iIP',)
[2016-12-01 14:15:17] WARNING [django.server:131] "GET /api/auths/usermenu/ HTTP/1.1" 401 58
[2016-12-01 14:15:17] DEBUG [django.db.backends:90] (0.002) SELECT "oauth2_provider_accesstoken"."id", "oauth2_provider_accesstoken"."user_id", "oauth2_provider_accesstoken"."token", "oauth2_provider_accesstoken"."application_id", "oauth2_provider_accesstoken"."expires", "oauth2_provider_accesstoken"."scope", "auths_user"."password", "auths_user"."last_login", "auths_user"."is_superuser", "auths_user"."username", "auths_user"."first_name", "auths_user"."last_name", "auths_user"."email", "auths_user"."is_staff", "auths_user"."is_active", "auths_user"."date_joined", "auths_user"."id", "auths_user"."last_hierarchy_id", "auths_user"."last_module_id", "auths_user"."person_id", "auths_user"."updated_at", "auths_user"."registered_by", "oauth2_provider_application"."id", "oauth2_provider_application"."client_id", "oauth2_provider_application"."user_id", "oauth2_provider_application"."redirect_uris", "oauth2_provider_application"."client_type", "oauth2_provider_application"."authorization_grant_type", "oauth2_provider_application"."client_secret", "oauth2_provider_application"."name", "oauth2_provider_application"."skip_authorization" FROM "oauth2_provider_accesstoken" LEFT OUTER JOIN "auths_user" ON ("oauth2_provider_accesstoken"."user_id" = "auths_user"."id") INNER JOIN "oauth2_provider_application" ON ("oauth2_provider_accesstoken"."application_id" = "oauth2_provider_application"."id") WHERE "oauth2_provider_accesstoken"."token" = 'pejAcDk3RvJQfi4rK7jUmyAqCd1iIP'; args=('pejAcDk3RvJQfi4rK7jUmyAqCd1iIP',)
[2016-12-01 14:15:17] DEBUG [django.db.backends:90] (0.000) SELECT "auths_user"."password", "auths_user"."last_login", "auths_user"."is_superuser", "auths_user"."username", "auths_user"."first_name", "auths_user"."last_name", "auths_user"."email", "auths_user"."is_staff", "auths_user"."is_active", "auths_user"."date_joined", "auths_user"."id", "auths_user"."last_hierarchy_id", "auths_user"."last_module_id", "auths_user"."person_id", "auths_user"."updated_at", "auths_user"."registered_by" FROM "auths_user" WHERE "auths_user"."username" IS NULL; args=()
[2016-12-01 14:15:17] DEBUG [django.db.backends:90] (0.001) SELECT "oauth2_provider_accesstoken"."id", "oauth2_provider_accesstoken"."user_id", "oauth2_provider_accesstoken"."token", "oauth2_provider_accesstoken"."application_id", "oauth2_provider_accesstoken"."expires", "oauth2_provider_accesstoken"."scope", "auths_user"."password", "auths_user"."last_login", "auths_user"."is_superuser", "auths_user"."username", "auths_user"."first_name", "auths_user"."last_name", "auths_user"."email", "auths_user"."is_staff", "auths_user"."is_active", "auths_user"."date_joined", "auths_user"."id", "auths_user"."last_hierarchy_id", "auths_user"."last_module_id", "auths_user"."person_id", "auths_user"."updated_at", "auths_user"."registered_by", "oauth2_provider_application"."id", "oauth2_provider_application"."client_id", "oauth2_provider_application"."user_id", "oauth2_provider_application"."redirect_uris", "oauth2_provider_application"."client_type", "oauth2_provider_application"."authorization_grant_type", "oauth2_provider_application"."client_secret", "oauth2_provider_application"."name", "oauth2_provider_application"."skip_authorization" FROM "oauth2_provider_accesstoken" LEFT OUTER JOIN "auths_user" ON ("oauth2_provider_accesstoken"."user_id" = "auths_user"."id") INNER JOIN "oauth2_provider_application" ON ("oauth2_provider_accesstoken"."application_id" = "oauth2_provider_application"."id") WHERE "oauth2_provider_accesstoken"."token" = 'pejAcDk3RvJQfi4rK7jUmyAqCd1iIP'; args=('pejAcDk3RvJQfi4rK7jUmyAqCd1iIP',)
[2016-12-01 14:15:17] WARNING [django.server:131] "GET /api/auths/localuserinfo/ HTTP/1.1" 401 58
[2016-12-01 14:15:20] INFO [django.server:131] "OPTIONS /api/auths/localuserinfo/ HTTP/1.1" 200 0
[2016-12-01 14:15:28] INFO [django.server:131] "OPTIONS /api/auths/localuserinfo/ HTTP/1.1" 200 0
[2016-12-01 14:15:28] DEBUG [django.db.backends:90] (0.001) SELECT "oauth2_provider_accesstoken"."id", "oauth2_provider_accesstoken"."user_id", "oauth2_provider_accesstoken"."token", "oauth2_provider_accesstoken"."application_id", "oauth2_provider_accesstoken"."expires", "oauth2_provider_accesstoken"."scope", "auths_user"."password", "auths_user"."last_login", "auths_user"."is_superuser", "auths_user"."username", "auths_user"."first_name", "auths_user"."last_name", "auths_user"."email", "auths_user"."is_staff", "auths_user"."is_active", "auths_user"."date_joined", "auths_user"."id", "auths_user"."last_hierarchy_id", "auths_user"."last_module_id", "auths_user"."person_id", "auths_user"."updated_at", "auths_user"."registered_by", "oauth2_provider_application"."id", "oauth2_provider_application"."client_id", "oauth2_provider_application"."user_id", "oauth2_provider_application"."redirect_uris", "oauth2_provider_application"."client_type", "oauth2_provider_application"."authorization_grant_type", "oauth2_provider_application"."client_secret", "oauth2_provider_application"."name", "oauth2_provider_application"."skip_authorization" FROM "oauth2_provider_accesstoken" LEFT OUTER JOIN "auths_user" ON ("oauth2_provider_accesstoken"."user_id" = "auths_user"."id") INNER JOIN "oauth2_provider_application" ON ("oauth2_provider_accesstoken"."application_id" = "oauth2_provider_application"."id") WHERE "oauth2_provider_accesstoken"."token" = 'pejAcDk3RvJQfi4rK7jUmyAqCd1iIP'; args=('pejAcDk3RvJQfi4rK7jUmyAqCd1iIP',)
[2016-12-01 14:15:28] DEBUG [django.db.backends:90] (0.001) SELECT "auths_user"."password", "auths_user"."last_login", "auths_user"."is_superuser", "auths_user"."username", "auths_user"."first_name", "auths_user"."last_name", "auths_user"."email", "auths_user"."is_staff", "auths_user"."is_active", "auths_user"."date_joined", "auths_user"."id", "auths_user"."last_hierarchy_id", "auths_user"."last_module_id", "auths_user"."person_id", "auths_user"."updated_at", "auths_user"."registered_by" FROM "auths_user" WHERE "auths_user"."username" IS NULL; args=()
[2016-12-01 14:15:28] DEBUG [django.db.backends:90] (0.000) SELECT "oauth2_provider_accesstoken"."id", "oauth2_provider_accesstoken"."user_id", "oauth2_provider_accesstoken"."token", "oauth2_provider_accesstoken"."application_id", "oauth2_provider_accesstoken"."expires", "oauth2_provider_accesstoken"."scope", "auths_user"."password", "auths_user"."last_login", "auths_user"."is_superuser", "auths_user"."username", "auths_user"."first_name", "auths_user"."last_name", "auths_user"."email", "auths_user"."is_staff", "auths_user"."is_active", "auths_user"."date_joined", "auths_user"."id", "auths_user"."last_hierarchy_id", "auths_user"."last_module_id", "auths_user"."person_id", "auths_user"."updated_at", "auths_user"."registered_by", "oauth2_provider_application"."id", "oauth2_provider_application"."client_id", "oauth2_provider_application"."user_id", "oauth2_provider_application"."redirect_uris", "oauth2_provider_application"."client_type", "oauth2_provider_application"."authorization_grant_type", "oauth2_provider_application"."client_secret", "oauth2_provider_application"."name", "oauth2_provider_application"."skip_authorization" FROM "oauth2_provider_accesstoken" LEFT OUTER JOIN "auths_user" ON ("oauth2_provider_accesstoken"."user_id" = "auths_user"."id") INNER JOIN "oauth2_provider_application" ON ("oauth2_provider_accesstoken"."application_id" = "oauth2_provider_application"."id") WHERE "oauth2_provider_accesstoken"."token" = 'pejAcDk3RvJQfi4rK7jUmyAqCd1iIP'; args=('pejAcDk3RvJQfi4rK7jUmyAqCd1iIP',)
[2016-12-01 14:15:28] WARNING [django.server:131] "GET /api/auths/usermenu/ HTTP/1.1" 401 58
[2016-12-01 14:15:28] DEBUG [django.db.backends:90] (0.001) SELECT "oauth2_provider_accesstoken"."id", "oauth2_provider_accesstoken"."user_id", "oauth2_provider_accesstoken"."token", "oauth2_provider_accesstoken"."application_id", "oauth2_provider_accesstoken"."expires", "oauth2_provider_accesstoken"."scope", "auths_user"."password", "auths_user"."last_login", "auths_user"."is_superuser", "auths_user"."username", "auths_user"."first_name", "auths_user"."last_name", "auths_user"."email", "auths_user"."is_staff", "auths_user"."is_active", "auths_user"."date_joined", "auths_user"."id", "auths_user"."last_hierarchy_id", "auths_user"."last_module_id", "auths_user"."person_id", "auths_user"."updated_at", "auths_user"."registered_by", "oauth2_provider_application"."id", "oauth2_provider_application"."client_id", "oauth2_provider_application"."user_id", "oauth2_provider_application"."redirect_uris", "oauth2_provider_application"."client_type", "oauth2_provider_application"."authorization_grant_type", "oauth2_provider_application"."client_secret", "oauth2_provider_application"."name", "oauth2_provider_application"."skip_authorization" FROM "oauth2_provider_accesstoken" LEFT OUTER JOIN "auths_user" ON ("oauth2_provider_accesstoken"."user_id" = "auths_user"."id") INNER JOIN "oauth2_provider_application" ON ("oauth2_provider_accesstoken"."application_id" = "oauth2_provider_application"."id") WHERE "oauth2_provider_accesstoken"."token" = 'pejAcDk3RvJQfi4rK7jUmyAqCd1iIP'; args=('pejAcDk3RvJQfi4rK7jUmyAqCd1iIP',)
[2016-12-01 14:15:28] DEBUG [django.db.backends:90] (0.000) SELECT "auths_user"."password", "auths_user"."last_login", "auths_user"."is_superuser", "auths_user"."username", "auths_user"."first_name", "auths_user"."last_name", "auths_user"."email", "auths_user"."is_staff", "auths_user"."is_active", "auths_user"."date_joined", "auths_user"."id", "auths_user"."last_hierarchy_id", "auths_user"."last_module_id", "auths_user"."person_id", "auths_user"."updated_at", "auths_user"."registered_by" FROM "auths_user" WHERE "auths_user"."username" IS NULL; args=()
[2016-12-01 14:15:28] DEBUG [django.db.backends:90] (0.000) SELECT "oauth2_provider_accesstoken"."id", "oauth2_provider_accesstoken"."user_id", "oauth2_provider_accesstoken"."token", "oauth2_provider_accesstoken"."application_id", "oauth2_provider_accesstoken"."expires", "oauth2_provider_accesstoken"."scope", "auths_user"."password", "auths_user"."last_login", "auths_user"."is_superuser", "auths_user"."username", "auths_user"."first_name", "auths_user"."last_name", "auths_user"."email", "auths_user"."is_staff", "auths_user"."is_active", "auths_user"."date_joined", "auths_user"."id", "auths_user"."last_hierarchy_id", "auths_user"."last_module_id", "auths_user"."person_id", "auths_user"."updated_at", "auths_user"."registered_by", "oauth2_provider_application"."id", "oauth2_provider_application"."client_id", "oauth2_provider_application"."user_id", "oauth2_provider_application"."redirect_uris", "oauth2_provider_application"."client_type", "oauth2_provider_application"."authorization_grant_type", "oauth2_provider_application"."client_secret", "oauth2_provider_application"."name", "oauth2_provider_application"."skip_authorization" FROM "oauth2_provider_accesstoken" LEFT OUTER JOIN "auths_user" ON ("oauth2_provider_accesstoken"."user_id" = "auths_user"."id") INNER JOIN "oauth2_provider_application" ON ("oauth2_provider_accesstoken"."application_id" = "oauth2_provider_application"."id") WHERE "oauth2_provider_accesstoken"."token" = 'pejAcDk3RvJQfi4rK7jUmyAqCd1iIP'; args=('pejAcDk3RvJQfi4rK7jUmyAqCd1iIP',)
[2016-12-01 14:15:28] WARNING [django.server:131] "GET /api/auths/localuserinfo/ HTTP/1.1" 401 58
[2016-12-01 14:15:33] INFO [django.server:131] "OPTIONS /api/auths/localuserinfo/ HTTP/1.1" 200 0
[2016-12-01 14:15:38] INFO [django.server:131] "OPTIONS /api/auths/localuserinfo/ HTTP/1.1" 200 0
[2016-12-01 14:15:38] DEBUG [django.db.backends:90] (0.001) SELECT "oauth2_provider_accesstoken"."id", "oauth2_provider_accesstoken"."user_id", "oauth2_provider_accesstoken"."token", "oauth2_provider_accesstoken"."application_id", "oauth2_provider_accesstoken"."expires", "oauth2_provider_accesstoken"."scope", "auths_user"."password", "auths_user"."last_login", "auths_user"."is_superuser", "auths_user"."username", "auths_user"."first_name", "auths_user"."last_name", "auths_user"."email", "auths_user"."is_staff", "auths_user"."is_active", "auths_user"."date_joined", "auths_user"."id", "auths_user"."last_hierarchy_id", "auths_user"."last_module_id", "auths_user"."person_id", "auths_user"."updated_at", "auths_user"."registered_by", "oauth2_provider_application"."id", "oauth2_provider_application"."client_id", "oauth2_provider_application"."user_id", "oauth2_provider_application"."redirect_uris", "oauth2_provider_application"."client_type", "oauth2_provider_application"."authorization_grant_type", "oauth2_provider_application"."client_secret", "oauth2_provider_application"."name", "oauth2_provider_application"."skip_authorization" FROM "oauth2_provider_accesstoken" LEFT OUTER JOIN "auths_user" ON ("oauth2_provider_accesstoken"."user_id" = "auths_user"."id") INNER JOIN "oauth2_provider_application" ON ("oauth2_provider_accesstoken"."application_id" = "oauth2_provider_application"."id") WHERE "oauth2_provider_accesstoken"."token" = 'pejAcDk3RvJQfi4rK7jUmyAqCd1iIP'; args=('pejAcDk3RvJQfi4rK7jUmyAqCd1iIP',)
[2016-12-01 14:15:38] DEBUG [django.db.backends:90] (0.000) SELECT "auths_user"."password", "auths_user"."last_login", "auths_user"."is_superuser", "auths_user"."username", "auths_user"."first_name", "auths_user"."last_name", "auths_user"."email", "auths_user"."is_staff", "auths_user"."is_active", "auths_user"."date_joined", "auths_user"."id", "auths_user"."last_hierarchy_id", "auths_user"."last_module_id", "auths_user"."person_id", "auths_user"."updated_at", "auths_user"."registered_by" FROM "auths_user" WHERE "auths_user"."username" IS NULL; args=()
[2016-12-01 14:15:38] DEBUG [django.db.backends:90] (0.000) SELECT "oauth2_provider_accesstoken"."id", "oauth2_provider_accesstoken"."user_id", "oauth2_provider_accesstoken"."token", "oauth2_provider_accesstoken"."application_id", "oauth2_provider_accesstoken"."expires", "oauth2_provider_accesstoken"."scope", "auths_user"."password", "auths_user"."last_login", "auths_user"."is_superuser", "auths_user"."username", "auths_user"."first_name", "auths_user"."last_name", "auths_user"."email", "auths_user"."is_staff", "auths_user"."is_active", "auths_user"."date_joined", "auths_user"."id", "auths_user"."last_hierarchy_id", "auths_user"."last_module_id", "auths_user"."person_id", "auths_user"."updated_at", "auths_user"."registered_by", "oauth2_provider_application"."id", "oauth2_provider_application"."client_id", "oauth2_provider_application"."user_id", "oauth2_provider_application"."redirect_uris", "oauth2_provider_application"."client_type", "oauth2_provider_application"."authorization_grant_type", "oauth2_provider_application"."client_secret", "oauth2_provider_application"."name", "oauth2_provider_application"."skip_authorization" FROM "oauth2_provider_accesstoken" LEFT OUTER JOIN "auths_user" ON ("oauth2_provider_accesstoken"."user_id" = "auths_user"."id") INNER JOIN "oauth2_provider_application" ON ("oauth2_provider_accesstoken"."application_id" = "oauth2_provider_application"."id") WHERE "oauth2_provider_accesstoken"."token" = 'pejAcDk3RvJQfi4rK7jUmyAqCd1iIP'; args=('pejAcDk3RvJQfi4rK7jUmyAqCd1iIP',)
[2016-12-01 14:15:38] WARNING [django.server:131] "GET /api/auths/usermenu/ HTTP/1.1" 401 58
[2016-12-01 14:15:38] DEBUG [django.db.backends:90] (0.001) SELECT "oauth2_provider_accesstoken"."id", "oauth2_provider_accesstoken"."user_id", "oauth2_provider_accesstoken"."token", "oauth2_provider_accesstoken"."application_id", "oauth2_provider_accesstoken"."expires", "oauth2_provider_accesstoken"."scope", "auths_user"."password", "auths_user"."last_login", "auths_user"."is_superuser", "auths_user"."username", "auths_user"."first_name", "auths_user"."last_name", "auths_user"."email", "auths_user"."is_staff", "auths_user"."is_active", "auths_user"."date_joined", "auths_user"."id", "auths_user"."last_hierarchy_id", "auths_user"."last_module_id", "auths_user"."person_id", "auths_user"."updated_at", "auths_user"."registered_by", "oauth2_provider_application"."id", "oauth2_provider_application"."client_id", "oauth2_provider_application"."user_id", "oauth2_provider_application"."redirect_uris", "oauth2_provider_application"."client_type", "oauth2_provider_application"."authorization_grant_type", "oauth2_provider_application"."client_secret", "oauth2_provider_application"."name", "oauth2_provider_application"."skip_authorization" FROM "oauth2_provider_accesstoken" LEFT OUTER JOIN "auths_user" ON ("oauth2_provider_accesstoken"."user_id" = "auths_user"."id") INNER JOIN "oauth2_provider_application" ON ("oauth2_provider_accesstoken"."application_id" = "oauth2_provider_application"."id") WHERE "oauth2_provider_accesstoken"."token" = 'pejAcDk3RvJQfi4rK7jUmyAqCd1iIP'; args=('pejAcDk3RvJQfi4rK7jUmyAqCd1iIP',)
[2016-12-01 14:15:38] DEBUG [django.db.backends:90] (0.001) SELECT "auths_user"."password", "auths_user"."last_login", "auths_user"."is_superuser", "auths_user"."username", "auths_user"."first_name", "auths_user"."last_name", "auths_user"."email", "auths_user"."is_staff", "auths_user"."is_active", "auths_user"."date_joined", "auths_user"."id", "auths_user"."last_hierarchy_id", "auths_user"."last_module_id", "auths_user"."person_id", "auths_user"."updated_at", "auths_user"."registered_by" FROM "auths_user" WHERE "auths_user"."username" IS NULL; args=()
[2016-12-01 14:15:38] DEBUG [django.db.backends:90] (0.001) SELECT "oauth2_provider_accesstoken"."id", "oauth2_provider_accesstoken"."user_id", "oauth2_provider_accesstoken"."token", "oauth2_provider_accesstoken"."application_id", "oauth2_provider_accesstoken"."expires", "oauth2_provider_accesstoken"."scope", "auths_user"."password", "auths_user"."last_login", "auths_user"."is_superuser", "auths_user"."username", "auths_user"."first_name", "auths_user"."last_name", "auths_user"."email", "auths_user"."is_staff", "auths_user"."is_active", "auths_user"."date_joined", "auths_user"."id", "auths_user"."last_hierarchy_id", "auths_user"."last_module_id", "auths_user"."person_id", "auths_user"."updated_at", "auths_user"."registered_by", "oauth2_provider_application"."id", "oauth2_provider_application"."client_id", "oauth2_provider_application"."user_id", "oauth2_provider_application"."redirect_uris", "oauth2_provider_application"."client_type", "oauth2_provider_application"."authorization_grant_type", "oauth2_provider_application"."client_secret", "oauth2_provider_application"."name", "oauth2_provider_application"."skip_authorization" FROM "oauth2_provider_accesstoken" LEFT OUTER JOIN "auths_user" ON ("oauth2_provider_accesstoken"."user_id" = "auths_user"."id") INNER JOIN "oauth2_provider_application" ON ("oauth2_provider_accesstoken"."application_id" = "oauth2_provider_application"."id") WHERE "oauth2_provider_accesstoken"."token" = 'pejAcDk3RvJQfi4rK7jUmyAqCd1iIP'; args=('pejAcDk3RvJQfi4rK7jUmyAqCd1iIP',)
[2016-12-01 14:15:38] WARNING [django.server:131] "GET /api/auths/localuserinfo/ HTTP/1.1" 401 58
[2016-12-01 14:15:53] DEBUG [django.db.backends:90] (0.001) SELECT "auths_menu"."router_json" FROM "auths_menu" ORDER BY "auths_menu"."pos" ASC; args=()
[2016-12-01 14:15:53] INFO [django.server:131] "GET /api/auths/routers/ HTTP/1.1" 200 2
[2016-12-01 14:16:01] DEBUG [django.db.backends:90] (0.001) SELECT "oauth2_provider_application"."id", "oauth2_provider_application"."client_id", "oauth2_provider_application"."user_id", "oauth2_provider_application"."redirect_uris", "oauth2_provider_application"."client_type", "oauth2_provider_application"."authorization_grant_type", "oauth2_provider_application"."client_secret", "oauth2_provider_application"."name", "oauth2_provider_application"."skip_authorization" FROM "oauth2_provider_application" WHERE "oauth2_provider_application"."client_id" = 'Mdo9MDmslKUAht2JQHpzxdgWGhYD3ZmYYSwEtHm6'; args=('Mdo9MDmslKUAht2JQHpzxdgWGhYD3ZmYYSwEtHm6',)
[2016-12-01 14:16:01] DEBUG [django.db.backends:90] (0.000) SELECT "auths_user"."password", "auths_user"."last_login", "auths_user"."is_superuser", "auths_user"."username", "auths_user"."first_name", "auths_user"."last_name", "auths_user"."email", "auths_user"."is_staff", "auths_user"."is_active", "auths_user"."date_joined", "auths_user"."id", "auths_user"."last_hierarchy_id", "auths_user"."last_module_id", "auths_user"."person_id", "auths_user"."updated_at", "auths_user"."registered_by" FROM "auths_user" WHERE "auths_user"."username" = 'pantigoso'; args=('pantigoso',)
[2016-12-01 14:16:01] DEBUG [django.db.backends:90] (0.000) BEGIN; args=None
[2016-12-01 14:16:01] DEBUG [django.db.backends:90] (0.001) INSERT INTO "oauth2_provider_accesstoken" ("user_id", "token", "application_id", "expires", "scope") VALUES ('29ddfc04b6624eaaae57bad538a596eb', 'u1x8PNNWzUzknYdifNQLdJEHdIRupD', 2, '2016-12-02 05:16:01.634765', 'write read'); args=['29ddfc04b6624eaaae57bad538a596eb', 'u1x8PNNWzUzknYdifNQLdJEHdIRupD', 2, '2016-12-02 05:16:01.634765', 'write read']
[2016-12-01 14:16:01] DEBUG [django.db.backends:90] (0.000) BEGIN; args=None
[2016-12-01 14:16:01] DEBUG [django.db.backends:90] (0.002) INSERT INTO "oauth2_provider_refreshtoken" ("user_id", "token", "application_id", "access_token_id") VALUES ('29ddfc04b6624eaaae57bad538a596eb', '3I9WfV5YFy3GOXfNAx5ilXGF1F0eEl', 2, 36); args=['29ddfc04b6624eaaae57bad538a596eb', '3I9WfV5YFy3GOXfNAx5ilXGF1F0eEl', 2, 36]
[2016-12-01 14:16:01] INFO [django.server:131] "POST /o/token/ HTTP/1.1" 200 169
[2016-12-01 14:16:02] INFO [django.server:131] "OPTIONS /api/auths/localuserinfo/ HTTP/1.1" 200 0
[2016-12-01 14:16:02] DEBUG [django.db.backends:90] (0.001) SELECT "oauth2_provider_accesstoken"."id", "oauth2_provider_accesstoken"."user_id", "oauth2_provider_accesstoken"."token", "oauth2_provider_accesstoken"."application_id", "oauth2_provider_accesstoken"."expires", "oauth2_provider_accesstoken"."scope", "auths_user"."password", "auths_user"."last_login", "auths_user"."is_superuser", "auths_user"."username", "auths_user"."first_name", "auths_user"."last_name", "auths_user"."email", "auths_user"."is_staff", "auths_user"."is_active", "auths_user"."date_joined", "auths_user"."id", "auths_user"."last_hierarchy_id", "auths_user"."last_module_id", "auths_user"."person_id", "auths_user"."updated_at", "auths_user"."registered_by", "oauth2_provider_application"."id", "oauth2_provider_application"."client_id", "oauth2_provider_application"."user_id", "oauth2_provider_application"."redirect_uris", "oauth2_provider_application"."client_type", "oauth2_provider_application"."authorization_grant_type", "oauth2_provider_application"."client_secret", "oauth2_provider_application"."name", "oauth2_provider_application"."skip_authorization" FROM "oauth2_provider_accesstoken" LEFT OUTER JOIN "auths_user" ON ("oauth2_provider_accesstoken"."user_id" = "auths_user"."id") INNER JOIN "oauth2_provider_application" ON ("oauth2_provider_accesstoken"."application_id" = "oauth2_provider_application"."id") WHERE "oauth2_provider_accesstoken"."token" = 'u1x8PNNWzUzknYdifNQLdJEHdIRupD'; args=('u1x8PNNWzUzknYdifNQLdJEHdIRupD',)
[2016-12-01 14:16:02] DEBUG [django.db.backends:90] (0.000) SELECT "oauth2_provider_accesstoken"."id", "oauth2_provider_accesstoken"."user_id", "oauth2_provider_accesstoken"."token", "oauth2_provider_accesstoken"."application_id", "oauth2_provider_accesstoken"."expires", "oauth2_provider_accesstoken"."scope", "auths_user"."password", "auths_user"."last_login", "auths_user"."is_superuser", "auths_user"."username", "auths_user"."first_name", "auths_user"."last_name", "auths_user"."email", "auths_user"."is_staff", "auths_user"."is_active", "auths_user"."date_joined", "auths_user"."id", "auths_user"."last_hierarchy_id", "auths_user"."last_module_id", "auths_user"."person_id", "auths_user"."updated_at", "auths_user"."registered_by", "oauth2_provider_application"."id", "oauth2_provider_application"."client_id", "oauth2_provider_application"."user_id", "oauth2_provider_application"."redirect_uris", "oauth2_provider_application"."client_type", "oauth2_provider_application"."authorization_grant_type", "oauth2_provider_application"."client_secret", "oauth2_provider_application"."name", "oauth2_provider_application"."skip_authorization" FROM "oauth2_provider_accesstoken" LEFT OUTER JOIN "auths_user" ON ("oauth2_provider_accesstoken"."user_id" = "auths_user"."id") INNER JOIN "oauth2_provider_application" ON ("oauth2_provider_accesstoken"."application_id" = "oauth2_provider_application"."id") WHERE "oauth2_provider_accesstoken"."token" = 'u1x8PNNWzUzknYdifNQLdJEHdIRupD'; args=('u1x8PNNWzUzknYdifNQLdJEHdIRupD',)
[2016-12-01 14:16:02] DEBUG [django.db.backends:90] (0.001) SELECT "auths_menu"."id" FROM "auths_menu" WHERE ("auths_menu"."id" IS NOT NULL AND "auths_menu"."module" = 'BACKEND' AND "auths_menu"."is_active" = 1) ORDER BY "auths_menu"."pos" ASC; args=('BACKEND', True)
[2016-12-01 14:16:02] DEBUG [django.db.backends:90] (0.000) SELECT (1) AS "a" FROM "django_session" WHERE "django_session"."session_key" = '2h9furp1dadp1fbawh6k08ohqc3upqsk' LIMIT 1; args=('2h9furp1dadp1fbawh6k08ohqc3upqsk',)
[2016-12-01 14:16:02] DEBUG [django.db.backends:90] (0.000) BEGIN; args=None
[2016-12-01 14:16:02] DEBUG [django.db.backends:90] (0.001) INSERT INTO "django_session" ("session_key", "session_data", "expire_date") SELECT '2h9furp1dadp1fbawh6k08ohqc3upqsk', 'NTllMGI5ZTYyN2JkM2ZmOWVmZDE2ZWI1MWVmODQ0YzYyNjllYzM0Mjp7Il9zZXNzaW9uX2V4cGlyeSI6MzB9', '2016-12-01 19:16:32.121971'; args=('2h9furp1dadp1fbawh6k08ohqc3upqsk', 'NTllMGI5ZTYyN2JkM2ZmOWVmZDE2ZWI1MWVmODQ0YzYyNjllYzM0Mjp7Il9zZXNzaW9uX2V4cGlyeSI6MzB9', '2016-12-01 19:16:32.121971')
[2016-12-01 14:16:02] DEBUG [django.db.backends:90] (0.001) SELECT "oauth2_provider_accesstoken"."id", "oauth2_provider_accesstoken"."user_id", "oauth2_provider_accesstoken"."token", "oauth2_provider_accesstoken"."application_id", "oauth2_provider_accesstoken"."expires", "oauth2_provider_accesstoken"."scope", "auths_user"."password", "auths_user"."last_login", "auths_user"."is_superuser", "auths_user"."username", "auths_user"."first_name", "auths_user"."last_name", "auths_user"."email", "auths_user"."is_staff", "auths_user"."is_active", "auths_user"."date_joined", "auths_user"."id", "auths_user"."last_hierarchy_id", "auths_user"."last_module_id", "auths_user"."person_id", "auths_user"."updated_at", "auths_user"."registered_by", "oauth2_provider_application"."id", "oauth2_provider_application"."client_id", "oauth2_provider_application"."user_id", "oauth2_provider_application"."redirect_uris", "oauth2_provider_application"."client_type", "oauth2_provider_application"."authorization_grant_type", "oauth2_provider_application"."client_secret", "oauth2_provider_application"."name", "oauth2_provider_application"."skip_authorization" FROM "oauth2_provider_accesstoken" LEFT OUTER JOIN "auths_user" ON ("oauth2_provider_accesstoken"."user_id" = "auths_user"."id") INNER JOIN "oauth2_provider_application" ON ("oauth2_provider_accesstoken"."application_id" = "oauth2_provider_application"."id") WHERE "oauth2_provider_accesstoken"."token" = 'u1x8PNNWzUzknYdifNQLdJEHdIRupD'; args=('u1x8PNNWzUzknYdifNQLdJEHdIRupD',)
[2016-12-01 14:16:02] INFO [django.server:131] "GET /api/auths/usermenu/ HTTP/1.1" 200 11
[2016-12-01 14:16:02] DEBUG [django.db.backends:90] (0.083) SELECT "oauth2_provider_accesstoken"."id", "oauth2_provider_accesstoken"."user_id", "oauth2_provider_accesstoken"."token", "oauth2_provider_accesstoken"."application_id", "oauth2_provider_accesstoken"."expires", "oauth2_provider_accesstoken"."scope", "auths_user"."password", "auths_user"."last_login", "auths_user"."is_superuser", "auths_user"."username", "auths_user"."first_name", "auths_user"."last_name", "auths_user"."email", "auths_user"."is_staff", "auths_user"."is_active", "auths_user"."date_joined", "auths_user"."id", "auths_user"."last_hierarchy_id", "auths_user"."last_module_id", "auths_user"."person_id", "auths_user"."updated_at", "auths_user"."registered_by", "oauth2_provider_application"."id", "oauth2_provider_application"."client_id", "oauth2_provider_application"."user_id", "oauth2_provider_application"."redirect_uris", "oauth2_provider_application"."client_type", "oauth2_provider_application"."authorization_grant_type", "oauth2_provider_application"."client_secret", "oauth2_provider_application"."name", "oauth2_provider_application"."skip_authorization" FROM "oauth2_provider_accesstoken" LEFT OUTER JOIN "auths_user" ON ("oauth2_provider_accesstoken"."user_id" = "auths_user"."id") INNER JOIN "oauth2_provider_application" ON ("oauth2_provider_accesstoken"."application_id" = "oauth2_provider_application"."id") WHERE "oauth2_provider_accesstoken"."token" = 'u1x8PNNWzUzknYdifNQLdJEHdIRupD'; args=('u1x8PNNWzUzknYdifNQLdJEHdIRupD',)
[2016-12-01 14:16:02] DEBUG [django.db.backends:90] (0.000) SELECT "auth_group"."id", "auth_group"."name" FROM "auth_group" INNER JOIN "auths_user_groups" ON ("auth_group"."id" = "auths_user_groups"."group_id") WHERE "auths_user_groups"."user_id" = '29ddfc04b6624eaaae57bad538a596eb'; args=('29ddfc04b6624eaaae57bad538a596eb',)
[2016-12-01 14:16:02] DEBUG [django.db.backends:90] (0.000) SELECT "auth_permission"."id", "auth_permission"."name", "auth_permission"."content_type_id", "auth_permission"."codename" FROM "auth_permission" INNER JOIN "auths_user_user_permissions" ON ("auth_permission"."id" = "auths_user_user_permissions"."permission_id") INNER JOIN "django_content_type" ON ("auth_permission"."content_type_id" = "django_content_type"."id") WHERE "auths_user_user_permissions"."user_id" = '29ddfc04b6624eaaae57bad538a596eb' ORDER BY "django_content_type"."app_label" ASC, "django_content_type"."model" ASC, "auth_permission"."codename" ASC; args=('29ddfc04b6624eaaae57bad538a596eb',)
[2016-12-01 14:16:02] INFO [django.server:131] "GET /api/auths/localuserinfo/ HTTP/1.1" 200 435
[2016-12-01 14:16:07] INFO [django.server:131] "OPTIONS /api/registro/colegios/ HTTP/1.1" 200 0
[2016-12-01 14:16:07] DEBUG [django.db.backends:90] (0.001) SELECT "oauth2_provider_accesstoken"."id", "oauth2_provider_accesstoken"."user_id", "oauth2_provider_accesstoken"."token", "oauth2_provider_accesstoken"."application_id", "oauth2_provider_accesstoken"."expires", "oauth2_provider_accesstoken"."scope", "auths_user"."password", "auths_user"."last_login", "auths_user"."is_superuser", "auths_user"."username", "auths_user"."first_name", "auths_user"."last_name", "auths_user"."email", "auths_user"."is_staff", "auths_user"."is_active", "auths_user"."date_joined", "auths_user"."id", "auths_user"."last_hierarchy_id", "auths_user"."last_module_id", "auths_user"."person_id", "auths_user"."updated_at", "auths_user"."registered_by", "oauth2_provider_application"."id", "oauth2_provider_application"."client_id", "oauth2_provider_application"."user_id", "oauth2_provider_application"."redirect_uris", "oauth2_provider_application"."client_type", "oauth2_provider_application"."authorization_grant_type", "oauth2_provider_application"."client_secret", "oauth2_provider_application"."name", "oauth2_provider_application"."skip_authorization" FROM "oauth2_provider_accesstoken" LEFT OUTER JOIN "auths_user" ON ("oauth2_provider_accesstoken"."user_id" = "auths_user"."id") INNER JOIN "oauth2_provider_application" ON ("oauth2_provider_accesstoken"."application_id" = "oauth2_provider_application"."id") WHERE "oauth2_provider_accesstoken"."token" = 'u1x8PNNWzUzknYdifNQLdJEHdIRupD'; args=('u1x8PNNWzUzknYdifNQLdJEHdIRupD',)
[2016-12-01 14:16:07] DEBUG [django.db.backends:90] (0.000) SELECT "oauth2_provider_accesstoken"."id", "oauth2_provider_accesstoken"."user_id", "oauth2_provider_accesstoken"."token", "oauth2_provider_accesstoken"."application_id", "oauth2_provider_accesstoken"."expires", "oauth2_provider_accesstoken"."scope", "auths_user"."password", "auths_user"."last_login", "auths_user"."is_superuser", "auths_user"."username", "auths_user"."first_name", "auths_user"."last_name", "auths_user"."email", "auths_user"."is_staff", "auths_user"."is_active", "auths_user"."date_joined", "auths_user"."id", "auths_user"."last_hierarchy_id", "auths_user"."last_module_id", "auths_user"."person_id", "auths_user"."updated_at", "auths_user"."registered_by", "oauth2_provider_application"."id", "oauth2_provider_application"."client_id", "oauth2_provider_application"."user_id", "oauth2_provider_application"."redirect_uris", "oauth2_provider_application"."client_type", "oauth2_provider_application"."authorization_grant_type", "oauth2_provider_application"."client_secret", "oauth2_provider_application"."name", "oauth2_provider_application"."skip_authorization" FROM "oauth2_provider_accesstoken" LEFT OUTER JOIN "auths_user" ON ("oauth2_provider_accesstoken"."user_id" = "auths_user"."id") INNER JOIN "oauth2_provider_application" ON ("oauth2_provider_accesstoken"."application_id" = "oauth2_provider_application"."id") WHERE "oauth2_provider_accesstoken"."token" = 'u1x8PNNWzUzknYdifNQLdJEHdIRupD'; args=('u1x8PNNWzUzknYdifNQLdJEHdIRupD',)
[2016-12-01 14:16:07] DEBUG [django.db.backends:90] (0.000) SELECT "registro_colegio"."id", "registro_colegio"."nombre", "registro_colegio"."direccion", "registro_colegio"."departamento", "registro_colegio"."provincia", "registro_colegio"."distrito", "registro_colegio"."telefono", "registro_colegio"."descripcion" FROM "registro_colegio"; args=()
[2016-12-01 14:16:07] INFO [django.server:131] "GET /api/registro/colegios/ HTTP/1.1" 200 1073
[2016-12-01 14:16:25] DEBUG [django.db.backends:90] (0.002) SELECT "oauth2_provider_accesstoken"."id", "oauth2_provider_accesstoken"."user_id", "oauth2_provider_accesstoken"."token", "oauth2_provider_accesstoken"."application_id", "oauth2_provider_accesstoken"."expires", "oauth2_provider_accesstoken"."scope", "auths_user"."password", "auths_user"."last_login", "auths_user"."is_superuser", "auths_user"."username", "auths_user"."first_name", "auths_user"."last_name", "auths_user"."email", "auths_user"."is_staff", "auths_user"."is_active", "auths_user"."date_joined", "auths_user"."id", "auths_user"."last_hierarchy_id", "auths_user"."last_module_id", "auths_user"."person_id", "auths_user"."updated_at", "auths_user"."registered_by", "oauth2_provider_application"."id", "oauth2_provider_application"."client_id", "oauth2_provider_application"."user_id", "oauth2_provider_application"."redirect_uris", "oauth2_provider_application"."client_type", "oauth2_provider_application"."authorization_grant_type", "oauth2_provider_application"."client_secret", "oauth2_provider_application"."name", "oauth2_provider_application"."skip_authorization" FROM "oauth2_provider_accesstoken" LEFT OUTER JOIN "auths_user" ON ("oauth2_provider_accesstoken"."user_id" = "auths_user"."id") INNER JOIN "oauth2_provider_application" ON ("oauth2_provider_accesstoken"."application_id" = "oauth2_provider_application"."id") WHERE "oauth2_provider_accesstoken"."token" = 'u1x8PNNWzUzknYdifNQLdJEHdIRupD'; args=('u1x8PNNWzUzknYdifNQLdJEHdIRupD',)
[2016-12-01 14:16:25] DEBUG [django.db.backends:90] (0.002) SELECT "oauth2_provider_accesstoken"."id", "oauth2_provider_accesstoken"."user_id", "oauth2_provider_accesstoken"."token", "oauth2_provider_accesstoken"."application_id", "oauth2_provider_accesstoken"."expires", "oauth2_provider_accesstoken"."scope", "auths_user"."password", "auths_user"."last_login", "auths_user"."is_superuser", "auths_user"."username", "auths_user"."first_name", "auths_user"."last_name", "auths_user"."email", "auths_user"."is_staff", "auths_user"."is_active", "auths_user"."date_joined", "auths_user"."id", "auths_user"."last_hierarchy_id", "auths_user"."last_module_id", "auths_user"."person_id", "auths_user"."updated_at", "auths_user"."registered_by", "oauth2_provider_application"."id", "oauth2_provider_application"."client_id", "oauth2_provider_application"."user_id", "oauth2_provider_application"."redirect_uris", "oauth2_provider_application"."client_type", "oauth2_provider_application"."authorization_grant_type", "oauth2_provider_application"."client_secret", "oauth2_provider_application"."name", "oauth2_provider_application"."skip_authorization" FROM "oauth2_provider_accesstoken" LEFT OUTER JOIN "auths_user" ON ("oauth2_provider_accesstoken"."user_id" = "auths_user"."id") INNER JOIN "oauth2_provider_application" ON ("oauth2_provider_accesstoken"."application_id" = "oauth2_provider_application"."id") WHERE "oauth2_provider_accesstoken"."token" = 'u1x8PNNWzUzknYdifNQLdJEHdIRupD'; args=('u1x8PNNWzUzknYdifNQLdJEHdIRupD',)
[2016-12-01 14:16:25] DEBUG [django.db.backends:90] (0.000) SELECT "oauth2_provider_accesstoken"."id", "oauth2_provider_accesstoken"."user_id", "oauth2_provider_accesstoken"."token", "oauth2_provider_accesstoken"."application_id", "oauth2_provider_accesstoken"."expires", "oauth2_provider_accesstoken"."scope", "auths_user"."password", "auths_user"."last_login", "auths_user"."is_superuser", "auths_user"."username", "auths_user"."first_name", "auths_user"."last_name", "auths_user"."email", "auths_user"."is_staff", "auths_user"."is_active", "auths_user"."date_joined", "auths_user"."id", "auths_user"."last_hierarchy_id", "auths_user"."last_module_id", "auths_user"."person_id", "auths_user"."updated_at", "auths_user"."registered_by", "oauth2_provider_application"."id", "oauth2_provider_application"."client_id", "oauth2_provider_application"."user_id", "oauth2_provider_application"."redirect_uris", "oauth2_provider_application"."client_type", "oauth2_provider_application"."authorization_grant_type", "oauth2_provider_application"."client_secret", "oauth2_provider_application"."name", "oauth2_provider_application"."skip_authorization" FROM "oauth2_provider_accesstoken" LEFT OUTER JOIN "auths_user" ON ("oauth2_provider_accesstoken"."user_id" = "auths_user"."id") INNER JOIN "oauth2_provider_application" ON ("oauth2_provider_accesstoken"."application_id" = "oauth2_provider_application"."id") WHERE "oauth2_provider_accesstoken"."token" = 'u1x8PNNWzUzknYdifNQLdJEHdIRupD'; args=('u1x8PNNWzUzknYdifNQLdJEHdIRupD',)
[2016-12-01 14:16:25] DEBUG [django.db.backends:90] (0.001) SELECT "oauth2_provider_accesstoken"."id", "oauth2_provider_accesstoken"."user_id", "oauth2_provider_accesstoken"."token", "oauth2_provider_accesstoken"."application_id", "oauth2_provider_accesstoken"."expires", "oauth2_provider_accesstoken"."scope", "auths_user"."password", "auths_user"."last_login", "auths_user"."is_superuser", "auths_user"."username", "auths_user"."first_name", "auths_user"."last_name", "auths_user"."email", "auths_user"."is_staff", "auths_user"."is_active", "auths_user"."date_joined", "auths_user"."id", "auths_user"."last_hierarchy_id", "auths_user"."last_module_id", "auths_user"."person_id", "auths_user"."updated_at", "auths_user"."registered_by", "oauth2_provider_application"."id", "oauth2_provider_application"."client_id", "oauth2_provider_application"."user_id", "oauth2_provider_application"."redirect_uris", "oauth2_provider_application"."client_type", "oauth2_provider_application"."authorization_grant_type", "oauth2_provider_application"."client_secret", "oauth2_provider_application"."name", "oauth2_provider_application"."skip_authorization" FROM "oauth2_provider_accesstoken" LEFT OUTER JOIN "auths_user" ON ("oauth2_provider_accesstoken"."user_id" = "auths_user"."id") INNER JOIN "oauth2_provider_application" ON ("oauth2_provider_accesstoken"."application_id" = "oauth2_provider_application"."id") WHERE "oauth2_provider_accesstoken"."token" = 'u1x8PNNWzUzknYdifNQLdJEHdIRupD'; args=('u1x8PNNWzUzknYdifNQLdJEHdIRupD',)
[2016-12-01 14:16:25] DEBUG [django.db.backends:90] (0.003) SELECT "auths_menu"."id" FROM "auths_menu" WHERE ("auths_menu"."id" IS NOT NULL AND "auths_menu"."module" = 'BACKEND' AND "auths_menu"."is_active" = 1) ORDER BY "auths_menu"."pos" ASC; args=('BACKEND', True)
[2016-12-01 14:16:25] DEBUG [django.db.backends:90] (0.000) SELECT "auth_group"."id", "auth_group"."name" FROM "auth_group" INNER JOIN "auths_user_groups" ON ("auth_group"."id" = "auths_user_groups"."group_id") WHERE "auths_user_groups"."user_id" = '29ddfc04b6624eaaae57bad538a596eb'; args=('29ddfc04b6624eaaae57bad538a596eb',)
[2016-12-01 14:16:25] DEBUG [django.db.backends:90] (0.001) SELECT "auth_permission"."id", "auth_permission"."name", "auth_permission"."content_type_id", "auth_permission"."codename" FROM "auth_permission" INNER JOIN "auths_user_user_permissions" ON ("auth_permission"."id" = "auths_user_user_permissions"."permission_id") INNER JOIN "django_content_type" ON ("auth_permission"."content_type_id" = "django_content_type"."id") WHERE "auths_user_user_permissions"."user_id" = '29ddfc04b6624eaaae57bad538a596eb' ORDER BY "django_content_type"."app_label" ASC, "django_content_type"."model" ASC, "auth_permission"."codename" ASC; args=('29ddfc04b6624eaaae57bad538a596eb',)
[2016-12-01 14:16:25] DEBUG [django.db.backends:90] (0.000) SELECT (1) AS "a" FROM "django_session" WHERE "django_session"."session_key" = 'fz0s9h6aijx89bcixc31llukey7f4wqa' LIMIT 1; args=('fz0s9h6aijx89bcixc31llukey7f4wqa',)
[2016-12-01 14:16:25] DEBUG [django.db.backends:90] (0.000) BEGIN; args=None
[2016-12-01 14:16:25] INFO [django.server:131] "GET /api/auths/localuserinfo/ HTTP/1.1" 200 435
[2016-12-01 14:16:25] DEBUG [django.db.backends:90] (0.001) INSERT INTO "django_session" ("session_key", "session_data", "expire_date") SELECT 'fz0s9h6aijx89bcixc31llukey7f4wqa', 'NTllMGI5ZTYyN2JkM2ZmOWVmZDE2ZWI1MWVmODQ0YzYyNjllYzM0Mjp7Il9zZXNzaW9uX2V4cGlyeSI6MzB9', '2016-12-01 19:16:55.750411'; args=('fz0s9h6aijx89bcixc31llukey7f4wqa', 'NTllMGI5ZTYyN2JkM2ZmOWVmZDE2ZWI1MWVmODQ0YzYyNjllYzM0Mjp7Il9zZXNzaW9uX2V4cGlyeSI6MzB9', '2016-12-01 19:16:55.750411')
[2016-12-01 14:16:25] INFO [django.server:131] "GET /api/auths/usermenu/ HTTP/1.1" 200 11
[2016-12-01 14:16:25] DEBUG [django.db.backends:90] (0.001) SELECT "oauth2_provider_accesstoken"."id", "oauth2_provider_accesstoken"."user_id", "oauth2_provider_accesstoken"."token", "oauth2_provider_accesstoken"."application_id", "oauth2_provider_accesstoken"."expires", "oauth2_provider_accesstoken"."scope", "auths_user"."password", "auths_user"."last_login", "auths_user"."is_superuser", "auths_user"."username", "auths_user"."first_name", "auths_user"."last_name", "auths_user"."email", "auths_user"."is_staff", "auths_user"."is_active", "auths_user"."date_joined", "auths_user"."id", "auths_user"."last_hierarchy_id", "auths_user"."last_module_id", "auths_user"."person_id", "auths_user"."updated_at", "auths_user"."registered_by", "oauth2_provider_application"."id", "oauth2_provider_application"."client_id", "oauth2_provider_application"."user_id", "oauth2_provider_application"."redirect_uris", "oauth2_provider_application"."client_type", "oauth2_provider_application"."authorization_grant_type", "oauth2_provider_application"."client_secret", "oauth2_provider_application"."name", "oauth2_provider_application"."skip_authorization" FROM "oauth2_provider_accesstoken" LEFT OUTER JOIN "auths_user" ON ("oauth2_provider_accesstoken"."user_id" = "auths_user"."id") INNER JOIN "oauth2_provider_application" ON ("oauth2_provider_accesstoken"."application_id" = "oauth2_provider_application"."id") WHERE "oauth2_provider_accesstoken"."token" = 'u1x8PNNWzUzknYdifNQLdJEHdIRupD'; args=('u1x8PNNWzUzknYdifNQLdJEHdIRupD',)
[2016-12-01 14:16:25] DEBUG [django.db.backends:90] (0.000) SELECT "oauth2_provider_accesstoken"."id", "oauth2_provider_accesstoken"."user_id", "oauth2_provider_accesstoken"."token", "oauth2_provider_accesstoken"."application_id", "oauth2_provider_accesstoken"."expires", "oauth2_provider_accesstoken"."scope", "auths_user"."password", "auths_user"."last_login", "auths_user"."is_superuser", "auths_user"."username", "auths_user"."first_name", "auths_user"."last_name", "auths_user"."email", "auths_user"."is_staff", "auths_user"."is_active", "auths_user"."date_joined", "auths_user"."id", "auths_user"."last_hierarchy_id", "auths_user"."last_module_id", "auths_user"."person_id", "auths_user"."updated_at", "auths_user"."registered_by", "oauth2_provider_application"."id", "oauth2_provider_application"."client_id", "oauth2_provider_application"."user_id", "oauth2_provider_application"."redirect_uris", "oauth2_provider_application"."client_type", "oauth2_provider_application"."authorization_grant_type", "oauth2_provider_application"."client_secret", "oauth2_provider_application"."name", "oauth2_provider_application"."skip_authorization" FROM "oauth2_provider_accesstoken" LEFT OUTER JOIN "auths_user" ON ("oauth2_provider_accesstoken"."user_id" = "auths_user"."id") INNER JOIN "oauth2_provider_application" ON ("oauth2_provider_accesstoken"."application_id" = "oauth2_provider_application"."id") WHERE "oauth2_provider_accesstoken"."token" = 'u1x8PNNWzUzknYdifNQLdJEHdIRupD'; args=('u1x8PNNWzUzknYdifNQLdJEHdIRupD',)
[2016-12-01 14:16:25] DEBUG [django.db.backends:90] (0.000) SELECT "registro_colegio"."id", "registro_colegio"."nombre", "registro_colegio"."direccion", "registro_colegio"."departamento", "registro_colegio"."provincia", "registro_colegio"."distrito", "registro_colegio"."telefono", "registro_colegio"."descripcion" FROM "registro_colegio"; args=()
[2016-12-01 14:16:25] INFO [django.server:131] "GET /api/registro/colegios/ HTTP/1.1" 200 1073
[2016-12-01 14:17:09] DEBUG [django.db.backends:90] (0.001) SELECT "oauth2_provider_accesstoken"."id", "oauth2_provider_accesstoken"."user_id", "oauth2_provider_accesstoken"."token", "oauth2_provider_accesstoken"."application_id", "oauth2_provider_accesstoken"."expires", "oauth2_provider_accesstoken"."scope", "auths_user"."password", "auths_user"."last_login", "auths_user"."is_superuser", "auths_user"."username", "auths_user"."first_name", "auths_user"."last_name", "auths_user"."email", "auths_user"."is_staff", "auths_user"."is_active", "auths_user"."date_joined", "auths_user"."id", "auths_user"."last_hierarchy_id", "auths_user"."last_module_id", "auths_user"."person_id", "auths_user"."updated_at", "auths_user"."registered_by", "oauth2_provider_application"."id", "oauth2_provider_application"."client_id", "oauth2_provider_application"."user_id", "oauth2_provider_application"."redirect_uris", "oauth2_provider_application"."client_type", "oauth2_provider_application"."authorization_grant_type", "oauth2_provider_application"."client_secret", "oauth2_provider_application"."name", "oauth2_provider_application"."skip_authorization" FROM "oauth2_provider_accesstoken" LEFT OUTER JOIN "auths_user" ON ("oauth2_provider_accesstoken"."user_id" = "auths_user"."id") INNER JOIN "oauth2_provider_application" ON ("oauth2_provider_accesstoken"."application_id" = "oauth2_provider_application"."id") WHERE "oauth2_provider_accesstoken"."token" = 'u1x8PNNWzUzknYdifNQLdJEHdIRupD'; args=('u1x8PNNWzUzknYdifNQLdJEHdIRupD',)
[2016-12-01 14:17:09] DEBUG [django.db.backends:90] (0.001) SELECT "oauth2_provider_accesstoken"."id", "oauth2_provider_accesstoken"."user_id", "oauth2_provider_accesstoken"."token", "oauth2_provider_accesstoken"."application_id", "oauth2_provider_accesstoken"."expires", "oauth2_provider_accesstoken"."scope", "auths_user"."password", "auths_user"."last_login", "auths_user"."is_superuser", "auths_user"."username", "auths_user"."first_name", "auths_user"."last_name", "auths_user"."email", "auths_user"."is_staff", "auths_user"."is_active", "auths_user"."date_joined", "auths_user"."id", "auths_user"."last_hierarchy_id", "auths_user"."last_module_id", "auths_user"."person_id", "auths_user"."updated_at", "auths_user"."registered_by", "oauth2_provider_application"."id", "oauth2_provider_application"."client_id", "oauth2_provider_application"."user_id", "oauth2_provider_application"."redirect_uris", "oauth2_provider_application"."client_type", "oauth2_provider_application"."authorization_grant_type", "oauth2_provider_application"."client_secret", "oauth2_provider_application"."name", "oauth2_provider_application"."skip_authorization" FROM "oauth2_provider_accesstoken" LEFT OUTER JOIN "auths_user" ON ("oauth2_provider_accesstoken"."user_id" = "auths_user"."id") INNER JOIN "oauth2_provider_application" ON ("oauth2_provider_accesstoken"."application_id" = "oauth2_provider_application"."id") WHERE "oauth2_provider_accesstoken"."token" = 'u1x8PNNWzUzknYdifNQLdJEHdIRupD'; args=('u1x8PNNWzUzknYdifNQLdJEHdIRupD',)
[2016-12-01 14:17:09] DEBUG [django.db.backends:90] (0.000) BEGIN; args=None
[2016-12-01 14:17:09] DEBUG [django.db.backends:90] (0.001) INSERT INTO "registro_colegio" ("nombre", "direccion", "departamento", "provincia", "distrito", "telefono", "descripcion") VALUES ('Las Mercedes', 'Jr.Sandia 159', 'Puno', 'San Roman', 'Juliaca', 95112365, 'Colegio verde'); args=['Las Mercedes', 'Jr.Sandia 159', 'Puno', 'San Roman', 'Juliaca', 95112365, 'Colegio verde']
[2016-12-01 14:17:09] INFO [django.server:131] "POST /api/registro/colegios/ HTTP/1.1" 201 177
[2016-12-01 14:17:12] DEBUG [django.db.backends:90] (0.001) SELECT "oauth2_provider_accesstoken"."id", "oauth2_provider_accesstoken"."user_id", "oauth2_provider_accesstoken"."token", "oauth2_provider_accesstoken"."application_id", "oauth2_provider_accesstoken"."expires", "oauth2_provider_accesstoken"."scope", "auths_user"."password", "auths_user"."last_login", "auths_user"."is_superuser", "auths_user"."username", "auths_user"."first_name", "auths_user"."last_name", "auths_user"."email", "auths_user"."is_staff", "auths_user"."is_active", "auths_user"."date_joined", "auths_user"."id", "auths_user"."last_hierarchy_id", "auths_user"."last_module_id", "auths_user"."person_id", "auths_user"."updated_at", "auths_user"."registered_by", "oauth2_provider_application"."id", "oauth2_provider_application"."client_id", "oauth2_provider_application"."user_id", "oauth2_provider_application"."redirect_uris", "oauth2_provider_application"."client_type", "oauth2_provider_application"."authorization_grant_type", "oauth2_provider_application"."client_secret", "oauth2_provider_application"."name", "oauth2_provider_application"."skip_authorization" FROM "oauth2_provider_accesstoken" LEFT OUTER JOIN "auths_user" ON ("oauth2_provider_accesstoken"."user_id" = "auths_user"."id") INNER JOIN "oauth2_provider_application" ON ("oauth2_provider_accesstoken"."application_id" = "oauth2_provider_application"."id") WHERE "oauth2_provider_accesstoken"."token" = 'u1x8PNNWzUzknYdifNQLdJEHdIRupD'; args=('u1x8PNNWzUzknYdifNQLdJEHdIRupD',)
[2016-12-01 14:17:12] DEBUG [django.db.backends:90] (0.000) SELECT "oauth2_provider_accesstoken"."id", "oauth2_provider_accesstoken"."user_id", "oauth2_provider_accesstoken"."token", "oauth2_provider_accesstoken"."application_id", "oauth2_provider_accesstoken"."expires", "oauth2_provider_accesstoken"."scope", "auths_user"."password", "auths_user"."last_login", "auths_user"."is_superuser", "auths_user"."username", "auths_user"."first_name", "auths_user"."last_name", "auths_user"."email", "auths_user"."is_staff", "auths_user"."is_active", "auths_user"."date_joined", "auths_user"."id", "auths_user"."last_hierarchy_id", "auths_user"."last_module_id", "auths_user"."person_id", "auths_user"."updated_at", "auths_user"."registered_by", "oauth2_provider_application"."id", "oauth2_provider_application"."client_id", "oauth2_provider_application"."user_id", "oauth2_provider_application"."redirect_uris", "oauth2_provider_application"."client_type", "oauth2_provider_application"."authorization_grant_type", "oauth2_provider_application"."client_secret", "oauth2_provider_application"."name", "oauth2_provider_application"."skip_authorization" FROM "oauth2_provider_accesstoken" LEFT OUTER JOIN "auths_user" ON ("oauth2_provider_accesstoken"."user_id" = "auths_user"."id") INNER JOIN "oauth2_provider_application" ON ("oauth2_provider_accesstoken"."application_id" = "oauth2_provider_application"."id") WHERE "oauth2_provider_accesstoken"."token" = 'u1x8PNNWzUzknYdifNQLdJEHdIRupD'; args=('u1x8PNNWzUzknYdifNQLdJEHdIRupD',)
[2016-12-01 14:17:12] DEBUG [django.db.backends:90] (0.000) SELECT "registro_colegio"."id", "registro_colegio"."nombre", "registro_colegio"."direccion", "registro_colegio"."departamento", "registro_colegio"."provincia", "registro_colegio"."distrito", "registro_colegio"."telefono", "registro_colegio"."descripcion" FROM "registro_colegio"; args=()
[2016-12-01 14:17:12] INFO [django.server:131] "GET /api/registro/colegios/ HTTP/1.1" 200 1251
[2016-12-01 14:17:21] INFO [django.server:131] "OPTIONS /api/registro/cargosescolares/ HTTP/1.1" 200 0
[2016-12-01 14:17:21] DEBUG [django.db.backends:90] (0.001) SELECT "oauth2_provider_accesstoken"."id", "oauth2_provider_accesstoken"."user_id", "oauth2_provider_accesstoken"."token", "oauth2_provider_accesstoken"."application_id", "oauth2_provider_accesstoken"."expires", "oauth2_provider_accesstoken"."scope", "auths_user"."password", "auths_user"."last_login", "auths_user"."is_superuser", "auths_user"."username", "auths_user"."first_name", "auths_user"."last_name", "auths_user"."email", "auths_user"."is_staff", "auths_user"."is_active", "auths_user"."date_joined", "auths_user"."id", "auths_user"."last_hierarchy_id", "auths_user"."last_module_id", "auths_user"."person_id", "auths_user"."updated_at", "auths_user"."registered_by", "oauth2_provider_application"."id", "oauth2_provider_application"."client_id", "oauth2_provider_application"."user_id", "oauth2_provider_application"."redirect_uris", "oauth2_provider_application"."client_type", "oauth2_provider_application"."authorization_grant_type", "oauth2_provider_application"."client_secret", "oauth2_provider_application"."name", "oauth2_provider_application"."skip_authorization" FROM "oauth2_provider_accesstoken" LEFT OUTER JOIN "auths_user" ON ("oauth2_provider_accesstoken"."user_id" = "auths_user"."id") INNER JOIN "oauth2_provider_application" ON ("oauth2_provider_accesstoken"."application_id" = "oauth2_provider_application"."id") WHERE "oauth2_provider_accesstoken"."token" = 'u1x8PNNWzUzknYdifNQLdJEHdIRupD'; args=('u1x8PNNWzUzknYdifNQLdJEHdIRupD',)
[2016-12-01 14:17:21] DEBUG [django.db.backends:90] (0.000) SELECT "oauth2_provider_accesstoken"."id", "oauth2_provider_accesstoken"."user_id", "oauth2_provider_accesstoken"."token", "oauth2_provider_accesstoken"."application_id", "oauth2_provider_accesstoken"."expires", "oauth2_provider_accesstoken"."scope", "auths_user"."password", "auths_user"."last_login", "auths_user"."is_superuser", "auths_user"."username", "auths_user"."first_name", "auths_user"."last_name", "auths_user"."email", "auths_user"."is_staff", "auths_user"."is_active", "auths_user"."date_joined", "auths_user"."id", "auths_user"."last_hierarchy_id", "auths_user"."last_module_id", "auths_user"."person_id", "auths_user"."updated_at", "auths_user"."registered_by", "oauth2_provider_application"."id", "oauth2_provider_application"."client_id", "oauth2_provider_application"."user_id", "oauth2_provider_application"."redirect_uris", "oauth2_provider_application"."client_type", "oauth2_provider_application"."authorization_grant_type", "oauth2_provider_application"."client_secret", "oauth2_provider_application"."name", "oauth2_provider_application"."skip_authorization" FROM "oauth2_provider_accesstoken" LEFT OUTER JOIN "auths_user" ON ("oauth2_provider_accesstoken"."user_id" = "auths_user"."id") INNER JOIN "oauth2_provider_application" ON ("oauth2_provider_accesstoken"."application_id" = "oauth2_provider_application"."id") WHERE "oauth2_provider_accesstoken"."token" = 'u1x8PNNWzUzknYdifNQLdJEHdIRupD'; args=('u1x8PNNWzUzknYdifNQLdJEHdIRupD',)
[2016-12-01 14:17:21] DEBUG [django.db.backends:90] (0.000) SELECT "registro_cargoescolar"."id", "registro_cargoescolar"."nombre", "registro_cargoescolar"."tipo" FROM "registro_cargoescolar"; args=()
[2016-12-01 14:17:21] INFO [django.server:131] "GET /api/registro/cargosescolares/ HTTP/1.1" 200 232
[2016-12-01 14:17:22] INFO [django.server:131] "OPTIONS /api/registro/cargaacademica/ HTTP/1.1" 200 0
[2016-12-01 14:17:22] DEBUG [django.db.backends:90] (0.001) SELECT "oauth2_provider_accesstoken"."id", "oauth2_provider_accesstoken"."user_id", "oauth2_provider_accesstoken"."token", "oauth2_provider_accesstoken"."application_id", "oauth2_provider_accesstoken"."expires", "oauth2_provider_accesstoken"."scope", "auths_user"."password", "auths_user"."last_login", "auths_user"."is_superuser", "auths_user"."username", "auths_user"."first_name", "auths_user"."last_name", "auths_user"."email", "auths_user"."is_staff", "auths_user"."is_active", "auths_user"."date_joined", "auths_user"."id", "auths_user"."last_hierarchy_id", "auths_user"."last_module_id", "auths_user"."person_id", "auths_user"."updated_at", "auths_user"."registered_by", "oauth2_provider_application"."id", "oauth2_provider_application"."client_id", "oauth2_provider_application"."user_id", "oauth2_provider_application"."redirect_uris", "oauth2_provider_application"."client_type", "oauth2_provider_application"."authorization_grant_type", "oauth2_provider_application"."client_secret", "oauth2_provider_application"."name", "oauth2_provider_application"."skip_authorization" FROM "oauth2_provider_accesstoken" LEFT OUTER JOIN "auths_user" ON ("oauth2_provider_accesstoken"."user_id" = "auths_user"."id") INNER JOIN "oauth2_provider_application" ON ("oauth2_provider_accesstoken"."application_id" = "oauth2_provider_application"."id") WHERE "oauth2_provider_accesstoken"."token" = 'u1x8PNNWzUzknYdifNQLdJEHdIRupD'; args=('u1x8PNNWzUzknYdifNQLdJEHdIRupD',)
[2016-12-01 14:17:22] DEBUG [django.template:929] Exception while resolving variable 'name' in template 'unknown'.
Traceback (most recent call last):
  File "C:\Users\Alumnos\Documents\sysce\ve_sysce\lib\site-packages\django\core\handlers\exception.py", line 39, in inner
    response = get_response(request)
  File "C:\Users\Alumnos\Documents\sysce\ve_sysce\lib\site-packages\django\core\handlers\base.py", line 249, in _legacy_get_response
    response = self._get_response(request)
  File "C:\Users\Alumnos\Documents\sysce\ve_sysce\lib\site-packages\django\core\handlers\base.py", line 172, in _get_response
    resolver_match = resolver.resolve(request.path_info)
  File "C:\Users\Alumnos\Documents\sysce\ve_sysce\lib\site-packages\django\urls\resolvers.py", line 300, in resolve
    raise Resolver404({'tried': tried, 'path': new_path})
django.urls.exceptions.Resolver404: {'path': 'api/registro/cargaacademica/', 'tried': [[<RegexURLResolver <RegexURLPattern list> (admin:admin) ^admin/>], [<RegexURLResolver <module 'django.contrib.admindocs.urls' from 'C:\\Users\\Alumnos\\Documents\\sysce\\ve_sysce\\lib\\site-packages\\django\\contrib\\admindocs\\urls.py'> (None:None) ^admin/doc/>], [<RegexURLResolver <module 'rest_framework.urls' from 'C:\\Users\\Alumnos\\Documents\\sysce\\ve_sysce\\lib\\site-packages\\rest_framework\\urls.py'> (rest_framework:rest_framework) ^api-auth/>], [<RegexURLResolver <module 'oauth2_provider.urls' from 'C:\\Users\\Alumnos\\Documents\\sysce\\ve_sysce\\lib\\site-packages\\oauth2_provider\\urls.py'> (None:oauth2_provider) ^o/>], [<RegexURLResolver <module 'sysce_service_apps.auths_api.urls' from 'C:\\Users\\Alumnos\\Documents\\sysce\\sysce_service\\sysce_service_apps\\auths_api\\urls.py'> (None:None) ^api/auths/>], [<RegexURLResolver <module 'sysce_service_apps.registro_api.urls' from 'C:\\Users\\Alumnos\\Documents\\sysce\\sysce_service\\sysce_service_apps\\registro_api\\urls.py'> (None:None) ^api/registro/>, <RegexURLResolver <RegexURLPattern list> (None:None) ^>, <RegexURLPattern alumno-view-list ^alumnos/$>], [<RegexURLResolver <module 'sysce_service_apps.registro_api.urls' from 'C:\\Users\\Alumnos\\Documents\\sysce\\sysce_service\\sysce_service_apps\\registro_api\\urls.py'> (None:None) ^api/registro/>, <RegexURLResolver <RegexURLPattern list> (None:None) ^>, <RegexURLPattern alumno-view-list ^alumnos\.(?P<format>[a-z0-9]+)/?$>], [<RegexURLResolver <module 'sysce_service_apps.registro_api.urls' from 'C:\\Users\\Alumnos\\Documents\\sysce\\sysce_service\\sysce_service_apps\\registro_api\\urls.py'> (None:None) ^api/registro/>, <RegexURLResolver <RegexURLPattern list> (None:None) ^>, <RegexURLPattern alumno-view-detail ^alumnos/(?P<pk>[^/.]+)/$>], [<RegexURLResolver <module 'sysce_service_apps.registro_api.urls' from 'C:\\Users\\Alumnos\\Documents\\sysce\\sysce_service\\sysce_service_apps\\registro_api\\urls.py'> (None:None) ^api/registro/>, <RegexURLResolver <RegexURLPattern list> (None:None) ^>, <RegexURLPattern alumno-view-detail ^alumnos/(?P<pk>[^/.]+)\.(?P<format>[a-z0-9]+)/?$>], [<RegexURLResolver <module 'sysce_service_apps.registro_api.urls' from 'C:\\Users\\Alumnos\\Documents\\sysce\\sysce_service\\sysce_service_apps\\registro_api\\urls.py'> (None:None) ^api/registro/>, <RegexURLResolver <RegexURLPattern list> (None:None) ^>, <RegexURLPattern persona-view-list ^personas/$>], [<RegexURLResolver <module 'sysce_service_apps.registro_api.urls' from 'C:\\Users\\Alumnos\\Documents\\sysce\\sysce_service\\sysce_service_apps\\registro_api\\urls.py'> (None:None) ^api/registro/>, <RegexURLResolver <RegexURLPattern list> (None:None) ^>, <RegexURLPattern persona-view-list ^personas\.(?P<format>[a-z0-9]+)/?$>], [<RegexURLResolver <module 'sysce_service_apps.registro_api.urls' from 'C:\\Users\\Alumnos\\Documents\\sysce\\sysce_service\\sysce_service_apps\\registro_api\\urls.py'> (None:None) ^api/registro/>, <RegexURLResolver <RegexURLPattern list> (None:None) ^>, <RegexURLPattern persona-view-export ^personas/export/$>], [<RegexURLResolver <module 'sysce_service_apps.registro_api.urls' from 'C:\\Users\\Alumnos\\Documents\\sysce\\sysce_service\\sysce_service_apps\\registro_api\\urls.py'> (None:None) ^api/registro/>, <RegexURLResolver <RegexURLPattern list> (None:None) ^>, <RegexURLPattern persona-view-export ^personas/export\.(?P<format>[a-z0-9]+)/?$>], [<RegexURLResolver <module 'sysce_service_apps.registro_api.urls' from 'C:\\Users\\Alumnos\\Documents\\sysce\\sysce_service\\sysce_service_apps\\registro_api\\urls.py'> (None:None) ^api/registro/>, <RegexURLResolver <RegexURLPattern list> (None:None) ^>, <RegexURLPattern persona-view-detail ^personas/(?P<pk>[^/.]+)/$>], [<RegexURLResolver <module 'sysce_service_apps.registro_api.urls' from 'C:\\Users\\Alumnos\\Documents\\sysce\\sysce_service\\sysce_service_apps\\registro_api\\urls.py'> (None:None) ^api/registro/>, <RegexURLResolver <RegexURLPattern list> (None:None) ^>, <RegexURLPattern persona-view-detail ^personas/(?P<pk>[^/.]+)\.(?P<format>[a-z0-9]+)/?$>], [<RegexURLResolver <module 'sysce_service_apps.registro_api.urls' from 'C:\\Users\\Alumnos\\Documents\\sysce\\sysce_service\\sysce_service_apps\\registro_api\\urls.py'> (None:None) ^api/registro/>, <RegexURLResolver <RegexURLPattern list> (None:None) ^>, <RegexURLPattern curso-view-list ^cursos/$>], [<RegexURLResolver <module 'sysce_service_apps.registro_api.urls' from 'C:\\Users\\Alumnos\\Documents\\sysce\\sysce_service\\sysce_service_apps\\registro_api\\urls.py'> (None:None) ^api/registro/>, <RegexURLResolver <RegexURLPattern list> (None:None) ^>, <RegexURLPattern curso-view-list ^cursos\.(?P<format>[a-z0-9]+)/?$>], [<RegexURLResolver <module 'sysce_service_apps.registro_api.urls' from 'C:\\Users\\Alumnos\\Documents\\sysce\\sysce_service\\sysce_service_apps\\registro_api\\urls.py'> (None:None) ^api/registro/>, <RegexURLResolver <RegexURLPattern list> (None:None) ^>, <RegexURLPattern curso-view-detail ^cursos/(?P<pk>[^/.]+)/$>], [<RegexURLResolver <module 'sysce_service_apps.registro_api.urls' from 'C:\\Users\\Alumnos\\Documents\\sysce\\sysce_service\\sysce_service_apps\\registro_api\\urls.py'> (None:None) ^api/registro/>, <RegexURLResolver <RegexURLPattern list> (None:None) ^>, <RegexURLPattern curso-view-detail ^cursos/(?P<pk>[^/.]+)\.(?P<format>[a-z0-9]+)/?$>], [<RegexURLResolver <module 'sysce_service_apps.registro_api.urls' from 'C:\\Users\\Alumnos\\Documents\\sysce\\sysce_service\\sysce_service_apps\\registro_api\\urls.py'> (None:None) ^api/registro/>, <RegexURLResolver <RegexURLPattern list> (None:None) ^>, <RegexURLPattern colegio-view-list ^colegios/$>], [<RegexURLResolver <module 'sysce_service_apps.registro_api.urls' from 'C:\\Users\\Alumnos\\Documents\\sysce\\sysce_service\\sysce_service_apps\\registro_api\\urls.py'> (None:None) ^api/registro/>, <RegexURLResolver <RegexURLPattern list> (None:None) ^>, <RegexURLPattern colegio-view-list ^colegios\.(?P<format>[a-z0-9]+)/?$>], [<RegexURLResolver <module 'sysce_service_apps.registro_api.urls' from 'C:\\Users\\Alumnos\\Documents\\sysce\\sysce_service\\sysce_service_apps\\registro_api\\urls.py'> (None:None) ^api/registro/>, <RegexURLResolver <RegexURLPattern list> (None:None) ^>, <RegexURLPattern colegio-view-detail ^colegios/(?P<pk>[^/.]+)/$>], [<RegexURLResolver <module 'sysce_service_apps.registro_api.urls' from 'C:\\Users\\Alumnos\\Documents\\sysce\\sysce_service\\sysce_service_apps\\registro_api\\urls.py'> (None:None) ^api/registro/>, <RegexURLResolver <RegexURLPattern list> (None:None) ^>, <RegexURLPattern colegio-view-detail ^colegios/(?P<pk>[^/.]+)\.(?P<format>[a-z0-9]+)/?$>], [<RegexURLResolver <module 'sysce_service_apps.registro_api.urls' from 'C:\\Users\\Alumnos\\Documents\\sysce\\sysce_service\\sysce_service_apps\\registro_api\\urls.py'> (None:None) ^api/registro/>, <RegexURLResolver <RegexURLPattern list> (None:None) ^>, <RegexURLPattern cargoescolar-view-list ^cargosescolares/$>], [<RegexURLResolver <module 'sysce_service_apps.registro_api.urls' from 'C:\\Users\\Alumnos\\Documents\\sysce\\sysce_service\\sysce_service_apps\\registro_api\\urls.py'> (None:None) ^api/registro/>, <RegexURLResolver <RegexURLPattern list> (None:None) ^>, <RegexURLPattern cargoescolar-view-list ^cargosescolares\.(?P<format>[a-z0-9]+)/?$>], [<RegexURLResolver <module 'sysce_service_apps.registro_api.urls' from 'C:\\Users\\Alumnos\\Documents\\sysce\\sysce_service\\sysce_service_apps\\registro_api\\urls.py'> (None:None) ^api/registro/>, <RegexURLResolver <RegexURLPattern list> (None:None) ^>, <RegexURLPattern cargoescolar-view-detail ^cargosescolares/(?P<pk>[^/.]+)/$>], [<RegexURLResolver <module 'sysce_service_apps.registro_api.urls' from 'C:\\Users\\Alumnos\\Documents\\sysce\\sysce_service\\sysce_service_apps\\registro_api\\urls.py'> (None:None) ^api/registro/>, <RegexURLResolver <RegexURLPattern list> (None:None) ^>, <RegexURLPattern cargoescolar-view-detail ^cargosescolares/(?P<pk>[^/.]+)\.(?P<format>[a-z0-9]+)/?$>], [<RegexURLResolver <module 'sysce_service_apps.registro_api.urls' from 'C:\\Users\\Alumnos\\Documents\\sysce\\sysce_service\\sysce_service_apps\\registro_api\\urls.py'> (None:None) ^api/registro/>, <RegexURLResolver <RegexURLPattern list> (None:None) ^>, <RegexURLPattern salon-view-list ^salones/$>], [<RegexURLResolver <module 'sysce_service_apps.registro_api.urls' from 'C:\\Users\\Alumnos\\Documents\\sysce\\sysce_service\\sysce_service_apps\\registro_api\\urls.py'> (None:None) ^api/registro/>, <RegexURLResolver <RegexURLPattern list> (None:None) ^>, <RegexURLPattern salon-view-list ^salones\.(?P<format>[a-z0-9]+)/?$>], [<RegexURLResolver <module 'sysce_service_apps.registro_api.urls' from 'C:\\Users\\Alumnos\\Documents\\sysce\\sysce_service\\sysce_service_apps\\registro_api\\urls.py'> (None:None) ^api/registro/>, <RegexURLResolver <RegexURLPattern list> (None:None) ^>, <RegexURLPattern salon-view-detail ^salones/(?P<pk>[^/.]+)/$>], [<RegexURLResolver <module 'sysce_service_apps.registro_api.urls' from 'C:\\Users\\Alumnos\\Documents\\sysce\\sysce_service\\sysce_service_apps\\registro_api\\urls.py'> (None:None) ^api/registro/>, <RegexURLResolver <RegexURLPattern list> (None:None) ^>, <RegexURLPattern salon-view-detail ^salones/(?P<pk>[^/.]+)\.(?P<format>[a-z0-9]+)/?$>], [<RegexURLResolver <module 'sysce_service_apps.registro_api.urls' from 'C:\\Users\\Alumnos\\Documents\\sysce\\sysce_service\\sysce_service_apps\\registro_api\\urls.py'> (None:None) ^api/registro/>, <RegexURLResolver <RegexURLPattern list> (None:None) ^>, <RegexURLPattern docente-view-list ^docente/$>], [<RegexURLResolver <module 'sysce_service_apps.registro_api.urls' from 'C:\\Users\\Alumnos\\Documents\\sysce\\sysce_service\\sysce_service_apps\\registro_api\\urls.py'> (None:None) ^api/registro/>, <RegexURLResolver <RegexURLPattern list> (None:None) ^>, <RegexURLPattern docente-view-list ^docente\.(?P<format>[a-z0-9]+)/?$>], [<RegexURLResolver <module 'sysce_service_apps.registro_api.urls' from 'C:\\Users\\Alumnos\\Documents\\sysce\\sysce_service\\sysce_service_apps\\registro_api\\urls.py'> (None:None) ^api/registro/>, <RegexURLResolver <RegexURLPattern list> (None:None) ^>, <RegexURLPattern docente-view-detail ^docente/(?P<pk>[^/.]+)/$>], [<RegexURLResolver <module 'sysce_service_apps.registro_api.urls' from 'C:\\Users\\Alumnos\\Documents\\sysce\\sysce_service\\sysce_service_apps\\registro_api\\urls.py'> (None:None) ^api/registro/>, <RegexURLResolver <RegexURLPattern list> (None:None) ^>, <RegexURLPattern docente-view-detail ^docente/(?P<pk>[^/.]+)\.(?P<format>[a-z0-9]+)/?$>], [<RegexURLResolver <module 'sysce_service_apps.registro_api.urls' from 'C:\\Users\\Alumnos\\Documents\\sysce\\sysce_service\\sysce_service_apps\\registro_api\\urls.py'> (None:None) ^api/registro/>, <RegexURLResolver <RegexURLPattern list> (None:None) ^>, <RegexURLPattern api-root ^$>], [<RegexURLResolver <module 'sysce_service_apps.registro_api.urls' from 'C:\\Users\\Alumnos\\Documents\\sysce\\sysce_service\\sysce_service_apps\\registro_api\\urls.py'> (None:None) ^api/registro/>, <RegexURLResolver <RegexURLPattern list> (None:None) ^>, <RegexURLPattern api-root ^\.(?P<format>[a-z0-9]+)/?$>]]}

During handling of the above exception, another exception occurred:

Traceback (most recent call last):
  File "C:\Users\Alumnos\Documents\sysce\ve_sysce\lib\site-packages\django\template\base.py", line 885, in _resolve_lookup
    current = current[bit]
TypeError: 'RegexURLResolver' object is not subscriptable

During handling of the above exception, another exception occurred:

Traceback (most recent call last):
  File "C:\Users\Alumnos\Documents\sysce\ve_sysce\lib\site-packages\django\template\base.py", line 893, in _resolve_lookup
    current = getattr(current, bit)
AttributeError: 'RegexURLResolver' object has no attribute 'name'

During handling of the above exception, another exception occurred:

Traceback (most recent call last):
  File "C:\Users\Alumnos\Documents\sysce\ve_sysce\lib\site-packages\django\template\base.py", line 900, in _resolve_lookup
    current = current[int(bit)]
ValueError: invalid literal for int() with base 10: 'name'

During handling of the above exception, another exception occurred:

Traceback (most recent call last):
  File "C:\Users\Alumnos\Documents\sysce\ve_sysce\lib\site-packages\django\template\base.py", line 907, in _resolve_lookup
    (bit, current))  # missing attribute
django.template.base.VariableDoesNotExist: Failed lookup for key [name] in '<RegexURLResolver <RegexURLPattern list> (admin:admin) ^admin/>'
[2016-12-01 14:17:22] DEBUG [django.template:929] Exception while resolving variable 'name' in template 'unknown'.
Traceback (most recent call last):
  File "C:\Users\Alumnos\Documents\sysce\ve_sysce\lib\site-packages\django\core\handlers\exception.py", line 39, in inner
    response = get_response(request)
  File "C:\Users\Alumnos\Documents\sysce\ve_sysce\lib\site-packages\django\core\handlers\base.py", line 249, in _legacy_get_response
    response = self._get_response(request)
  File "C:\Users\Alumnos\Documents\sysce\ve_sysce\lib\site-packages\django\core\handlers\base.py", line 172, in _get_response
    resolver_match = resolver.resolve(request.path_info)
  File "C:\Users\Alumnos\Documents\sysce\ve_sysce\lib\site-packages\django\urls\resolvers.py", line 300, in resolve
    raise Resolver404({'tried': tried, 'path': new_path})
django.urls.exceptions.Resolver404: {'path': 'api/registro/cargaacademica/', 'tried': [[<RegexURLResolver <RegexURLPattern list> (admin:admin) ^admin/>], [<RegexURLResolver <module 'django.contrib.admindocs.urls' from 'C:\\Users\\Alumnos\\Documents\\sysce\\ve_sysce\\lib\\site-packages\\django\\contrib\\admindocs\\urls.py'> (None:None) ^admin/doc/>], [<RegexURLResolver <module 'rest_framework.urls' from 'C:\\Users\\Alumnos\\Documents\\sysce\\ve_sysce\\lib\\site-packages\\rest_framework\\urls.py'> (rest_framework:rest_framework) ^api-auth/>], [<RegexURLResolver <module 'oauth2_provider.urls' from 'C:\\Users\\Alumnos\\Documents\\sysce\\ve_sysce\\lib\\site-packages\\oauth2_provider\\urls.py'> (None:oauth2_provider) ^o/>], [<RegexURLResolver <module 'sysce_service_apps.auths_api.urls' from 'C:\\Users\\Alumnos\\Documents\\sysce\\sysce_service\\sysce_service_apps\\auths_api\\urls.py'> (None:None) ^api/auths/>], [<RegexURLResolver <module 'sysce_service_apps.registro_api.urls' from 'C:\\Users\\Alumnos\\Documents\\sysce\\sysce_service\\sysce_service_apps\\registro_api\\urls.py'> (None:None) ^api/registro/>, <RegexURLResolver <RegexURLPattern list> (None:None) ^>, <RegexURLPattern alumno-view-list ^alumnos/$>], [<RegexURLResolver <module 'sysce_service_apps.registro_api.urls' from 'C:\\Users\\Alumnos\\Documents\\sysce\\sysce_service\\sysce_service_apps\\registro_api\\urls.py'> (None:None) ^api/registro/>, <RegexURLResolver <RegexURLPattern list> (None:None) ^>, <RegexURLPattern alumno-view-list ^alumnos\.(?P<format>[a-z0-9]+)/?$>], [<RegexURLResolver <module 'sysce_service_apps.registro_api.urls' from 'C:\\Users\\Alumnos\\Documents\\sysce\\sysce_service\\sysce_service_apps\\registro_api\\urls.py'> (None:None) ^api/registro/>, <RegexURLResolver <RegexURLPattern list> (None:None) ^>, <RegexURLPattern alumno-view-detail ^alumnos/(?P<pk>[^/.]+)/$>], [<RegexURLResolver <module 'sysce_service_apps.registro_api.urls' from 'C:\\Users\\Alumnos\\Documents\\sysce\\sysce_service\\sysce_service_apps\\registro_api\\urls.py'> (None:None) ^api/registro/>, <RegexURLResolver <RegexURLPattern list> (None:None) ^>, <RegexURLPattern alumno-view-detail ^alumnos/(?P<pk>[^/.]+)\.(?P<format>[a-z0-9]+)/?$>], [<RegexURLResolver <module 'sysce_service_apps.registro_api.urls' from 'C:\\Users\\Alumnos\\Documents\\sysce\\sysce_service\\sysce_service_apps\\registro_api\\urls.py'> (None:None) ^api/registro/>, <RegexURLResolver <RegexURLPattern list> (None:None) ^>, <RegexURLPattern persona-view-list ^personas/$>], [<RegexURLResolver <module 'sysce_service_apps.registro_api.urls' from 'C:\\Users\\Alumnos\\Documents\\sysce\\sysce_service\\sysce_service_apps\\registro_api\\urls.py'> (None:None) ^api/registro/>, <RegexURLResolver <RegexURLPattern list> (None:None) ^>, <RegexURLPattern persona-view-list ^personas\.(?P<format>[a-z0-9]+)/?$>], [<RegexURLResolver <module 'sysce_service_apps.registro_api.urls' from 'C:\\Users\\Alumnos\\Documents\\sysce\\sysce_service\\sysce_service_apps\\registro_api\\urls.py'> (None:None) ^api/registro/>, <RegexURLResolver <RegexURLPattern list> (None:None) ^>, <RegexURLPattern persona-view-export ^personas/export/$>], [<RegexURLResolver <module 'sysce_service_apps.registro_api.urls' from 'C:\\Users\\Alumnos\\Documents\\sysce\\sysce_service\\sysce_service_apps\\registro_api\\urls.py'> (None:None) ^api/registro/>, <RegexURLResolver <RegexURLPattern list> (None:None) ^>, <RegexURLPattern persona-view-export ^personas/export\.(?P<format>[a-z0-9]+)/?$>], [<RegexURLResolver <module 'sysce_service_apps.registro_api.urls' from 'C:\\Users\\Alumnos\\Documents\\sysce\\sysce_service\\sysce_service_apps\\registro_api\\urls.py'> (None:None) ^api/registro/>, <RegexURLResolver <RegexURLPattern list> (None:None) ^>, <RegexURLPattern persona-view-detail ^personas/(?P<pk>[^/.]+)/$>], [<RegexURLResolver <module 'sysce_service_apps.registro_api.urls' from 'C:\\Users\\Alumnos\\Documents\\sysce\\sysce_service\\sysce_service_apps\\registro_api\\urls.py'> (None:None) ^api/registro/>, <RegexURLResolver <RegexURLPattern list> (None:None) ^>, <RegexURLPattern persona-view-detail ^personas/(?P<pk>[^/.]+)\.(?P<format>[a-z0-9]+)/?$>], [<RegexURLResolver <module 'sysce_service_apps.registro_api.urls' from 'C:\\Users\\Alumnos\\Documents\\sysce\\sysce_service\\sysce_service_apps\\registro_api\\urls.py'> (None:None) ^api/registro/>, <RegexURLResolver <RegexURLPattern list> (None:None) ^>, <RegexURLPattern curso-view-list ^cursos/$>], [<RegexURLResolver <module 'sysce_service_apps.registro_api.urls' from 'C:\\Users\\Alumnos\\Documents\\sysce\\sysce_service\\sysce_service_apps\\registro_api\\urls.py'> (None:None) ^api/registro/>, <RegexURLResolver <RegexURLPattern list> (None:None) ^>, <RegexURLPattern curso-view-list ^cursos\.(?P<format>[a-z0-9]+)/?$>], [<RegexURLResolver <module 'sysce_service_apps.registro_api.urls' from 'C:\\Users\\Alumnos\\Documents\\sysce\\sysce_service\\sysce_service_apps\\registro_api\\urls.py'> (None:None) ^api/registro/>, <RegexURLResolver <RegexURLPattern list> (None:None) ^>, <RegexURLPattern curso-view-detail ^cursos/(?P<pk>[^/.]+)/$>], [<RegexURLResolver <module 'sysce_service_apps.registro_api.urls' from 'C:\\Users\\Alumnos\\Documents\\sysce\\sysce_service\\sysce_service_apps\\registro_api\\urls.py'> (None:None) ^api/registro/>, <RegexURLResolver <RegexURLPattern list> (None:None) ^>, <RegexURLPattern curso-view-detail ^cursos/(?P<pk>[^/.]+)\.(?P<format>[a-z0-9]+)/?$>], [<RegexURLResolver <module 'sysce_service_apps.registro_api.urls' from 'C:\\Users\\Alumnos\\Documents\\sysce\\sysce_service\\sysce_service_apps\\registro_api\\urls.py'> (None:None) ^api/registro/>, <RegexURLResolver <RegexURLPattern list> (None:None) ^>, <RegexURLPattern colegio-view-list ^colegios/$>], [<RegexURLResolver <module 'sysce_service_apps.registro_api.urls' from 'C:\\Users\\Alumnos\\Documents\\sysce\\sysce_service\\sysce_service_apps\\registro_api\\urls.py'> (None:None) ^api/registro/>, <RegexURLResolver <RegexURLPattern list> (None:None) ^>, <RegexURLPattern colegio-view-list ^colegios\.(?P<format>[a-z0-9]+)/?$>], [<RegexURLResolver <module 'sysce_service_apps.registro_api.urls' from 'C:\\Users\\Alumnos\\Documents\\sysce\\sysce_service\\sysce_service_apps\\registro_api\\urls.py'> (None:None) ^api/registro/>, <RegexURLResolver <RegexURLPattern list> (None:None) ^>, <RegexURLPattern colegio-view-detail ^colegios/(?P<pk>[^/.]+)/$>], [<RegexURLResolver <module 'sysce_service_apps.registro_api.urls' from 'C:\\Users\\Alumnos\\Documents\\sysce\\sysce_service\\sysce_service_apps\\registro_api\\urls.py'> (None:None) ^api/registro/>, <RegexURLResolver <RegexURLPattern list> (None:None) ^>, <RegexURLPattern colegio-view-detail ^colegios/(?P<pk>[^/.]+)\.(?P<format>[a-z0-9]+)/?$>], [<RegexURLResolver <module 'sysce_service_apps.registro_api.urls' from 'C:\\Users\\Alumnos\\Documents\\sysce\\sysce_service\\sysce_service_apps\\registro_api\\urls.py'> (None:None) ^api/registro/>, <RegexURLResolver <RegexURLPattern list> (None:None) ^>, <RegexURLPattern cargoescolar-view-list ^cargosescolares/$>], [<RegexURLResolver <module 'sysce_service_apps.registro_api.urls' from 'C:\\Users\\Alumnos\\Documents\\sysce\\sysce_service\\sysce_service_apps\\registro_api\\urls.py'> (None:None) ^api/registro/>, <RegexURLResolver <RegexURLPattern list> (None:None) ^>, <RegexURLPattern cargoescolar-view-list ^cargosescolares\.(?P<format>[a-z0-9]+)/?$>], [<RegexURLResolver <module 'sysce_service_apps.registro_api.urls' from 'C:\\Users\\Alumnos\\Documents\\sysce\\sysce_service\\sysce_service_apps\\registro_api\\urls.py'> (None:None) ^api/registro/>, <RegexURLResolver <RegexURLPattern list> (None:None) ^>, <RegexURLPattern cargoescolar-view-detail ^cargosescolares/(?P<pk>[^/.]+)/$>], [<RegexURLResolver <module 'sysce_service_apps.registro_api.urls' from 'C:\\Users\\Alumnos\\Documents\\sysce\\sysce_service\\sysce_service_apps\\registro_api\\urls.py'> (None:None) ^api/registro/>, <RegexURLResolver <RegexURLPattern list> (None:None) ^>, <RegexURLPattern cargoescolar-view-detail ^cargosescolares/(?P<pk>[^/.]+)\.(?P<format>[a-z0-9]+)/?$>], [<RegexURLResolver <module 'sysce_service_apps.registro_api.urls' from 'C:\\Users\\Alumnos\\Documents\\sysce\\sysce_service\\sysce_service_apps\\registro_api\\urls.py'> (None:None) ^api/registro/>, <RegexURLResolver <RegexURLPattern list> (None:None) ^>, <RegexURLPattern salon-view-list ^salones/$>], [<RegexURLResolver <module 'sysce_service_apps.registro_api.urls' from 'C:\\Users\\Alumnos\\Documents\\sysce\\sysce_service\\sysce_service_apps\\registro_api\\urls.py'> (None:None) ^api/registro/>, <RegexURLResolver <RegexURLPattern list> (None:None) ^>, <RegexURLPattern salon-view-list ^salones\.(?P<format>[a-z0-9]+)/?$>], [<RegexURLResolver <module 'sysce_service_apps.registro_api.urls' from 'C:\\Users\\Alumnos\\Documents\\sysce\\sysce_service\\sysce_service_apps\\registro_api\\urls.py'> (None:None) ^api/registro/>, <RegexURLResolver <RegexURLPattern list> (None:None) ^>, <RegexURLPattern salon-view-detail ^salones/(?P<pk>[^/.]+)/$>], [<RegexURLResolver <module 'sysce_service_apps.registro_api.urls' from 'C:\\Users\\Alumnos\\Documents\\sysce\\sysce_service\\sysce_service_apps\\registro_api\\urls.py'> (None:None) ^api/registro/>, <RegexURLResolver <RegexURLPattern list> (None:None) ^>, <RegexURLPattern salon-view-detail ^salones/(?P<pk>[^/.]+)\.(?P<format>[a-z0-9]+)/?$>], [<RegexURLResolver <module 'sysce_service_apps.registro_api.urls' from 'C:\\Users\\Alumnos\\Documents\\sysce\\sysce_service\\sysce_service_apps\\registro_api\\urls.py'> (None:None) ^api/registro/>, <RegexURLResolver <RegexURLPattern list> (None:None) ^>, <RegexURLPattern docente-view-list ^docente/$>], [<RegexURLResolver <module 'sysce_service_apps.registro_api.urls' from 'C:\\Users\\Alumnos\\Documents\\sysce\\sysce_service\\sysce_service_apps\\registro_api\\urls.py'> (None:None) ^api/registro/>, <RegexURLResolver <RegexURLPattern list> (None:None) ^>, <RegexURLPattern docente-view-list ^docente\.(?P<format>[a-z0-9]+)/?$>], [<RegexURLResolver <module 'sysce_service_apps.registro_api.urls' from 'C:\\Users\\Alumnos\\Documents\\sysce\\sysce_service\\sysce_service_apps\\registro_api\\urls.py'> (None:None) ^api/registro/>, <RegexURLResolver <RegexURLPattern list> (None:None) ^>, <RegexURLPattern docente-view-detail ^docente/(?P<pk>[^/.]+)/$>], [<RegexURLResolver <module 'sysce_service_apps.registro_api.urls' from 'C:\\Users\\Alumnos\\Documents\\sysce\\sysce_service\\sysce_service_apps\\registro_api\\urls.py'> (None:None) ^api/registro/>, <RegexURLResolver <RegexURLPattern list> (None:None) ^>, <RegexURLPattern docente-view-detail ^docente/(?P<pk>[^/.]+)\.(?P<format>[a-z0-9]+)/?$>], [<RegexURLResolver <module 'sysce_service_apps.registro_api.urls' from 'C:\\Users\\Alumnos\\Documents\\sysce\\sysce_service\\sysce_service_apps\\registro_api\\urls.py'> (None:None) ^api/registro/>, <RegexURLResolver <RegexURLPattern list> (None:None) ^>, <RegexURLPattern api-root ^$>], [<RegexURLResolver <module 'sysce_service_apps.registro_api.urls' from 'C:\\Users\\Alumnos\\Documents\\sysce\\sysce_service\\sysce_service_apps\\registro_api\\urls.py'> (None:None) ^api/registro/>, <RegexURLResolver <RegexURLPattern list> (None:None) ^>, <RegexURLPattern api-root ^\.(?P<format>[a-z0-9]+)/?$>]]}

During handling of the above exception, another exception occurred:

Traceback (most recent call last):
  File "C:\Users\Alumnos\Documents\sysce\ve_sysce\lib\site-packages\django\template\base.py", line 885, in _resolve_lookup
    current = current[bit]
TypeError: 'RegexURLResolver' object is not subscriptable

During handling of the above exception, another exception occurred:

Traceback (most recent call last):
  File "C:\Users\Alumnos\Documents\sysce\ve_sysce\lib\site-packages\django\template\base.py", line 893, in _resolve_lookup
    current = getattr(current, bit)
AttributeError: 'RegexURLResolver' object has no attribute 'name'

During handling of the above exception, another exception occurred:

Traceback (most recent call last):
  File "C:\Users\Alumnos\Documents\sysce\ve_sysce\lib\site-packages\django\template\base.py", line 900, in _resolve_lookup
    current = current[int(bit)]
ValueError: invalid literal for int() with base 10: 'name'

During handling of the above exception, another exception occurred:

Traceback (most recent call last):
  File "C:\Users\Alumnos\Documents\sysce\ve_sysce\lib\site-packages\django\template\base.py", line 907, in _resolve_lookup
    (bit, current))  # missing attribute
django.template.base.VariableDoesNotExist: Failed lookup for key [name] in "<RegexURLResolver <module 'django.contrib.admindocs.urls' from 'C:\\\\Users\\\\Alumnos\\\\Documents\\\\sysce\\\\ve_sysce\\\\lib\\\\site-packages\\\\django\\\\contrib\\\\admindocs\\\\urls.py'> (None:None) ^admin/doc/>"
[2016-12-01 14:17:22] DEBUG [django.template:929] Exception while resolving variable 'name' in template 'unknown'.
Traceback (most recent call last):
  File "C:\Users\Alumnos\Documents\sysce\ve_sysce\lib\site-packages\django\core\handlers\exception.py", line 39, in inner
    response = get_response(request)
  File "C:\Users\Alumnos\Documents\sysce\ve_sysce\lib\site-packages\django\core\handlers\base.py", line 249, in _legacy_get_response
    response = self._get_response(request)
  File "C:\Users\Alumnos\Documents\sysce\ve_sysce\lib\site-packages\django\core\handlers\base.py", line 172, in _get_response
    resolver_match = resolver.resolve(request.path_info)
  File "C:\Users\Alumnos\Documents\sysce\ve_sysce\lib\site-packages\django\urls\resolvers.py", line 300, in resolve
    raise Resolver404({'tried': tried, 'path': new_path})
django.urls.exceptions.Resolver404: {'path': 'api/registro/cargaacademica/', 'tried': [[<RegexURLResolver <RegexURLPattern list> (admin:admin) ^admin/>], [<RegexURLResolver <module 'django.contrib.admindocs.urls' from 'C:\\Users\\Alumnos\\Documents\\sysce\\ve_sysce\\lib\\site-packages\\django\\contrib\\admindocs\\urls.py'> (None:None) ^admin/doc/>], [<RegexURLResolver <module 'rest_framework.urls' from 'C:\\Users\\Alumnos\\Documents\\sysce\\ve_sysce\\lib\\site-packages\\rest_framework\\urls.py'> (rest_framework:rest_framework) ^api-auth/>], [<RegexURLResolver <module 'oauth2_provider.urls' from 'C:\\Users\\Alumnos\\Documents\\sysce\\ve_sysce\\lib\\site-packages\\oauth2_provider\\urls.py'> (None:oauth2_provider) ^o/>], [<RegexURLResolver <module 'sysce_service_apps.auths_api.urls' from 'C:\\Users\\Alumnos\\Documents\\sysce\\sysce_service\\sysce_service_apps\\auths_api\\urls.py'> (None:None) ^api/auths/>], [<RegexURLResolver <module 'sysce_service_apps.registro_api.urls' from 'C:\\Users\\Alumnos\\Documents\\sysce\\sysce_service\\sysce_service_apps\\registro_api\\urls.py'> (None:None) ^api/registro/>, <RegexURLResolver <RegexURLPattern list> (None:None) ^>, <RegexURLPattern alumno-view-list ^alumnos/$>], [<RegexURLResolver <module 'sysce_service_apps.registro_api.urls' from 'C:\\Users\\Alumnos\\Documents\\sysce\\sysce_service\\sysce_service_apps\\registro_api\\urls.py'> (None:None) ^api/registro/>, <RegexURLResolver <RegexURLPattern list> (None:None) ^>, <RegexURLPattern alumno-view-list ^alumnos\.(?P<format>[a-z0-9]+)/?$>], [<RegexURLResolver <module 'sysce_service_apps.registro_api.urls' from 'C:\\Users\\Alumnos\\Documents\\sysce\\sysce_service\\sysce_service_apps\\registro_api\\urls.py'> (None:None) ^api/registro/>, <RegexURLResolver <RegexURLPattern list> (None:None) ^>, <RegexURLPattern alumno-view-detail ^alumnos/(?P<pk>[^/.]+)/$>], [<RegexURLResolver <module 'sysce_service_apps.registro_api.urls' from 'C:\\Users\\Alumnos\\Documents\\sysce\\sysce_service\\sysce_service_apps\\registro_api\\urls.py'> (None:None) ^api/registro/>, <RegexURLResolver <RegexURLPattern list> (None:None) ^>, <RegexURLPattern alumno-view-detail ^alumnos/(?P<pk>[^/.]+)\.(?P<format>[a-z0-9]+)/?$>], [<RegexURLResolver <module 'sysce_service_apps.registro_api.urls' from 'C:\\Users\\Alumnos\\Documents\\sysce\\sysce_service\\sysce_service_apps\\registro_api\\urls.py'> (None:None) ^api/registro/>, <RegexURLResolver <RegexURLPattern list> (None:None) ^>, <RegexURLPattern persona-view-list ^personas/$>], [<RegexURLResolver <module 'sysce_service_apps.registro_api.urls' from 'C:\\Users\\Alumnos\\Documents\\sysce\\sysce_service\\sysce_service_apps\\registro_api\\urls.py'> (None:None) ^api/registro/>, <RegexURLResolver <RegexURLPattern list> (None:None) ^>, <RegexURLPattern persona-view-list ^personas\.(?P<format>[a-z0-9]+)/?$>], [<RegexURLResolver <module 'sysce_service_apps.registro_api.urls' from 'C:\\Users\\Alumnos\\Documents\\sysce\\sysce_service\\sysce_service_apps\\registro_api\\urls.py'> (None:None) ^api/registro/>, <RegexURLResolver <RegexURLPattern list> (None:None) ^>, <RegexURLPattern persona-view-export ^personas/export/$>], [<RegexURLResolver <module 'sysce_service_apps.registro_api.urls' from 'C:\\Users\\Alumnos\\Documents\\sysce\\sysce_service\\sysce_service_apps\\registro_api\\urls.py'> (None:None) ^api/registro/>, <RegexURLResolver <RegexURLPattern list> (None:None) ^>, <RegexURLPattern persona-view-export ^personas/export\.(?P<format>[a-z0-9]+)/?$>], [<RegexURLResolver <module 'sysce_service_apps.registro_api.urls' from 'C:\\Users\\Alumnos\\Documents\\sysce\\sysce_service\\sysce_service_apps\\registro_api\\urls.py'> (None:None) ^api/registro/>, <RegexURLResolver <RegexURLPattern list> (None:None) ^>, <RegexURLPattern persona-view-detail ^personas/(?P<pk>[^/.]+)/$>], [<RegexURLResolver <module 'sysce_service_apps.registro_api.urls' from 'C:\\Users\\Alumnos\\Documents\\sysce\\sysce_service\\sysce_service_apps\\registro_api\\urls.py'> (None:None) ^api/registro/>, <RegexURLResolver <RegexURLPattern list> (None:None) ^>, <RegexURLPattern persona-view-detail ^personas/(?P<pk>[^/.]+)\.(?P<format>[a-z0-9]+)/?$>], [<RegexURLResolver <module 'sysce_service_apps.registro_api.urls' from 'C:\\Users\\Alumnos\\Documents\\sysce\\sysce_service\\sysce_service_apps\\registro_api\\urls.py'> (None:None) ^api/registro/>, <RegexURLResolver <RegexURLPattern list> (None:None) ^>, <RegexURLPattern curso-view-list ^cursos/$>], [<RegexURLResolver <module 'sysce_service_apps.registro_api.urls' from 'C:\\Users\\Alumnos\\Documents\\sysce\\sysce_service\\sysce_service_apps\\registro_api\\urls.py'> (None:None) ^api/registro/>, <RegexURLResolver <RegexURLPattern list> (None:None) ^>, <RegexURLPattern curso-view-list ^cursos\.(?P<format>[a-z0-9]+)/?$>], [<RegexURLResolver <module 'sysce_service_apps.registro_api.urls' from 'C:\\Users\\Alumnos\\Documents\\sysce\\sysce_service\\sysce_service_apps\\registro_api\\urls.py'> (None:None) ^api/registro/>, <RegexURLResolver <RegexURLPattern list> (None:None) ^>, <RegexURLPattern curso-view-detail ^cursos/(?P<pk>[^/.]+)/$>], [<RegexURLResolver <module 'sysce_service_apps.registro_api.urls' from 'C:\\Users\\Alumnos\\Documents\\sysce\\sysce_service\\sysce_service_apps\\registro_api\\urls.py'> (None:None) ^api/registro/>, <RegexURLResolver <RegexURLPattern list> (None:None) ^>, <RegexURLPattern curso-view-detail ^cursos/(?P<pk>[^/.]+)\.(?P<format>[a-z0-9]+)/?$>], [<RegexURLResolver <module 'sysce_service_apps.registro_api.urls' from 'C:\\Users\\Alumnos\\Documents\\sysce\\sysce_service\\sysce_service_apps\\registro_api\\urls.py'> (None:None) ^api/registro/>, <RegexURLResolver <RegexURLPattern list> (None:None) ^>, <RegexURLPattern colegio-view-list ^colegios/$>], [<RegexURLResolver <module 'sysce_service_apps.registro_api.urls' from 'C:\\Users\\Alumnos\\Documents\\sysce\\sysce_service\\sysce_service_apps\\registro_api\\urls.py'> (None:None) ^api/registro/>, <RegexURLResolver <RegexURLPattern list> (None:None) ^>, <RegexURLPattern colegio-view-list ^colegios\.(?P<format>[a-z0-9]+)/?$>], [<RegexURLResolver <module 'sysce_service_apps.registro_api.urls' from 'C:\\Users\\Alumnos\\Documents\\sysce\\sysce_service\\sysce_service_apps\\registro_api\\urls.py'> (None:None) ^api/registro/>, <RegexURLResolver <RegexURLPattern list> (None:None) ^>, <RegexURLPattern colegio-view-detail ^colegios/(?P<pk>[^/.]+)/$>], [<RegexURLResolver <module 'sysce_service_apps.registro_api.urls' from 'C:\\Users\\Alumnos\\Documents\\sysce\\sysce_service\\sysce_service_apps\\registro_api\\urls.py'> (None:None) ^api/registro/>, <RegexURLResolver <RegexURLPattern list> (None:None) ^>, <RegexURLPattern colegio-view-detail ^colegios/(?P<pk>[^/.]+)\.(?P<format>[a-z0-9]+)/?$>], [<RegexURLResolver <module 'sysce_service_apps.registro_api.urls' from 'C:\\Users\\Alumnos\\Documents\\sysce\\sysce_service\\sysce_service_apps\\registro_api\\urls.py'> (None:None) ^api/registro/>, <RegexURLResolver <RegexURLPattern list> (None:None) ^>, <RegexURLPattern cargoescolar-view-list ^cargosescolares/$>], [<RegexURLResolver <module 'sysce_service_apps.registro_api.urls' from 'C:\\Users\\Alumnos\\Documents\\sysce\\sysce_service\\sysce_service_apps\\registro_api\\urls.py'> (None:None) ^api/registro/>, <RegexURLResolver <RegexURLPattern list> (None:None) ^>, <RegexURLPattern cargoescolar-view-list ^cargosescolares\.(?P<format>[a-z0-9]+)/?$>], [<RegexURLResolver <module 'sysce_service_apps.registro_api.urls' from 'C:\\Users\\Alumnos\\Documents\\sysce\\sysce_service\\sysce_service_apps\\registro_api\\urls.py'> (None:None) ^api/registro/>, <RegexURLResolver <RegexURLPattern list> (None:None) ^>, <RegexURLPattern cargoescolar-view-detail ^cargosescolares/(?P<pk>[^/.]+)/$>], [<RegexURLResolver <module 'sysce_service_apps.registro_api.urls' from 'C:\\Users\\Alumnos\\Documents\\sysce\\sysce_service\\sysce_service_apps\\registro_api\\urls.py'> (None:None) ^api/registro/>, <RegexURLResolver <RegexURLPattern list> (None:None) ^>, <RegexURLPattern cargoescolar-view-detail ^cargosescolares/(?P<pk>[^/.]+)\.(?P<format>[a-z0-9]+)/?$>], [<RegexURLResolver <module 'sysce_service_apps.registro_api.urls' from 'C:\\Users\\Alumnos\\Documents\\sysce\\sysce_service\\sysce_service_apps\\registro_api\\urls.py'> (None:None) ^api/registro/>, <RegexURLResolver <RegexURLPattern list> (None:None) ^>, <RegexURLPattern salon-view-list ^salones/$>], [<RegexURLResolver <module 'sysce_service_apps.registro_api.urls' from 'C:\\Users\\Alumnos\\Documents\\sysce\\sysce_service\\sysce_service_apps\\registro_api\\urls.py'> (None:None) ^api/registro/>, <RegexURLResolver <RegexURLPattern list> (None:None) ^>, <RegexURLPattern salon-view-list ^salones\.(?P<format>[a-z0-9]+)/?$>], [<RegexURLResolver <module 'sysce_service_apps.registro_api.urls' from 'C:\\Users\\Alumnos\\Documents\\sysce\\sysce_service\\sysce_service_apps\\registro_api\\urls.py'> (None:None) ^api/registro/>, <RegexURLResolver <RegexURLPattern list> (None:None) ^>, <RegexURLPattern salon-view-detail ^salones/(?P<pk>[^/.]+)/$>], [<RegexURLResolver <module 'sysce_service_apps.registro_api.urls' from 'C:\\Users\\Alumnos\\Documents\\sysce\\sysce_service\\sysce_service_apps\\registro_api\\urls.py'> (None:None) ^api/registro/>, <RegexURLResolver <RegexURLPattern list> (None:None) ^>, <RegexURLPattern salon-view-detail ^salones/(?P<pk>[^/.]+)\.(?P<format>[a-z0-9]+)/?$>], [<RegexURLResolver <module 'sysce_service_apps.registro_api.urls' from 'C:\\Users\\Alumnos\\Documents\\sysce\\sysce_service\\sysce_service_apps\\registro_api\\urls.py'> (None:None) ^api/registro/>, <RegexURLResolver <RegexURLPattern list> (None:None) ^>, <RegexURLPattern docente-view-list ^docente/$>], [<RegexURLResolver <module 'sysce_service_apps.registro_api.urls' from 'C:\\Users\\Alumnos\\Documents\\sysce\\sysce_service\\sysce_service_apps\\registro_api\\urls.py'> (None:None) ^api/registro/>, <RegexURLResolver <RegexURLPattern list> (None:None) ^>, <RegexURLPattern docente-view-list ^docente\.(?P<format>[a-z0-9]+)/?$>], [<RegexURLResolver <module 'sysce_service_apps.registro_api.urls' from 'C:\\Users\\Alumnos\\Documents\\sysce\\sysce_service\\sysce_service_apps\\registro_api\\urls.py'> (None:None) ^api/registro/>, <RegexURLResolver <RegexURLPattern list> (None:None) ^>, <RegexURLPattern docente-view-detail ^docente/(?P<pk>[^/.]+)/$>], [<RegexURLResolver <module 'sysce_service_apps.registro_api.urls' from 'C:\\Users\\Alumnos\\Documents\\sysce\\sysce_service\\sysce_service_apps\\registro_api\\urls.py'> (None:None) ^api/registro/>, <RegexURLResolver <RegexURLPattern list> (None:None) ^>, <RegexURLPattern docente-view-detail ^docente/(?P<pk>[^/.]+)\.(?P<format>[a-z0-9]+)/?$>], [<RegexURLResolver <module 'sysce_service_apps.registro_api.urls' from 'C:\\Users\\Alumnos\\Documents\\sysce\\sysce_service\\sysce_service_apps\\registro_api\\urls.py'> (None:None) ^api/registro/>, <RegexURLResolver <RegexURLPattern list> (None:None) ^>, <RegexURLPattern api-root ^$>], [<RegexURLResolver <module 'sysce_service_apps.registro_api.urls' from 'C:\\Users\\Alumnos\\Documents\\sysce\\sysce_service\\sysce_service_apps\\registro_api\\urls.py'> (None:None) ^api/registro/>, <RegexURLResolver <RegexURLPattern list> (None:None) ^>, <RegexURLPattern api-root ^\.(?P<format>[a-z0-9]+)/?$>]]}

During handling of the above exception, another exception occurred:

Traceback (most recent call last):
  File "C:\Users\Alumnos\Documents\sysce\ve_sysce\lib\site-packages\django\template\base.py", line 885, in _resolve_lookup
    current = current[bit]
TypeError: 'RegexURLResolver' object is not subscriptable

During handling of the above exception, another exception occurred:

Traceback (most recent call last):
  File "C:\Users\Alumnos\Documents\sysce\ve_sysce\lib\site-packages\django\template\base.py", line 893, in _resolve_lookup
    current = getattr(current, bit)
AttributeError: 'RegexURLResolver' object has no attribute 'name'

During handling of the above exception, another exception occurred:

Traceback (most recent call last):
  File "C:\Users\Alumnos\Documents\sysce\ve_sysce\lib\site-packages\django\template\base.py", line 900, in _resolve_lookup
    current = current[int(bit)]
ValueError: invalid literal for int() with base 10: 'name'

During handling of the above exception, another exception occurred:

Traceback (most recent call last):
  File "C:\Users\Alumnos\Documents\sysce\ve_sysce\lib\site-packages\django\template\base.py", line 907, in _resolve_lookup
    (bit, current))  # missing attribute
django.template.base.VariableDoesNotExist: Failed lookup for key [name] in "<RegexURLResolver <module 'rest_framework.urls' from 'C:\\\\Users\\\\Alumnos\\\\Documents\\\\sysce\\\\ve_sysce\\\\lib\\\\site-packages\\\\rest_framework\\\\urls.py'> (rest_framework:rest_framework) ^api-auth/>"
[2016-12-01 14:17:22] DEBUG [django.template:929] Exception while resolving variable 'name' in template 'unknown'.
Traceback (most recent call last):
  File "C:\Users\Alumnos\Documents\sysce\ve_sysce\lib\site-packages\django\core\handlers\exception.py", line 39, in inner
    response = get_response(request)
  File "C:\Users\Alumnos\Documents\sysce\ve_sysce\lib\site-packages\django\core\handlers\base.py", line 249, in _legacy_get_response
    response = self._get_response(request)
  File "C:\Users\Alumnos\Documents\sysce\ve_sysce\lib\site-packages\django\core\handlers\base.py", line 172, in _get_response
    resolver_match = resolver.resolve(request.path_info)
  File "C:\Users\Alumnos\Documents\sysce\ve_sysce\lib\site-packages\django\urls\resolvers.py", line 300, in resolve
    raise Resolver404({'tried': tried, 'path': new_path})
django.urls.exceptions.Resolver404: {'path': 'api/registro/cargaacademica/', 'tried': [[<RegexURLResolver <RegexURLPattern list> (admin:admin) ^admin/>], [<RegexURLResolver <module 'django.contrib.admindocs.urls' from 'C:\\Users\\Alumnos\\Documents\\sysce\\ve_sysce\\lib\\site-packages\\django\\contrib\\admindocs\\urls.py'> (None:None) ^admin/doc/>], [<RegexURLResolver <module 'rest_framework.urls' from 'C:\\Users\\Alumnos\\Documents\\sysce\\ve_sysce\\lib\\site-packages\\rest_framework\\urls.py'> (rest_framework:rest_framework) ^api-auth/>], [<RegexURLResolver <module 'oauth2_provider.urls' from 'C:\\Users\\Alumnos\\Documents\\sysce\\ve_sysce\\lib\\site-packages\\oauth2_provider\\urls.py'> (None:oauth2_provider) ^o/>], [<RegexURLResolver <module 'sysce_service_apps.auths_api.urls' from 'C:\\Users\\Alumnos\\Documents\\sysce\\sysce_service\\sysce_service_apps\\auths_api\\urls.py'> (None:None) ^api/auths/>], [<RegexURLResolver <module 'sysce_service_apps.registro_api.urls' from 'C:\\Users\\Alumnos\\Documents\\sysce\\sysce_service\\sysce_service_apps\\registro_api\\urls.py'> (None:None) ^api/registro/>, <RegexURLResolver <RegexURLPattern list> (None:None) ^>, <RegexURLPattern alumno-view-list ^alumnos/$>], [<RegexURLResolver <module 'sysce_service_apps.registro_api.urls' from 'C:\\Users\\Alumnos\\Documents\\sysce\\sysce_service\\sysce_service_apps\\registro_api\\urls.py'> (None:None) ^api/registro/>, <RegexURLResolver <RegexURLPattern list> (None:None) ^>, <RegexURLPattern alumno-view-list ^alumnos\.(?P<format>[a-z0-9]+)/?$>], [<RegexURLResolver <module 'sysce_service_apps.registro_api.urls' from 'C:\\Users\\Alumnos\\Documents\\sysce\\sysce_service\\sysce_service_apps\\registro_api\\urls.py'> (None:None) ^api/registro/>, <RegexURLResolver <RegexURLPattern list> (None:None) ^>, <RegexURLPattern alumno-view-detail ^alumnos/(?P<pk>[^/.]+)/$>], [<RegexURLResolver <module 'sysce_service_apps.registro_api.urls' from 'C:\\Users\\Alumnos\\Documents\\sysce\\sysce_service\\sysce_service_apps\\registro_api\\urls.py'> (None:None) ^api/registro/>, <RegexURLResolver <RegexURLPattern list> (None:None) ^>, <RegexURLPattern alumno-view-detail ^alumnos/(?P<pk>[^/.]+)\.(?P<format>[a-z0-9]+)/?$>], [<RegexURLResolver <module 'sysce_service_apps.registro_api.urls' from 'C:\\Users\\Alumnos\\Documents\\sysce\\sysce_service\\sysce_service_apps\\registro_api\\urls.py'> (None:None) ^api/registro/>, <RegexURLResolver <RegexURLPattern list> (None:None) ^>, <RegexURLPattern persona-view-list ^personas/$>], [<RegexURLResolver <module 'sysce_service_apps.registro_api.urls' from 'C:\\Users\\Alumnos\\Documents\\sysce\\sysce_service\\sysce_service_apps\\registro_api\\urls.py'> (None:None) ^api/registro/>, <RegexURLResolver <RegexURLPattern list> (None:None) ^>, <RegexURLPattern persona-view-list ^personas\.(?P<format>[a-z0-9]+)/?$>], [<RegexURLResolver <module 'sysce_service_apps.registro_api.urls' from 'C:\\Users\\Alumnos\\Documents\\sysce\\sysce_service\\sysce_service_apps\\registro_api\\urls.py'> (None:None) ^api/registro/>, <RegexURLResolver <RegexURLPattern list> (None:None) ^>, <RegexURLPattern persona-view-export ^personas/export/$>], [<RegexURLResolver <module 'sysce_service_apps.registro_api.urls' from 'C:\\Users\\Alumnos\\Documents\\sysce\\sysce_service\\sysce_service_apps\\registro_api\\urls.py'> (None:None) ^api/registro/>, <RegexURLResolver <RegexURLPattern list> (None:None) ^>, <RegexURLPattern persona-view-export ^personas/export\.(?P<format>[a-z0-9]+)/?$>], [<RegexURLResolver <module 'sysce_service_apps.registro_api.urls' from 'C:\\Users\\Alumnos\\Documents\\sysce\\sysce_service\\sysce_service_apps\\registro_api\\urls.py'> (None:None) ^api/registro/>, <RegexURLResolver <RegexURLPattern list> (None:None) ^>, <RegexURLPattern persona-view-detail ^personas/(?P<pk>[^/.]+)/$>], [<RegexURLResolver <module 'sysce_service_apps.registro_api.urls' from 'C:\\Users\\Alumnos\\Documents\\sysce\\sysce_service\\sysce_service_apps\\registro_api\\urls.py'> (None:None) ^api/registro/>, <RegexURLResolver <RegexURLPattern list> (None:None) ^>, <RegexURLPattern persona-view-detail ^personas/(?P<pk>[^/.]+)\.(?P<format>[a-z0-9]+)/?$>], [<RegexURLResolver <module 'sysce_service_apps.registro_api.urls' from 'C:\\Users\\Alumnos\\Documents\\sysce\\sysce_service\\sysce_service_apps\\registro_api\\urls.py'> (None:None) ^api/registro/>, <RegexURLResolver <RegexURLPattern list> (None:None) ^>, <RegexURLPattern curso-view-list ^cursos/$>], [<RegexURLResolver <module 'sysce_service_apps.registro_api.urls' from 'C:\\Users\\Alumnos\\Documents\\sysce\\sysce_service\\sysce_service_apps\\registro_api\\urls.py'> (None:None) ^api/registro/>, <RegexURLResolver <RegexURLPattern list> (None:None) ^>, <RegexURLPattern curso-view-list ^cursos\.(?P<format>[a-z0-9]+)/?$>], [<RegexURLResolver <module 'sysce_service_apps.registro_api.urls' from 'C:\\Users\\Alumnos\\Documents\\sysce\\sysce_service\\sysce_service_apps\\registro_api\\urls.py'> (None:None) ^api/registro/>, <RegexURLResolver <RegexURLPattern list> (None:None) ^>, <RegexURLPattern curso-view-detail ^cursos/(?P<pk>[^/.]+)/$>], [<RegexURLResolver <module 'sysce_service_apps.registro_api.urls' from 'C:\\Users\\Alumnos\\Documents\\sysce\\sysce_service\\sysce_service_apps\\registro_api\\urls.py'> (None:None) ^api/registro/>, <RegexURLResolver <RegexURLPattern list> (None:None) ^>, <RegexURLPattern curso-view-detail ^cursos/(?P<pk>[^/.]+)\.(?P<format>[a-z0-9]+)/?$>], [<RegexURLResolver <module 'sysce_service_apps.registro_api.urls' from 'C:\\Users\\Alumnos\\Documents\\sysce\\sysce_service\\sysce_service_apps\\registro_api\\urls.py'> (None:None) ^api/registro/>, <RegexURLResolver <RegexURLPattern list> (None:None) ^>, <RegexURLPattern colegio-view-list ^colegios/$>], [<RegexURLResolver <module 'sysce_service_apps.registro_api.urls' from 'C:\\Users\\Alumnos\\Documents\\sysce\\sysce_service\\sysce_service_apps\\registro_api\\urls.py'> (None:None) ^api/registro/>, <RegexURLResolver <RegexURLPattern list> (None:None) ^>, <RegexURLPattern colegio-view-list ^colegios\.(?P<format>[a-z0-9]+)/?$>], [<RegexURLResolver <module 'sysce_service_apps.registro_api.urls' from 'C:\\Users\\Alumnos\\Documents\\sysce\\sysce_service\\sysce_service_apps\\registro_api\\urls.py'> (None:None) ^api/registro/>, <RegexURLResolver <RegexURLPattern list> (None:None) ^>, <RegexURLPattern colegio-view-detail ^colegios/(?P<pk>[^/.]+)/$>], [<RegexURLResolver <module 'sysce_service_apps.registro_api.urls' from 'C:\\Users\\Alumnos\\Documents\\sysce\\sysce_service\\sysce_service_apps\\registro_api\\urls.py'> (None:None) ^api/registro/>, <RegexURLResolver <RegexURLPattern list> (None:None) ^>, <RegexURLPattern colegio-view-detail ^colegios/(?P<pk>[^/.]+)\.(?P<format>[a-z0-9]+)/?$>], [<RegexURLResolver <module 'sysce_service_apps.registro_api.urls' from 'C:\\Users\\Alumnos\\Documents\\sysce\\sysce_service\\sysce_service_apps\\registro_api\\urls.py'> (None:None) ^api/registro/>, <RegexURLResolver <RegexURLPattern list> (None:None) ^>, <RegexURLPattern cargoescolar-view-list ^cargosescolares/$>], [<RegexURLResolver <module 'sysce_service_apps.registro_api.urls' from 'C:\\Users\\Alumnos\\Documents\\sysce\\sysce_service\\sysce_service_apps\\registro_api\\urls.py'> (None:None) ^api/registro/>, <RegexURLResolver <RegexURLPattern list> (None:None) ^>, <RegexURLPattern cargoescolar-view-list ^cargosescolares\.(?P<format>[a-z0-9]+)/?$>], [<RegexURLResolver <module 'sysce_service_apps.registro_api.urls' from 'C:\\Users\\Alumnos\\Documents\\sysce\\sysce_service\\sysce_service_apps\\registro_api\\urls.py'> (None:None) ^api/registro/>, <RegexURLResolver <RegexURLPattern list> (None:None) ^>, <RegexURLPattern cargoescolar-view-detail ^cargosescolares/(?P<pk>[^/.]+)/$>], [<RegexURLResolver <module 'sysce_service_apps.registro_api.urls' from 'C:\\Users\\Alumnos\\Documents\\sysce\\sysce_service\\sysce_service_apps\\registro_api\\urls.py'> (None:None) ^api/registro/>, <RegexURLResolver <RegexURLPattern list> (None:None) ^>, <RegexURLPattern cargoescolar-view-detail ^cargosescolares/(?P<pk>[^/.]+)\.(?P<format>[a-z0-9]+)/?$>], [<RegexURLResolver <module 'sysce_service_apps.registro_api.urls' from 'C:\\Users\\Alumnos\\Documents\\sysce\\sysce_service\\sysce_service_apps\\registro_api\\urls.py'> (None:None) ^api/registro/>, <RegexURLResolver <RegexURLPattern list> (None:None) ^>, <RegexURLPattern salon-view-list ^salones/$>], [<RegexURLResolver <module 'sysce_service_apps.registro_api.urls' from 'C:\\Users\\Alumnos\\Documents\\sysce\\sysce_service\\sysce_service_apps\\registro_api\\urls.py'> (None:None) ^api/registro/>, <RegexURLResolver <RegexURLPattern list> (None:None) ^>, <RegexURLPattern salon-view-list ^salones\.(?P<format>[a-z0-9]+)/?$>], [<RegexURLResolver <module 'sysce_service_apps.registro_api.urls' from 'C:\\Users\\Alumnos\\Documents\\sysce\\sysce_service\\sysce_service_apps\\registro_api\\urls.py'> (None:None) ^api/registro/>, <RegexURLResolver <RegexURLPattern list> (None:None) ^>, <RegexURLPattern salon-view-detail ^salones/(?P<pk>[^/.]+)/$>], [<RegexURLResolver <module 'sysce_service_apps.registro_api.urls' from 'C:\\Users\\Alumnos\\Documents\\sysce\\sysce_service\\sysce_service_apps\\registro_api\\urls.py'> (None:None) ^api/registro/>, <RegexURLResolver <RegexURLPattern list> (None:None) ^>, <RegexURLPattern salon-view-detail ^salones/(?P<pk>[^/.]+)\.(?P<format>[a-z0-9]+)/?$>], [<RegexURLResolver <module 'sysce_service_apps.registro_api.urls' from 'C:\\Users\\Alumnos\\Documents\\sysce\\sysce_service\\sysce_service_apps\\registro_api\\urls.py'> (None:None) ^api/registro/>, <RegexURLResolver <RegexURLPattern list> (None:None) ^>, <RegexURLPattern docente-view-list ^docente/$>], [<RegexURLResolver <module 'sysce_service_apps.registro_api.urls' from 'C:\\Users\\Alumnos\\Documents\\sysce\\sysce_service\\sysce_service_apps\\registro_api\\urls.py'> (None:None) ^api/registro/>, <RegexURLResolver <RegexURLPattern list> (None:None) ^>, <RegexURLPattern docente-view-list ^docente\.(?P<format>[a-z0-9]+)/?$>], [<RegexURLResolver <module 'sysce_service_apps.registro_api.urls' from 'C:\\Users\\Alumnos\\Documents\\sysce\\sysce_service\\sysce_service_apps\\registro_api\\urls.py'> (None:None) ^api/registro/>, <RegexURLResolver <RegexURLPattern list> (None:None) ^>, <RegexURLPattern docente-view-detail ^docente/(?P<pk>[^/.]+)/$>], [<RegexURLResolver <module 'sysce_service_apps.registro_api.urls' from 'C:\\Users\\Alumnos\\Documents\\sysce\\sysce_service\\sysce_service_apps\\registro_api\\urls.py'> (None:None) ^api/registro/>, <RegexURLResolver <RegexURLPattern list> (None:None) ^>, <RegexURLPattern docente-view-detail ^docente/(?P<pk>[^/.]+)\.(?P<format>[a-z0-9]+)/?$>], [<RegexURLResolver <module 'sysce_service_apps.registro_api.urls' from 'C:\\Users\\Alumnos\\Documents\\sysce\\sysce_service\\sysce_service_apps\\registro_api\\urls.py'> (None:None) ^api/registro/>, <RegexURLResolver <RegexURLPattern list> (None:None) ^>, <RegexURLPattern api-root ^$>], [<RegexURLResolver <module 'sysce_service_apps.registro_api.urls' from 'C:\\Users\\Alumnos\\Documents\\sysce\\sysce_service\\sysce_service_apps\\registro_api\\urls.py'> (None:None) ^api/registro/>, <RegexURLResolver <RegexURLPattern list> (None:None) ^>, <RegexURLPattern api-root ^\.(?P<format>[a-z0-9]+)/?$>]]}

During handling of the above exception, another exception occurred:

Traceback (most recent call last):
  File "C:\Users\Alumnos\Documents\sysce\ve_sysce\lib\site-packages\django\template\base.py", line 885, in _resolve_lookup
    current = current[bit]
TypeError: 'RegexURLResolver' object is not subscriptable

During handling of the above exception, another exception occurred:

Traceback (most recent call last):
  File "C:\Users\Alumnos\Documents\sysce\ve_sysce\lib\site-packages\django\template\base.py", line 893, in _resolve_lookup
    current = getattr(current, bit)
AttributeError: 'RegexURLResolver' object has no attribute 'name'

During handling of the above exception, another exception occurred:

Traceback (most recent call last):
  File "C:\Users\Alumnos\Documents\sysce\ve_sysce\lib\site-packages\django\template\base.py", line 900, in _resolve_lookup
    current = current[int(bit)]
ValueError: invalid literal for int() with base 10: 'name'

During handling of the above exception, another exception occurred:

Traceback (most recent call last):
  File "C:\Users\Alumnos\Documents\sysce\ve_sysce\lib\site-packages\django\template\base.py", line 907, in _resolve_lookup
    (bit, current))  # missing attribute
django.template.base.VariableDoesNotExist: Failed lookup for key [name] in "<RegexURLResolver <module 'oauth2_provider.urls' from 'C:\\\\Users\\\\Alumnos\\\\Documents\\\\sysce\\\\ve_sysce\\\\lib\\\\site-packages\\\\oauth2_provider\\\\urls.py'> (None:oauth2_provider) ^o/>"
[2016-12-01 14:17:22] DEBUG [django.template:929] Exception while resolving variable 'name' in template 'unknown'.
Traceback (most recent call last):
  File "C:\Users\Alumnos\Documents\sysce\ve_sysce\lib\site-packages\django\core\handlers\exception.py", line 39, in inner
    response = get_response(request)
  File "C:\Users\Alumnos\Documents\sysce\ve_sysce\lib\site-packages\django\core\handlers\base.py", line 249, in _legacy_get_response
    response = self._get_response(request)
  File "C:\Users\Alumnos\Documents\sysce\ve_sysce\lib\site-packages\django\core\handlers\base.py", line 172, in _get_response
    resolver_match = resolver.resolve(request.path_info)
  File "C:\Users\Alumnos\Documents\sysce\ve_sysce\lib\site-packages\django\urls\resolvers.py", line 300, in resolve
    raise Resolver404({'tried': tried, 'path': new_path})
django.urls.exceptions.Resolver404: {'path': 'api/registro/cargaacademica/', 'tried': [[<RegexURLResolver <RegexURLPattern list> (admin:admin) ^admin/>], [<RegexURLResolver <module 'django.contrib.admindocs.urls' from 'C:\\Users\\Alumnos\\Documents\\sysce\\ve_sysce\\lib\\site-packages\\django\\contrib\\admindocs\\urls.py'> (None:None) ^admin/doc/>], [<RegexURLResolver <module 'rest_framework.urls' from 'C:\\Users\\Alumnos\\Documents\\sysce\\ve_sysce\\lib\\site-packages\\rest_framework\\urls.py'> (rest_framework:rest_framework) ^api-auth/>], [<RegexURLResolver <module 'oauth2_provider.urls' from 'C:\\Users\\Alumnos\\Documents\\sysce\\ve_sysce\\lib\\site-packages\\oauth2_provider\\urls.py'> (None:oauth2_provider) ^o/>], [<RegexURLResolver <module 'sysce_service_apps.auths_api.urls' from 'C:\\Users\\Alumnos\\Documents\\sysce\\sysce_service\\sysce_service_apps\\auths_api\\urls.py'> (None:None) ^api/auths/>], [<RegexURLResolver <module 'sysce_service_apps.registro_api.urls' from 'C:\\Users\\Alumnos\\Documents\\sysce\\sysce_service\\sysce_service_apps\\registro_api\\urls.py'> (None:None) ^api/registro/>, <RegexURLResolver <RegexURLPattern list> (None:None) ^>, <RegexURLPattern alumno-view-list ^alumnos/$>], [<RegexURLResolver <module 'sysce_service_apps.registro_api.urls' from 'C:\\Users\\Alumnos\\Documents\\sysce\\sysce_service\\sysce_service_apps\\registro_api\\urls.py'> (None:None) ^api/registro/>, <RegexURLResolver <RegexURLPattern list> (None:None) ^>, <RegexURLPattern alumno-view-list ^alumnos\.(?P<format>[a-z0-9]+)/?$>], [<RegexURLResolver <module 'sysce_service_apps.registro_api.urls' from 'C:\\Users\\Alumnos\\Documents\\sysce\\sysce_service\\sysce_service_apps\\registro_api\\urls.py'> (None:None) ^api/registro/>, <RegexURLResolver <RegexURLPattern list> (None:None) ^>, <RegexURLPattern alumno-view-detail ^alumnos/(?P<pk>[^/.]+)/$>], [<RegexURLResolver <module 'sysce_service_apps.registro_api.urls' from 'C:\\Users\\Alumnos\\Documents\\sysce\\sysce_service\\sysce_service_apps\\registro_api\\urls.py'> (None:None) ^api/registro/>, <RegexURLResolver <RegexURLPattern list> (None:None) ^>, <RegexURLPattern alumno-view-detail ^alumnos/(?P<pk>[^/.]+)\.(?P<format>[a-z0-9]+)/?$>], [<RegexURLResolver <module 'sysce_service_apps.registro_api.urls' from 'C:\\Users\\Alumnos\\Documents\\sysce\\sysce_service\\sysce_service_apps\\registro_api\\urls.py'> (None:None) ^api/registro/>, <RegexURLResolver <RegexURLPattern list> (None:None) ^>, <RegexURLPattern persona-view-list ^personas/$>], [<RegexURLResolver <module 'sysce_service_apps.registro_api.urls' from 'C:\\Users\\Alumnos\\Documents\\sysce\\sysce_service\\sysce_service_apps\\registro_api\\urls.py'> (None:None) ^api/registro/>, <RegexURLResolver <RegexURLPattern list> (None:None) ^>, <RegexURLPattern persona-view-list ^personas\.(?P<format>[a-z0-9]+)/?$>], [<RegexURLResolver <module 'sysce_service_apps.registro_api.urls' from 'C:\\Users\\Alumnos\\Documents\\sysce\\sysce_service\\sysce_service_apps\\registro_api\\urls.py'> (None:None) ^api/registro/>, <RegexURLResolver <RegexURLPattern list> (None:None) ^>, <RegexURLPattern persona-view-export ^personas/export/$>], [<RegexURLResolver <module 'sysce_service_apps.registro_api.urls' from 'C:\\Users\\Alumnos\\Documents\\sysce\\sysce_service\\sysce_service_apps\\registro_api\\urls.py'> (None:None) ^api/registro/>, <RegexURLResolver <RegexURLPattern list> (None:None) ^>, <RegexURLPattern persona-view-export ^personas/export\.(?P<format>[a-z0-9]+)/?$>], [<RegexURLResolver <module 'sysce_service_apps.registro_api.urls' from 'C:\\Users\\Alumnos\\Documents\\sysce\\sysce_service\\sysce_service_apps\\registro_api\\urls.py'> (None:None) ^api/registro/>, <RegexURLResolver <RegexURLPattern list> (None:None) ^>, <RegexURLPattern persona-view-detail ^personas/(?P<pk>[^/.]+)/$>], [<RegexURLResolver <module 'sysce_service_apps.registro_api.urls' from 'C:\\Users\\Alumnos\\Documents\\sysce\\sysce_service\\sysce_service_apps\\registro_api\\urls.py'> (None:None) ^api/registro/>, <RegexURLResolver <RegexURLPattern list> (None:None) ^>, <RegexURLPattern persona-view-detail ^personas/(?P<pk>[^/.]+)\.(?P<format>[a-z0-9]+)/?$>], [<RegexURLResolver <module 'sysce_service_apps.registro_api.urls' from 'C:\\Users\\Alumnos\\Documents\\sysce\\sysce_service\\sysce_service_apps\\registro_api\\urls.py'> (None:None) ^api/registro/>, <RegexURLResolver <RegexURLPattern list> (None:None) ^>, <RegexURLPattern curso-view-list ^cursos/$>], [<RegexURLResolver <module 'sysce_service_apps.registro_api.urls' from 'C:\\Users\\Alumnos\\Documents\\sysce\\sysce_service\\sysce_service_apps\\registro_api\\urls.py'> (None:None) ^api/registro/>, <RegexURLResolver <RegexURLPattern list> (None:None) ^>, <RegexURLPattern curso-view-list ^cursos\.(?P<format>[a-z0-9]+)/?$>], [<RegexURLResolver <module 'sysce_service_apps.registro_api.urls' from 'C:\\Users\\Alumnos\\Documents\\sysce\\sysce_service\\sysce_service_apps\\registro_api\\urls.py'> (None:None) ^api/registro/>, <RegexURLResolver <RegexURLPattern list> (None:None) ^>, <RegexURLPattern curso-view-detail ^cursos/(?P<pk>[^/.]+)/$>], [<RegexURLResolver <module 'sysce_service_apps.registro_api.urls' from 'C:\\Users\\Alumnos\\Documents\\sysce\\sysce_service\\sysce_service_apps\\registro_api\\urls.py'> (None:None) ^api/registro/>, <RegexURLResolver <RegexURLPattern list> (None:None) ^>, <RegexURLPattern curso-view-detail ^cursos/(?P<pk>[^/.]+)\.(?P<format>[a-z0-9]+)/?$>], [<RegexURLResolver <module 'sysce_service_apps.registro_api.urls' from 'C:\\Users\\Alumnos\\Documents\\sysce\\sysce_service\\sysce_service_apps\\registro_api\\urls.py'> (None:None) ^api/registro/>, <RegexURLResolver <RegexURLPattern list> (None:None) ^>, <RegexURLPattern colegio-view-list ^colegios/$>], [<RegexURLResolver <module 'sysce_service_apps.registro_api.urls' from 'C:\\Users\\Alumnos\\Documents\\sysce\\sysce_service\\sysce_service_apps\\registro_api\\urls.py'> (None:None) ^api/registro/>, <RegexURLResolver <RegexURLPattern list> (None:None) ^>, <RegexURLPattern colegio-view-list ^colegios\.(?P<format>[a-z0-9]+)/?$>], [<RegexURLResolver <module 'sysce_service_apps.registro_api.urls' from 'C:\\Users\\Alumnos\\Documents\\sysce\\sysce_service\\sysce_service_apps\\registro_api\\urls.py'> (None:None) ^api/registro/>, <RegexURLResolver <RegexURLPattern list> (None:None) ^>, <RegexURLPattern colegio-view-detail ^colegios/(?P<pk>[^/.]+)/$>], [<RegexURLResolver <module 'sysce_service_apps.registro_api.urls' from 'C:\\Users\\Alumnos\\Documents\\sysce\\sysce_service\\sysce_service_apps\\registro_api\\urls.py'> (None:None) ^api/registro/>, <RegexURLResolver <RegexURLPattern list> (None:None) ^>, <RegexURLPattern colegio-view-detail ^colegios/(?P<pk>[^/.]+)\.(?P<format>[a-z0-9]+)/?$>], [<RegexURLResolver <module 'sysce_service_apps.registro_api.urls' from 'C:\\Users\\Alumnos\\Documents\\sysce\\sysce_service\\sysce_service_apps\\registro_api\\urls.py'> (None:None) ^api/registro/>, <RegexURLResolver <RegexURLPattern list> (None:None) ^>, <RegexURLPattern cargoescolar-view-list ^cargosescolares/$>], [<RegexURLResolver <module 'sysce_service_apps.registro_api.urls' from 'C:\\Users\\Alumnos\\Documents\\sysce\\sysce_service\\sysce_service_apps\\registro_api\\urls.py'> (None:None) ^api/registro/>, <RegexURLResolver <RegexURLPattern list> (None:None) ^>, <RegexURLPattern cargoescolar-view-list ^cargosescolares\.(?P<format>[a-z0-9]+)/?$>], [<RegexURLResolver <module 'sysce_service_apps.registro_api.urls' from 'C:\\Users\\Alumnos\\Documents\\sysce\\sysce_service\\sysce_service_apps\\registro_api\\urls.py'> (None:None) ^api/registro/>, <RegexURLResolver <RegexURLPattern list> (None:None) ^>, <RegexURLPattern cargoescolar-view-detail ^cargosescolares/(?P<pk>[^/.]+)/$>], [<RegexURLResolver <module 'sysce_service_apps.registro_api.urls' from 'C:\\Users\\Alumnos\\Documents\\sysce\\sysce_service\\sysce_service_apps\\registro_api\\urls.py'> (None:None) ^api/registro/>, <RegexURLResolver <RegexURLPattern list> (None:None) ^>, <RegexURLPattern cargoescolar-view-detail ^cargosescolares/(?P<pk>[^/.]+)\.(?P<format>[a-z0-9]+)/?$>], [<RegexURLResolver <module 'sysce_service_apps.registro_api.urls' from 'C:\\Users\\Alumnos\\Documents\\sysce\\sysce_service\\sysce_service_apps\\registro_api\\urls.py'> (None:None) ^api/registro/>, <RegexURLResolver <RegexURLPattern list> (None:None) ^>, <RegexURLPattern salon-view-list ^salones/$>], [<RegexURLResolver <module 'sysce_service_apps.registro_api.urls' from 'C:\\Users\\Alumnos\\Documents\\sysce\\sysce_service\\sysce_service_apps\\registro_api\\urls.py'> (None:None) ^api/registro/>, <RegexURLResolver <RegexURLPattern list> (None:None) ^>, <RegexURLPattern salon-view-list ^salones\.(?P<format>[a-z0-9]+)/?$>], [<RegexURLResolver <module 'sysce_service_apps.registro_api.urls' from 'C:\\Users\\Alumnos\\Documents\\sysce\\sysce_service\\sysce_service_apps\\registro_api\\urls.py'> (None:None) ^api/registro/>, <RegexURLResolver <RegexURLPattern list> (None:None) ^>, <RegexURLPattern salon-view-detail ^salones/(?P<pk>[^/.]+)/$>], [<RegexURLResolver <module 'sysce_service_apps.registro_api.urls' from 'C:\\Users\\Alumnos\\Documents\\sysce\\sysce_service\\sysce_service_apps\\registro_api\\urls.py'> (None:None) ^api/registro/>, <RegexURLResolver <RegexURLPattern list> (None:None) ^>, <RegexURLPattern salon-view-detail ^salones/(?P<pk>[^/.]+)\.(?P<format>[a-z0-9]+)/?$>], [<RegexURLResolver <module 'sysce_service_apps.registro_api.urls' from 'C:\\Users\\Alumnos\\Documents\\sysce\\sysce_service\\sysce_service_apps\\registro_api\\urls.py'> (None:None) ^api/registro/>, <RegexURLResolver <RegexURLPattern list> (None:None) ^>, <RegexURLPattern docente-view-list ^docente/$>], [<RegexURLResolver <module 'sysce_service_apps.registro_api.urls' from 'C:\\Users\\Alumnos\\Documents\\sysce\\sysce_service\\sysce_service_apps\\registro_api\\urls.py'> (None:None) ^api/registro/>, <RegexURLResolver <RegexURLPattern list> (None:None) ^>, <RegexURLPattern docente-view-list ^docente\.(?P<format>[a-z0-9]+)/?$>], [<RegexURLResolver <module 'sysce_service_apps.registro_api.urls' from 'C:\\Users\\Alumnos\\Documents\\sysce\\sysce_service\\sysce_service_apps\\registro_api\\urls.py'> (None:None) ^api/registro/>, <RegexURLResolver <RegexURLPattern list> (None:None) ^>, <RegexURLPattern docente-view-detail ^docente/(?P<pk>[^/.]+)/$>], [<RegexURLResolver <module 'sysce_service_apps.registro_api.urls' from 'C:\\Users\\Alumnos\\Documents\\sysce\\sysce_service\\sysce_service_apps\\registro_api\\urls.py'> (None:None) ^api/registro/>, <RegexURLResolver <RegexURLPattern list> (None:None) ^>, <RegexURLPattern docente-view-detail ^docente/(?P<pk>[^/.]+)\.(?P<format>[a-z0-9]+)/?$>], [<RegexURLResolver <module 'sysce_service_apps.registro_api.urls' from 'C:\\Users\\Alumnos\\Documents\\sysce\\sysce_service\\sysce_service_apps\\registro_api\\urls.py'> (None:None) ^api/registro/>, <RegexURLResolver <RegexURLPattern list> (None:None) ^>, <RegexURLPattern api-root ^$>], [<RegexURLResolver <module 'sysce_service_apps.registro_api.urls' from 'C:\\Users\\Alumnos\\Documents\\sysce\\sysce_service\\sysce_service_apps\\registro_api\\urls.py'> (None:None) ^api/registro/>, <RegexURLResolver <RegexURLPattern list> (None:None) ^>, <RegexURLPattern api-root ^\.(?P<format>[a-z0-9]+)/?$>]]}

During handling of the above exception, another exception occurred:

Traceback (most recent call last):
  File "C:\Users\Alumnos\Documents\sysce\ve_sysce\lib\site-packages\django\template\base.py", line 885, in _resolve_lookup
    current = current[bit]
TypeError: 'RegexURLResolver' object is not subscriptable

During handling of the above exception, another exception occurred:

Traceback (most recent call last):
  File "C:\Users\Alumnos\Documents\sysce\ve_sysce\lib\site-packages\django\template\base.py", line 893, in _resolve_lookup
    current = getattr(current, bit)
AttributeError: 'RegexURLResolver' object has no attribute 'name'

During handling of the above exception, another exception occurred:

Traceback (most recent call last):
  File "C:\Users\Alumnos\Documents\sysce\ve_sysce\lib\site-packages\django\template\base.py", line 900, in _resolve_lookup
    current = current[int(bit)]
ValueError: invalid literal for int() with base 10: 'name'

During handling of the above exception, another exception occurred:

Traceback (most recent call last):
  File "C:\Users\Alumnos\Documents\sysce\ve_sysce\lib\site-packages\django\template\base.py", line 907, in _resolve_lookup
    (bit, current))  # missing attribute
django.template.base.VariableDoesNotExist: Failed lookup for key [name] in "<RegexURLResolver <module 'sysce_service_apps.auths_api.urls' from 'C:\\\\Users\\\\Alumnos\\\\Documents\\\\sysce\\\\sysce_service\\\\sysce_service_apps\\\\auths_api\\\\urls.py'> (None:None) ^api/auths/>"
[2016-12-01 14:17:22] WARNING [django.request:152] Not Found: /api/registro/cargaacademica/
[2016-12-01 14:17:22] WARNING [django.server:131] "GET /api/registro/cargaacademica/ HTTP/1.1" 404 11091
[2016-12-01 14:17:22] INFO [django.server:131] "OPTIONS /api/registro/docente/ HTTP/1.1" 200 0
[2016-12-01 14:17:22] DEBUG [django.db.backends:90] (0.001) SELECT "oauth2_provider_accesstoken"."id", "oauth2_provider_accesstoken"."user_id", "oauth2_provider_accesstoken"."token", "oauth2_provider_accesstoken"."application_id", "oauth2_provider_accesstoken"."expires", "oauth2_provider_accesstoken"."scope", "auths_user"."password", "auths_user"."last_login", "auths_user"."is_superuser", "auths_user"."username", "auths_user"."first_name", "auths_user"."last_name", "auths_user"."email", "auths_user"."is_staff", "auths_user"."is_active", "auths_user"."date_joined", "auths_user"."id", "auths_user"."last_hierarchy_id", "auths_user"."last_module_id", "auths_user"."person_id", "auths_user"."updated_at", "auths_user"."registered_by", "oauth2_provider_application"."id", "oauth2_provider_application"."client_id", "oauth2_provider_application"."user_id", "oauth2_provider_application"."redirect_uris", "oauth2_provider_application"."client_type", "oauth2_provider_application"."authorization_grant_type", "oauth2_provider_application"."client_secret", "oauth2_provider_application"."name", "oauth2_provider_application"."skip_authorization" FROM "oauth2_provider_accesstoken" LEFT OUTER JOIN "auths_user" ON ("oauth2_provider_accesstoken"."user_id" = "auths_user"."id") INNER JOIN "oauth2_provider_application" ON ("oauth2_provider_accesstoken"."application_id" = "oauth2_provider_application"."id") WHERE "oauth2_provider_accesstoken"."token" = 'u1x8PNNWzUzknYdifNQLdJEHdIRupD'; args=('u1x8PNNWzUzknYdifNQLdJEHdIRupD',)
[2016-12-01 14:17:22] DEBUG [django.db.backends:90] (0.000) SELECT "oauth2_provider_accesstoken"."id", "oauth2_provider_accesstoken"."user_id", "oauth2_provider_accesstoken"."token", "oauth2_provider_accesstoken"."application_id", "oauth2_provider_accesstoken"."expires", "oauth2_provider_accesstoken"."scope", "auths_user"."password", "auths_user"."last_login", "auths_user"."is_superuser", "auths_user"."username", "auths_user"."first_name", "auths_user"."last_name", "auths_user"."email", "auths_user"."is_staff", "auths_user"."is_active", "auths_user"."date_joined", "auths_user"."id", "auths_user"."last_hierarchy_id", "auths_user"."last_module_id", "auths_user"."person_id", "auths_user"."updated_at", "auths_user"."registered_by", "oauth2_provider_application"."id", "oauth2_provider_application"."client_id", "oauth2_provider_application"."user_id", "oauth2_provider_application"."redirect_uris", "oauth2_provider_application"."client_type", "oauth2_provider_application"."authorization_grant_type", "oauth2_provider_application"."client_secret", "oauth2_provider_application"."name", "oauth2_provider_application"."skip_authorization" FROM "oauth2_provider_accesstoken" LEFT OUTER JOIN "auths_user" ON ("oauth2_provider_accesstoken"."user_id" = "auths_user"."id") INNER JOIN "oauth2_provider_application" ON ("oauth2_provider_accesstoken"."application_id" = "oauth2_provider_application"."id") WHERE "oauth2_provider_accesstoken"."token" = 'u1x8PNNWzUzknYdifNQLdJEHdIRupD'; args=('u1x8PNNWzUzknYdifNQLdJEHdIRupD',)
[2016-12-01 14:17:22] DEBUG [django.db.backends:90] (0.000) SELECT "registro_docente"."id", "registro_docente"."persona_id", "registro_docente"."especialidad", "registro_docente"."estado" FROM "registro_docente" INNER JOIN "registro_persona" ON ("registro_docente"."persona_id" = "registro_persona"."id") WHERE ("registro_docente"."id" LIKE '%%' ESCAPE '\' OR "registro_persona"."nombre" LIKE '%%' ESCAPE '\'); args=('%%', '%%')
[2016-12-01 14:17:22] DEBUG [django.db.backends:90] (0.000) SELECT "registro_persona"."id", "registro_persona"."nombre", "registro_persona"."apellido_paterno", "registro_persona"."apellido_materno", "registro_persona"."dni", "registro_persona"."telefono", "registro_persona"."sexo", "registro_persona"."email", "registro_persona"."fecha_nacimiento", "registro_persona"."lugar_nacimiento", "registro_persona"."direccion", "registro_persona"."foto" FROM "registro_persona" WHERE "registro_persona"."id" = '2f8e41ae5e694cd6990f3ebc34449b2b'; args=('2f8e41ae5e694cd6990f3ebc34449b2b',)
[2016-12-01 14:17:22] DEBUG [django.db.backends:90] (0.001) SELECT "registro_persona"."id", "registro_persona"."nombre", "registro_persona"."apellido_paterno", "registro_persona"."apellido_materno", "registro_persona"."dni", "registro_persona"."telefono", "registro_persona"."sexo", "registro_persona"."email", "registro_persona"."fecha_nacimiento", "registro_persona"."lugar_nacimiento", "registro_persona"."direccion", "registro_persona"."foto" FROM "registro_persona" WHERE "registro_persona"."id" = '871bbe6005a449a8bb8d2eb0fcfd9e77'; args=('871bbe6005a449a8bb8d2eb0fcfd9e77',)
[2016-12-01 14:17:22] INFO [django.server:131] "GET /api/registro/docente/ HTTP/1.1" 200 311
[2016-12-01 14:17:24] INFO [django.server:131] "OPTIONS /api/registro/personas/?query=a HTTP/1.1" 200 0
[2016-12-01 14:17:24] DEBUG [django.db.backends:90] (0.001) SELECT "oauth2_provider_accesstoken"."id", "oauth2_provider_accesstoken"."user_id", "oauth2_provider_accesstoken"."token", "oauth2_provider_accesstoken"."application_id", "oauth2_provider_accesstoken"."expires", "oauth2_provider_accesstoken"."scope", "auths_user"."password", "auths_user"."last_login", "auths_user"."is_superuser", "auths_user"."username", "auths_user"."first_name", "auths_user"."last_name", "auths_user"."email", "auths_user"."is_staff", "auths_user"."is_active", "auths_user"."date_joined", "auths_user"."id", "auths_user"."last_hierarchy_id", "auths_user"."last_module_id", "auths_user"."person_id", "auths_user"."updated_at", "auths_user"."registered_by", "oauth2_provider_application"."id", "oauth2_provider_application"."client_id", "oauth2_provider_application"."user_id", "oauth2_provider_application"."redirect_uris", "oauth2_provider_application"."client_type", "oauth2_provider_application"."authorization_grant_type", "oauth2_provider_application"."client_secret", "oauth2_provider_application"."name", "oauth2_provider_application"."skip_authorization" FROM "oauth2_provider_accesstoken" LEFT OUTER JOIN "auths_user" ON ("oauth2_provider_accesstoken"."user_id" = "auths_user"."id") INNER JOIN "oauth2_provider_application" ON ("oauth2_provider_accesstoken"."application_id" = "oauth2_provider_application"."id") WHERE "oauth2_provider_accesstoken"."token" = 'u1x8PNNWzUzknYdifNQLdJEHdIRupD'; args=('u1x8PNNWzUzknYdifNQLdJEHdIRupD',)
[2016-12-01 14:17:24] DEBUG [django.db.backends:90] (0.000) SELECT "oauth2_provider_accesstoken"."id", "oauth2_provider_accesstoken"."user_id", "oauth2_provider_accesstoken"."token", "oauth2_provider_accesstoken"."application_id", "oauth2_provider_accesstoken"."expires", "oauth2_provider_accesstoken"."scope", "auths_user"."password", "auths_user"."last_login", "auths_user"."is_superuser", "auths_user"."username", "auths_user"."first_name", "auths_user"."last_name", "auths_user"."email", "auths_user"."is_staff", "auths_user"."is_active", "auths_user"."date_joined", "auths_user"."id", "auths_user"."last_hierarchy_id", "auths_user"."last_module_id", "auths_user"."person_id", "auths_user"."updated_at", "auths_user"."registered_by", "oauth2_provider_application"."id", "oauth2_provider_application"."client_id", "oauth2_provider_application"."user_id", "oauth2_provider_application"."redirect_uris", "oauth2_provider_application"."client_type", "oauth2_provider_application"."authorization_grant_type", "oauth2_provider_application"."client_secret", "oauth2_provider_application"."name", "oauth2_provider_application"."skip_authorization" FROM "oauth2_provider_accesstoken" LEFT OUTER JOIN "auths_user" ON ("oauth2_provider_accesstoken"."user_id" = "auths_user"."id") INNER JOIN "oauth2_provider_application" ON ("oauth2_provider_accesstoken"."application_id" = "oauth2_provider_application"."id") WHERE "oauth2_provider_accesstoken"."token" = 'u1x8PNNWzUzknYdifNQLdJEHdIRupD'; args=('u1x8PNNWzUzknYdifNQLdJEHdIRupD',)
[2016-12-01 14:17:24] INFO [django.server:131] "OPTIONS /api/registro/personas/?query=as HTTP/1.1" 200 0
[2016-12-01 14:17:24] ERROR [django.request:124] Internal Server Error: /api/registro/personas/
Traceback (most recent call last):
  File "C:\Users\Alumnos\Documents\sysce\ve_sysce\lib\site-packages\django\core\handlers\exception.py", line 39, in inner
    response = get_response(request)
  File "C:\Users\Alumnos\Documents\sysce\ve_sysce\lib\site-packages\django\core\handlers\base.py", line 249, in _legacy_get_response
    response = self._get_response(request)
  File "C:\Users\Alumnos\Documents\sysce\ve_sysce\lib\site-packages\django\core\handlers\base.py", line 187, in _get_response
    response = self.process_exception_by_middleware(e, request)
  File "C:\Users\Alumnos\Documents\sysce\ve_sysce\lib\site-packages\django\core\handlers\base.py", line 185, in _get_response
    response = wrapped_callback(request, *callback_args, **callback_kwargs)
  File "C:\Users\Alumnos\Documents\sysce\ve_sysce\lib\site-packages\django\views\decorators\csrf.py", line 58, in wrapped_view
    return view_func(*args, **kwargs)
  File "C:\Users\Alumnos\Documents\sysce\ve_sysce\lib\site-packages\rest_framework\viewsets.py", line 83, in view
    return self.dispatch(request, *args, **kwargs)
  File "C:\Users\Alumnos\Documents\sysce\ve_sysce\lib\site-packages\rest_framework\views.py", line 477, in dispatch
    response = self.handle_exception(exc)
  File "C:\Users\Alumnos\Documents\sysce\ve_sysce\lib\site-packages\rest_framework\views.py", line 437, in handle_exception
    self.raise_uncaught_exception(exc)
  File "C:\Users\Alumnos\Documents\sysce\ve_sysce\lib\site-packages\rest_framework\views.py", line 465, in dispatch
    self.initial(request, *args, **kwargs)
  File "C:\Users\Alumnos\Documents\sysce\ve_sysce\lib\site-packages\rest_framework\views.py", line 388, in initial
    self.check_permissions(request)
  File "C:\Users\Alumnos\Documents\sysce\ve_sysce\lib\site-packages\rest_framework\views.py", line 321, in check_permissions
    if not permission.has_permission(request, self):
  File "C:\Users\Alumnos\Documents\sysce\sysce_service\sysce_service_apps\utils\permissions.py", line 108, in has_permission
    queryset = view.get_queryset()
  File "C:\Users\Alumnos\Documents\sysce\sysce_service\sysce_service_apps\utils\pagination.py", line 118, in get_queryset
    self.default_search(self.default_fields, search))
  File "C:\Users\Alumnos\Documents\sysce\ve_sysce\lib\site-packages\django\db\models\query.py", line 796, in filter
    return self._filter_or_exclude(False, *args, **kwargs)
  File "C:\Users\Alumnos\Documents\sysce\ve_sysce\lib\site-packages\django\db\models\query.py", line 814, in _filter_or_exclude
    clone.query.add_q(Q(*args, **kwargs))
  File "C:\Users\Alumnos\Documents\sysce\ve_sysce\lib\site-packages\django\db\models\sql\query.py", line 1227, in add_q
    clause, _ = self._add_q(q_object, self.used_aliases)
  File "C:\Users\Alumnos\Documents\sysce\ve_sysce\lib\site-packages\django\db\models\sql\query.py", line 1247, in _add_q
    current_negated, allow_joins, split_subq)
  File "C:\Users\Alumnos\Documents\sysce\ve_sysce\lib\site-packages\django\db\models\sql\query.py", line 1253, in _add_q
    allow_joins=allow_joins, split_subq=split_subq,
  File "C:\Users\Alumnos\Documents\sysce\ve_sysce\lib\site-packages\django\db\models\sql\query.py", line 1133, in build_filter
    lookups, parts, reffed_expression = self.solve_lookup_type(arg)
  File "C:\Users\Alumnos\Documents\sysce\ve_sysce\lib\site-packages\django\db\models\sql\query.py", line 1019, in solve_lookup_type
    _, field, _, lookup_parts = self.names_to_path(lookup_splitted, self.get_meta())
  File "C:\Users\Alumnos\Documents\sysce\ve_sysce\lib\site-packages\django\db\models\sql\query.py", line 1327, in names_to_path
    "Choices are: %s" % (name, ", ".join(available)))
django.core.exceptions.FieldError: Cannot resolve keyword 'codename' into field. Choices are: alumno, apellido_materno, apellido_paterno, apoderado, direccion, dni, docente, email, fecha_nacimiento, foto, id, lugar_nacimiento, nombre, sexo, telefono
[2016-12-01 14:17:24] DEBUG [django.db.backends:90] (0.001) SELECT "oauth2_provider_accesstoken"."id", "oauth2_provider_accesstoken"."user_id", "oauth2_provider_accesstoken"."token", "oauth2_provider_accesstoken"."application_id", "oauth2_provider_accesstoken"."expires", "oauth2_provider_accesstoken"."scope", "auths_user"."password", "auths_user"."last_login", "auths_user"."is_superuser", "auths_user"."username", "auths_user"."first_name", "auths_user"."last_name", "auths_user"."email", "auths_user"."is_staff", "auths_user"."is_active", "auths_user"."date_joined", "auths_user"."id", "auths_user"."last_hierarchy_id", "auths_user"."last_module_id", "auths_user"."person_id", "auths_user"."updated_at", "auths_user"."registered_by", "oauth2_provider_application"."id", "oauth2_provider_application"."client_id", "oauth2_provider_application"."user_id", "oauth2_provider_application"."redirect_uris", "oauth2_provider_application"."client_type", "oauth2_provider_application"."authorization_grant_type", "oauth2_provider_application"."client_secret", "oauth2_provider_application"."name", "oauth2_provider_application"."skip_authorization" FROM "oauth2_provider_accesstoken" LEFT OUTER JOIN "auths_user" ON ("oauth2_provider_accesstoken"."user_id" = "auths_user"."id") INNER JOIN "oauth2_provider_application" ON ("oauth2_provider_accesstoken"."application_id" = "oauth2_provider_application"."id") WHERE "oauth2_provider_accesstoken"."token" = 'u1x8PNNWzUzknYdifNQLdJEHdIRupD'; args=('u1x8PNNWzUzknYdifNQLdJEHdIRupD',)
[2016-12-01 14:17:24] DEBUG [django.db.backends:90] (0.000) SELECT "oauth2_provider_accesstoken"."id", "oauth2_provider_accesstoken"."user_id", "oauth2_provider_accesstoken"."token", "oauth2_provider_accesstoken"."application_id", "oauth2_provider_accesstoken"."expires", "oauth2_provider_accesstoken"."scope", "auths_user"."password", "auths_user"."last_login", "auths_user"."is_superuser", "auths_user"."username", "auths_user"."first_name", "auths_user"."last_name", "auths_user"."email", "auths_user"."is_staff", "auths_user"."is_active", "auths_user"."date_joined", "auths_user"."id", "auths_user"."last_hierarchy_id", "auths_user"."last_module_id", "auths_user"."person_id", "auths_user"."updated_at", "auths_user"."registered_by", "oauth2_provider_application"."id", "oauth2_provider_application"."client_id", "oauth2_provider_application"."user_id", "oauth2_provider_application"."redirect_uris", "oauth2_provider_application"."client_type", "oauth2_provider_application"."authorization_grant_type", "oauth2_provider_application"."client_secret", "oauth2_provider_application"."name", "oauth2_provider_application"."skip_authorization" FROM "oauth2_provider_accesstoken" LEFT OUTER JOIN "auths_user" ON ("oauth2_provider_accesstoken"."user_id" = "auths_user"."id") INNER JOIN "oauth2_provider_application" ON ("oauth2_provider_accesstoken"."application_id" = "oauth2_provider_application"."id") WHERE "oauth2_provider_accesstoken"."token" = 'u1x8PNNWzUzknYdifNQLdJEHdIRupD'; args=('u1x8PNNWzUzknYdifNQLdJEHdIRupD',)
[2016-12-01 14:17:24] ERROR [django.request:124] Internal Server Error: /api/registro/personas/
Traceback (most recent call last):
  File "C:\Users\Alumnos\Documents\sysce\ve_sysce\lib\site-packages\django\core\handlers\exception.py", line 39, in inner
    response = get_response(request)
  File "C:\Users\Alumnos\Documents\sysce\ve_sysce\lib\site-packages\django\core\handlers\base.py", line 249, in _legacy_get_response
    response = self._get_response(request)
  File "C:\Users\Alumnos\Documents\sysce\ve_sysce\lib\site-packages\django\core\handlers\base.py", line 187, in _get_response
    response = self.process_exception_by_middleware(e, request)
  File "C:\Users\Alumnos\Documents\sysce\ve_sysce\lib\site-packages\django\core\handlers\base.py", line 185, in _get_response
    response = wrapped_callback(request, *callback_args, **callback_kwargs)
  File "C:\Users\Alumnos\Documents\sysce\ve_sysce\lib\site-packages\django\views\decorators\csrf.py", line 58, in wrapped_view
    return view_func(*args, **kwargs)
  File "C:\Users\Alumnos\Documents\sysce\ve_sysce\lib\site-packages\rest_framework\viewsets.py", line 83, in view
    return self.dispatch(request, *args, **kwargs)
  File "C:\Users\Alumnos\Documents\sysce\ve_sysce\lib\site-packages\rest_framework\views.py", line 477, in dispatch
    response = self.handle_exception(exc)
  File "C:\Users\Alumnos\Documents\sysce\ve_sysce\lib\site-packages\rest_framework\views.py", line 437, in handle_exception
    self.raise_uncaught_exception(exc)
  File "C:\Users\Alumnos\Documents\sysce\ve_sysce\lib\site-packages\rest_framework\views.py", line 465, in dispatch
    self.initial(request, *args, **kwargs)
  File "C:\Users\Alumnos\Documents\sysce\ve_sysce\lib\site-packages\rest_framework\views.py", line 388, in initial
    self.check_permissions(request)
  File "C:\Users\Alumnos\Documents\sysce\ve_sysce\lib\site-packages\rest_framework\views.py", line 321, in check_permissions
    if not permission.has_permission(request, self):
  File "C:\Users\Alumnos\Documents\sysce\sysce_service\sysce_service_apps\utils\permissions.py", line 108, in has_permission
    queryset = view.get_queryset()
  File "C:\Users\Alumnos\Documents\sysce\sysce_service\sysce_service_apps\utils\pagination.py", line 118, in get_queryset
    self.default_search(self.default_fields, search))
  File "C:\Users\Alumnos\Documents\sysce\ve_sysce\lib\site-packages\django\db\models\query.py", line 796, in filter
    return self._filter_or_exclude(False, *args, **kwargs)
  File "C:\Users\Alumnos\Documents\sysce\ve_sysce\lib\site-packages\django\db\models\query.py", line 814, in _filter_or_exclude
    clone.query.add_q(Q(*args, **kwargs))
  File "C:\Users\Alumnos\Documents\sysce\ve_sysce\lib\site-packages\django\db\models\sql\query.py", line 1227, in add_q
    clause, _ = self._add_q(q_object, self.used_aliases)
  File "C:\Users\Alumnos\Documents\sysce\ve_sysce\lib\site-packages\django\db\models\sql\query.py", line 1247, in _add_q
    current_negated, allow_joins, split_subq)
  File "C:\Users\Alumnos\Documents\sysce\ve_sysce\lib\site-packages\django\db\models\sql\query.py", line 1253, in _add_q
    allow_joins=allow_joins, split_subq=split_subq,
  File "C:\Users\Alumnos\Documents\sysce\ve_sysce\lib\site-packages\django\db\models\sql\query.py", line 1133, in build_filter
    lookups, parts, reffed_expression = self.solve_lookup_type(arg)
  File "C:\Users\Alumnos\Documents\sysce\ve_sysce\lib\site-packages\django\db\models\sql\query.py", line 1019, in solve_lookup_type
    _, field, _, lookup_parts = self.names_to_path(lookup_splitted, self.get_meta())
  File "C:\Users\Alumnos\Documents\sysce\ve_sysce\lib\site-packages\django\db\models\sql\query.py", line 1327, in names_to_path
    "Choices are: %s" % (name, ", ".join(available)))
django.core.exceptions.FieldError: Cannot resolve keyword 'codename' into field. Choices are: alumno, apellido_materno, apellido_paterno, apoderado, direccion, dni, docente, email, fecha_nacimiento, foto, id, lugar_nacimiento, nombre, sexo, telefono
[2016-12-01 14:17:24] INFO [django.server:131] "OPTIONS /api/registro/personas/?query=asc HTTP/1.1" 200 0
[2016-12-01 14:17:24] DEBUG [django.db.backends:90] (0.003) SELECT "registro_persona"."id", "registro_persona"."nombre", "registro_persona"."apellido_paterno", "registro_persona"."apellido_materno", "registro_persona"."dni", "registro_persona"."telefono", "registro_persona"."sexo", "registro_persona"."email", "registro_persona"."fecha_nacimiento", "registro_persona"."lugar_nacimiento", "registro_persona"."direccion", "registro_persona"."foto" FROM "registro_persona" LIMIT 21; args=()
[2016-12-01 14:17:24] DEBUG [django.db.backends:90] (0.000) SELECT "registro_persona"."id", "registro_persona"."nombre", "registro_persona"."apellido_paterno", "registro_persona"."apellido_materno", "registro_persona"."dni", "registro_persona"."telefono", "registro_persona"."sexo", "registro_persona"."email", "registro_persona"."fecha_nacimiento", "registro_persona"."lugar_nacimiento", "registro_persona"."direccion", "registro_persona"."foto" FROM "registro_persona" LIMIT 21; args=()
[2016-12-01 14:17:24] DEBUG [django.db.backends:90] (0.002) SELECT "oauth2_provider_accesstoken"."id", "oauth2_provider_accesstoken"."user_id", "oauth2_provider_accesstoken"."token", "oauth2_provider_accesstoken"."application_id", "oauth2_provider_accesstoken"."expires", "oauth2_provider_accesstoken"."scope", "auths_user"."password", "auths_user"."last_login", "auths_user"."is_superuser", "auths_user"."username", "auths_user"."first_name", "auths_user"."last_name", "auths_user"."email", "auths_user"."is_staff", "auths_user"."is_active", "auths_user"."date_joined", "auths_user"."id", "auths_user"."last_hierarchy_id", "auths_user"."last_module_id", "auths_user"."person_id", "auths_user"."updated_at", "auths_user"."registered_by", "oauth2_provider_application"."id", "oauth2_provider_application"."client_id", "oauth2_provider_application"."user_id", "oauth2_provider_application"."redirect_uris", "oauth2_provider_application"."client_type", "oauth2_provider_application"."authorization_grant_type", "oauth2_provider_application"."client_secret", "oauth2_provider_application"."name", "oauth2_provider_application"."skip_authorization" FROM "oauth2_provider_accesstoken" LEFT OUTER JOIN "auths_user" ON ("oauth2_provider_accesstoken"."user_id" = "auths_user"."id") INNER JOIN "oauth2_provider_application" ON ("oauth2_provider_accesstoken"."application_id" = "oauth2_provider_application"."id") WHERE "oauth2_provider_accesstoken"."token" = 'u1x8PNNWzUzknYdifNQLdJEHdIRupD'; args=('u1x8PNNWzUzknYdifNQLdJEHdIRupD',)
[2016-12-01 14:17:24] DEBUG [django.db.backends:90] (0.001) SELECT "registro_persona"."id", "registro_persona"."nombre", "registro_persona"."apellido_paterno", "registro_persona"."apellido_materno", "registro_persona"."dni", "registro_persona"."telefono", "registro_persona"."sexo", "registro_persona"."email", "registro_persona"."fecha_nacimiento", "registro_persona"."lugar_nacimiento", "registro_persona"."direccion", "registro_persona"."foto" FROM "registro_persona" LIMIT 21; args=()
[2016-12-01 14:17:24] DEBUG [django.db.backends:90] (0.002) SELECT "oauth2_provider_accesstoken"."id", "oauth2_provider_accesstoken"."user_id", "oauth2_provider_accesstoken"."token", "oauth2_provider_accesstoken"."application_id", "oauth2_provider_accesstoken"."expires", "oauth2_provider_accesstoken"."scope", "auths_user"."password", "auths_user"."last_login", "auths_user"."is_superuser", "auths_user"."username", "auths_user"."first_name", "auths_user"."last_name", "auths_user"."email", "auths_user"."is_staff", "auths_user"."is_active", "auths_user"."date_joined", "auths_user"."id", "auths_user"."last_hierarchy_id", "auths_user"."last_module_id", "auths_user"."person_id", "auths_user"."updated_at", "auths_user"."registered_by", "oauth2_provider_application"."id", "oauth2_provider_application"."client_id", "oauth2_provider_application"."user_id", "oauth2_provider_application"."redirect_uris", "oauth2_provider_application"."client_type", "oauth2_provider_application"."authorization_grant_type", "oauth2_provider_application"."client_secret", "oauth2_provider_application"."name", "oauth2_provider_application"."skip_authorization" FROM "oauth2_provider_accesstoken" LEFT OUTER JOIN "auths_user" ON ("oauth2_provider_accesstoken"."user_id" = "auths_user"."id") INNER JOIN "oauth2_provider_application" ON ("oauth2_provider_accesstoken"."application_id" = "oauth2_provider_application"."id") WHERE "oauth2_provider_accesstoken"."token" = 'u1x8PNNWzUzknYdifNQLdJEHdIRupD'; args=('u1x8PNNWzUzknYdifNQLdJEHdIRupD',)
[2016-12-01 14:17:24] DEBUG [django.db.backends:90] (0.000) SELECT "registro_persona"."id", "registro_persona"."nombre", "registro_persona"."apellido_paterno", "registro_persona"."apellido_materno", "registro_persona"."dni", "registro_persona"."telefono", "registro_persona"."sexo", "registro_persona"."email", "registro_persona"."fecha_nacimiento", "registro_persona"."lugar_nacimiento", "registro_persona"."direccion", "registro_persona"."foto" FROM "registro_persona" LIMIT 21; args=()
[2016-12-01 14:17:24] ERROR [django.request:124] Internal Server Error: /api/registro/personas/
Traceback (most recent call last):
  File "C:\Users\Alumnos\Documents\sysce\ve_sysce\lib\site-packages\django\core\handlers\exception.py", line 39, in inner
    response = get_response(request)
  File "C:\Users\Alumnos\Documents\sysce\ve_sysce\lib\site-packages\django\core\handlers\base.py", line 249, in _legacy_get_response
    response = self._get_response(request)
  File "C:\Users\Alumnos\Documents\sysce\ve_sysce\lib\site-packages\django\core\handlers\base.py", line 187, in _get_response
    response = self.process_exception_by_middleware(e, request)
  File "C:\Users\Alumnos\Documents\sysce\ve_sysce\lib\site-packages\django\core\handlers\base.py", line 185, in _get_response
    response = wrapped_callback(request, *callback_args, **callback_kwargs)
  File "C:\Users\Alumnos\Documents\sysce\ve_sysce\lib\site-packages\django\views\decorators\csrf.py", line 58, in wrapped_view
    return view_func(*args, **kwargs)
  File "C:\Users\Alumnos\Documents\sysce\ve_sysce\lib\site-packages\rest_framework\viewsets.py", line 83, in view
    return self.dispatch(request, *args, **kwargs)
  File "C:\Users\Alumnos\Documents\sysce\ve_sysce\lib\site-packages\rest_framework\views.py", line 477, in dispatch
    response = self.handle_exception(exc)
  File "C:\Users\Alumnos\Documents\sysce\ve_sysce\lib\site-packages\rest_framework\views.py", line 437, in handle_exception
    self.raise_uncaught_exception(exc)
  File "C:\Users\Alumnos\Documents\sysce\ve_sysce\lib\site-packages\rest_framework\views.py", line 465, in dispatch
    self.initial(request, *args, **kwargs)
  File "C:\Users\Alumnos\Documents\sysce\ve_sysce\lib\site-packages\rest_framework\views.py", line 388, in initial
    self.check_permissions(request)
  File "C:\Users\Alumnos\Documents\sysce\ve_sysce\lib\site-packages\rest_framework\views.py", line 321, in check_permissions
    if not permission.has_permission(request, self):
  File "C:\Users\Alumnos\Documents\sysce\sysce_service\sysce_service_apps\utils\permissions.py", line 108, in has_permission
    queryset = view.get_queryset()
  File "C:\Users\Alumnos\Documents\sysce\sysce_service\sysce_service_apps\utils\pagination.py", line 118, in get_queryset
    self.default_search(self.default_fields, search))
  File "C:\Users\Alumnos\Documents\sysce\ve_sysce\lib\site-packages\django\db\models\query.py", line 796, in filter
    return self._filter_or_exclude(False, *args, **kwargs)
  File "C:\Users\Alumnos\Documents\sysce\ve_sysce\lib\site-packages\django\db\models\query.py", line 814, in _filter_or_exclude
    clone.query.add_q(Q(*args, **kwargs))
  File "C:\Users\Alumnos\Documents\sysce\ve_sysce\lib\site-packages\django\db\models\sql\query.py", line 1227, in add_q
    clause, _ = self._add_q(q_object, self.used_aliases)
  File "C:\Users\Alumnos\Documents\sysce\ve_sysce\lib\site-packages\django\db\models\sql\query.py", line 1247, in _add_q
    current_negated, allow_joins, split_subq)
  File "C:\Users\Alumnos\Documents\sysce\ve_sysce\lib\site-packages\django\db\models\sql\query.py", line 1253, in _add_q
    allow_joins=allow_joins, split_subq=split_subq,
  File "C:\Users\Alumnos\Documents\sysce\ve_sysce\lib\site-packages\django\db\models\sql\query.py", line 1133, in build_filter
    lookups, parts, reffed_expression = self.solve_lookup_type(arg)
  File "C:\Users\Alumnos\Documents\sysce\ve_sysce\lib\site-packages\django\db\models\sql\query.py", line 1019, in solve_lookup_type
    _, field, _, lookup_parts = self.names_to_path(lookup_splitted, self.get_meta())
  File "C:\Users\Alumnos\Documents\sysce\ve_sysce\lib\site-packages\django\db\models\sql\query.py", line 1327, in names_to_path
    "Choices are: %s" % (name, ", ".join(available)))
django.core.exceptions.FieldError: Cannot resolve keyword 'codename' into field. Choices are: alumno, apellido_materno, apellido_paterno, apoderado, direccion, dni, docente, email, fecha_nacimiento, foto, id, lugar_nacimiento, nombre, sexo, telefono
[2016-12-01 14:17:24] DEBUG [django.db.backends:90] (0.001) SELECT "registro_persona"."id", "registro_persona"."nombre", "registro_persona"."apellido_paterno", "registro_persona"."apellido_materno", "registro_persona"."dni", "registro_persona"."telefono", "registro_persona"."sexo", "registro_persona"."email", "registro_persona"."fecha_nacimiento", "registro_persona"."lugar_nacimiento", "registro_persona"."direccion", "registro_persona"."foto" FROM "registro_persona" LIMIT 21; args=()
[2016-12-01 14:17:24] DEBUG [django.db.backends:90] (0.000) SELECT "registro_persona"."id", "registro_persona"."nombre", "registro_persona"."apellido_paterno", "registro_persona"."apellido_materno", "registro_persona"."dni", "registro_persona"."telefono", "registro_persona"."sexo", "registro_persona"."email", "registro_persona"."fecha_nacimiento", "registro_persona"."lugar_nacimiento", "registro_persona"."direccion", "registro_persona"."foto" FROM "registro_persona" LIMIT 21; args=()
[2016-12-01 14:17:24] DEBUG [django.db.backends:90] (0.001) SELECT "registro_persona"."id", "registro_persona"."nombre", "registro_persona"."apellido_paterno", "registro_persona"."apellido_materno", "registro_persona"."dni", "registro_persona"."telefono", "registro_persona"."sexo", "registro_persona"."email", "registro_persona"."fecha_nacimiento", "registro_persona"."lugar_nacimiento", "registro_persona"."direccion", "registro_persona"."foto" FROM "registro_persona" LIMIT 21; args=()
[2016-12-01 14:17:24] DEBUG [django.db.backends:90] (0.000) SELECT "registro_persona"."id", "registro_persona"."nombre", "registro_persona"."apellido_paterno", "registro_persona"."apellido_materno", "registro_persona"."dni", "registro_persona"."telefono", "registro_persona"."sexo", "registro_persona"."email", "registro_persona"."fecha_nacimiento", "registro_persona"."lugar_nacimiento", "registro_persona"."direccion", "registro_persona"."foto" FROM "registro_persona" LIMIT 21; args=()
[2016-12-01 14:17:24] ERROR [django.server:131] "GET /api/registro/personas/?query=a HTTP/1.1" 500 21323
[2016-12-01 14:17:24] ERROR [django.server:131] "GET /api/registro/personas/?query=as HTTP/1.1" 500 21326
[2016-12-01 14:17:24] DEBUG [django.db.backends:90] (0.000) SELECT "registro_persona"."id", "registro_persona"."nombre", "registro_persona"."apellido_paterno", "registro_persona"."apellido_materno", "registro_persona"."dni", "registro_persona"."telefono", "registro_persona"."sexo", "registro_persona"."email", "registro_persona"."fecha_nacimiento", "registro_persona"."lugar_nacimiento", "registro_persona"."direccion", "registro_persona"."foto" FROM "registro_persona" LIMIT 21; args=()
[2016-12-01 14:17:24] DEBUG [django.db.backends:90] (0.000) SELECT "registro_persona"."id", "registro_persona"."nombre", "registro_persona"."apellido_paterno", "registro_persona"."apellido_materno", "registro_persona"."dni", "registro_persona"."telefono", "registro_persona"."sexo", "registro_persona"."email", "registro_persona"."fecha_nacimiento", "registro_persona"."lugar_nacimiento", "registro_persona"."direccion", "registro_persona"."foto" FROM "registro_persona" LIMIT 21; args=()
[2016-12-01 14:17:24] DEBUG [django.db.backends:90] (0.000) SELECT "registro_persona"."id", "registro_persona"."nombre", "registro_persona"."apellido_paterno", "registro_persona"."apellido_materno", "registro_persona"."dni", "registro_persona"."telefono", "registro_persona"."sexo", "registro_persona"."email", "registro_persona"."fecha_nacimiento", "registro_persona"."lugar_nacimiento", "registro_persona"."direccion", "registro_persona"."foto" FROM "registro_persona" LIMIT 21; args=()
[2016-12-01 14:17:24] DEBUG [django.db.backends:90] (0.001) SELECT "registro_persona"."id", "registro_persona"."nombre", "registro_persona"."apellido_paterno", "registro_persona"."apellido_materno", "registro_persona"."dni", "registro_persona"."telefono", "registro_persona"."sexo", "registro_persona"."email", "registro_persona"."fecha_nacimiento", "registro_persona"."lugar_nacimiento", "registro_persona"."direccion", "registro_persona"."foto" FROM "registro_persona" LIMIT 21; args=()
[2016-12-01 14:17:24] ERROR [django.server:131] "GET /api/registro/personas/?query=asc HTTP/1.1" 500 21329
[2016-12-01 14:17:25] INFO [django.server:131] "OPTIONS /api/registro/alumnos/ HTTP/1.1" 200 0
[2016-12-01 14:17:25] DEBUG [django.db.backends:90] (0.001) SELECT "oauth2_provider_accesstoken"."id", "oauth2_provider_accesstoken"."user_id", "oauth2_provider_accesstoken"."token", "oauth2_provider_accesstoken"."application_id", "oauth2_provider_accesstoken"."expires", "oauth2_provider_accesstoken"."scope", "auths_user"."password", "auths_user"."last_login", "auths_user"."is_superuser", "auths_user"."username", "auths_user"."first_name", "auths_user"."last_name", "auths_user"."email", "auths_user"."is_staff", "auths_user"."is_active", "auths_user"."date_joined", "auths_user"."id", "auths_user"."last_hierarchy_id", "auths_user"."last_module_id", "auths_user"."person_id", "auths_user"."updated_at", "auths_user"."registered_by", "oauth2_provider_application"."id", "oauth2_provider_application"."client_id", "oauth2_provider_application"."user_id", "oauth2_provider_application"."redirect_uris", "oauth2_provider_application"."client_type", "oauth2_provider_application"."authorization_grant_type", "oauth2_provider_application"."client_secret", "oauth2_provider_application"."name", "oauth2_provider_application"."skip_authorization" FROM "oauth2_provider_accesstoken" LEFT OUTER JOIN "auths_user" ON ("oauth2_provider_accesstoken"."user_id" = "auths_user"."id") INNER JOIN "oauth2_provider_application" ON ("oauth2_provider_accesstoken"."application_id" = "oauth2_provider_application"."id") WHERE "oauth2_provider_accesstoken"."token" = 'u1x8PNNWzUzknYdifNQLdJEHdIRupD'; args=('u1x8PNNWzUzknYdifNQLdJEHdIRupD',)
[2016-12-01 14:17:25] DEBUG [django.db.backends:90] (0.000) SELECT "oauth2_provider_accesstoken"."id", "oauth2_provider_accesstoken"."user_id", "oauth2_provider_accesstoken"."token", "oauth2_provider_accesstoken"."application_id", "oauth2_provider_accesstoken"."expires", "oauth2_provider_accesstoken"."scope", "auths_user"."password", "auths_user"."last_login", "auths_user"."is_superuser", "auths_user"."username", "auths_user"."first_name", "auths_user"."last_name", "auths_user"."email", "auths_user"."is_staff", "auths_user"."is_active", "auths_user"."date_joined", "auths_user"."id", "auths_user"."last_hierarchy_id", "auths_user"."last_module_id", "auths_user"."person_id", "auths_user"."updated_at", "auths_user"."registered_by", "oauth2_provider_application"."id", "oauth2_provider_application"."client_id", "oauth2_provider_application"."user_id", "oauth2_provider_application"."redirect_uris", "oauth2_provider_application"."client_type", "oauth2_provider_application"."authorization_grant_type", "oauth2_provider_application"."client_secret", "oauth2_provider_application"."name", "oauth2_provider_application"."skip_authorization" FROM "oauth2_provider_accesstoken" LEFT OUTER JOIN "auths_user" ON ("oauth2_provider_accesstoken"."user_id" = "auths_user"."id") INNER JOIN "oauth2_provider_application" ON ("oauth2_provider_accesstoken"."application_id" = "oauth2_provider_application"."id") WHERE "oauth2_provider_accesstoken"."token" = 'u1x8PNNWzUzknYdifNQLdJEHdIRupD'; args=('u1x8PNNWzUzknYdifNQLdJEHdIRupD',)
[2016-12-01 14:17:25] DEBUG [django.db.backends:90] (0.000) SELECT "registro_alumno"."id", "registro_alumno"."persona_id", "registro_alumno"."cargoEscolar_id", "registro_alumno"."cargaAcademica_id", "registro_alumno"."colegio_id", "registro_alumno"."estado" FROM "registro_alumno"; args=()
[2016-12-01 14:17:25] DEBUG [django.db.backends:90] (0.000) SELECT "registro_persona"."id", "registro_persona"."nombre", "registro_persona"."apellido_paterno", "registro_persona"."apellido_materno", "registro_persona"."dni", "registro_persona"."telefono", "registro_persona"."sexo", "registro_persona"."email", "registro_persona"."fecha_nacimiento", "registro_persona"."lugar_nacimiento", "registro_persona"."direccion", "registro_persona"."foto" FROM "registro_persona" WHERE "registro_persona"."id" = '0330e63ddfa54f07a5be8fc1754f460f'; args=('0330e63ddfa54f07a5be8fc1754f460f',)
[2016-12-01 14:17:25] DEBUG [django.db.backends:90] (0.000) SELECT "registro_cargoescolar"."id", "registro_cargoescolar"."nombre", "registro_cargoescolar"."tipo" FROM "registro_cargoescolar" WHERE "registro_cargoescolar"."id" = 1; args=(1,)
[2016-12-01 14:17:25] DEBUG [django.db.backends:90] (0.000) SELECT "registro_colegio"."id", "registro_colegio"."nombre", "registro_colegio"."direccion", "registro_colegio"."departamento", "registro_colegio"."provincia", "registro_colegio"."distrito", "registro_colegio"."telefono", "registro_colegio"."descripcion" FROM "registro_colegio" WHERE "registro_colegio"."id" = 3; args=(3,)
[2016-12-01 14:17:25] DEBUG [django.db.backends:90] (0.000) SELECT "registro_persona"."id", "registro_persona"."nombre", "registro_persona"."apellido_paterno", "registro_persona"."apellido_materno", "registro_persona"."dni", "registro_persona"."telefono", "registro_persona"."sexo", "registro_persona"."email", "registro_persona"."fecha_nacimiento", "registro_persona"."lugar_nacimiento", "registro_persona"."direccion", "registro_persona"."foto" FROM "registro_persona" WHERE "registro_persona"."id" = 'c5e6af20eafb42e492bca4cc5c2b470e'; args=('c5e6af20eafb42e492bca4cc5c2b470e',)
[2016-12-01 14:17:25] DEBUG [django.db.backends:90] (0.000) SELECT "registro_cargoescolar"."id", "registro_cargoescolar"."nombre", "registro_cargoescolar"."tipo" FROM "registro_cargoescolar" WHERE "registro_cargoescolar"."id" = 2; args=(2,)
[2016-12-01 14:17:25] DEBUG [django.db.backends:90] (0.000) SELECT "registro_colegio"."id", "registro_colegio"."nombre", "registro_colegio"."direccion", "registro_colegio"."departamento", "registro_colegio"."provincia", "registro_colegio"."distrito", "registro_colegio"."telefono", "registro_colegio"."descripcion" FROM "registro_colegio" WHERE "registro_colegio"."id" = 2; args=(2,)
[2016-12-01 14:17:25] INFO [django.server:131] "GET /api/registro/alumnos/ HTTP/1.1" 200 439
[2016-12-01 14:17:26] INFO [django.server:131] "OPTIONS /api/registro/personas/ HTTP/1.1" 200 0
[2016-12-01 14:17:26] DEBUG [django.db.backends:90] (0.002) SELECT "oauth2_provider_accesstoken"."id", "oauth2_provider_accesstoken"."user_id", "oauth2_provider_accesstoken"."token", "oauth2_provider_accesstoken"."application_id", "oauth2_provider_accesstoken"."expires", "oauth2_provider_accesstoken"."scope", "auths_user"."password", "auths_user"."last_login", "auths_user"."is_superuser", "auths_user"."username", "auths_user"."first_name", "auths_user"."last_name", "auths_user"."email", "auths_user"."is_staff", "auths_user"."is_active", "auths_user"."date_joined", "auths_user"."id", "auths_user"."last_hierarchy_id", "auths_user"."last_module_id", "auths_user"."person_id", "auths_user"."updated_at", "auths_user"."registered_by", "oauth2_provider_application"."id", "oauth2_provider_application"."client_id", "oauth2_provider_application"."user_id", "oauth2_provider_application"."redirect_uris", "oauth2_provider_application"."client_type", "oauth2_provider_application"."authorization_grant_type", "oauth2_provider_application"."client_secret", "oauth2_provider_application"."name", "oauth2_provider_application"."skip_authorization" FROM "oauth2_provider_accesstoken" LEFT OUTER JOIN "auths_user" ON ("oauth2_provider_accesstoken"."user_id" = "auths_user"."id") INNER JOIN "oauth2_provider_application" ON ("oauth2_provider_accesstoken"."application_id" = "oauth2_provider_application"."id") WHERE "oauth2_provider_accesstoken"."token" = 'u1x8PNNWzUzknYdifNQLdJEHdIRupD'; args=('u1x8PNNWzUzknYdifNQLdJEHdIRupD',)
[2016-12-01 14:17:26] DEBUG [django.db.backends:90] (0.001) SELECT "oauth2_provider_accesstoken"."id", "oauth2_provider_accesstoken"."user_id", "oauth2_provider_accesstoken"."token", "oauth2_provider_accesstoken"."application_id", "oauth2_provider_accesstoken"."expires", "oauth2_provider_accesstoken"."scope", "auths_user"."password", "auths_user"."last_login", "auths_user"."is_superuser", "auths_user"."username", "auths_user"."first_name", "auths_user"."last_name", "auths_user"."email", "auths_user"."is_staff", "auths_user"."is_active", "auths_user"."date_joined", "auths_user"."id", "auths_user"."last_hierarchy_id", "auths_user"."last_module_id", "auths_user"."person_id", "auths_user"."updated_at", "auths_user"."registered_by", "oauth2_provider_application"."id", "oauth2_provider_application"."client_id", "oauth2_provider_application"."user_id", "oauth2_provider_application"."redirect_uris", "oauth2_provider_application"."client_type", "oauth2_provider_application"."authorization_grant_type", "oauth2_provider_application"."client_secret", "oauth2_provider_application"."name", "oauth2_provider_application"."skip_authorization" FROM "oauth2_provider_accesstoken" LEFT OUTER JOIN "auths_user" ON ("oauth2_provider_accesstoken"."user_id" = "auths_user"."id") INNER JOIN "oauth2_provider_application" ON ("oauth2_provider_accesstoken"."application_id" = "oauth2_provider_application"."id") WHERE "oauth2_provider_accesstoken"."token" = 'u1x8PNNWzUzknYdifNQLdJEHdIRupD'; args=('u1x8PNNWzUzknYdifNQLdJEHdIRupD',)
[2016-12-01 14:17:26] DEBUG [django.db.backends:90] (0.000) SELECT COUNT(*) AS "__count" FROM "registro_persona"; args=()
[2016-12-01 14:17:26] DEBUG [django.db.backends:90] (0.000) SELECT "registro_persona"."id", "registro_persona"."nombre", "registro_persona"."apellido_paterno", "registro_persona"."apellido_materno", "registro_persona"."dni", "registro_persona"."telefono", "registro_persona"."sexo", "registro_persona"."email", "registro_persona"."fecha_nacimiento", "registro_persona"."lugar_nacimiento", "registro_persona"."direccion", "registro_persona"."foto" FROM "registro_persona" LIMIT 5; args=()
[2016-12-01 14:17:26] INFO [django.server:131] "GET /api/registro/personas/ HTTP/1.1" 200 1569
