[2016-11-05 15:24:39] DEBUG [django.db.backends:90] (0.000) 
            SELECT name, type FROM sqlite_master
            WHERE type in ('table', 'view') AND NOT name='sqlite_sequence'
            ORDER BY name; args=None
[2016-11-05 15:24:39] DEBUG [django.db.backends:90] (0.000) SELECT "django_migrations"."app", "django_migrations"."name" FROM "django_migrations"; args=()
[2016-11-05 15:24:47] DEBUG [django.db.backends:90] (0.004) SELECT "django_session"."session_key", "django_session"."session_data", "django_session"."expire_date" FROM "django_session" WHERE ("django_session"."expire_date" > '2016-11-05 20:24:47.318432' AND "django_session"."session_key" = 'wp6rrny9fpb0vsj990hnjk76oosvpp5s'); args=('2016-11-05 20:24:47.318432', 'wp6rrny9fpb0vsj990hnjk76oosvpp5s')
[2016-11-05 15:24:47] DEBUG [django.db.backends:90] (0.000) SELECT "auths_user"."password", "auths_user"."last_login", "auths_user"."is_superuser", "auths_user"."username", "auths_user"."first_name", "auths_user"."last_name", "auths_user"."email", "auths_user"."is_staff", "auths_user"."is_active", "auths_user"."date_joined", "auths_user"."id", "auths_user"."last_hierarchy_id", "auths_user"."last_module_id", "auths_user"."person_id", "auths_user"."updated_at", "auths_user"."registered_by" FROM "auths_user" WHERE "auths_user"."id" = 'ec5a24a408ba4a769be83861356f31de'; args=('ec5a24a408ba4a769be83861356f31de',)
[2016-11-05 15:24:47] DEBUG [django.template:929] Exception while resolving variable 'is_popup' in template 'admin/index.html'.
Traceback (most recent call last):
  File "C:\Users\PANTIG~1\DOCUME~1\DISEOW~1\sysce\ve_sysce\lib\site-packages\django\template\base.py", line 885, in _resolve_lookup
    current = current[bit]
  File "C:\Users\PANTIG~1\DOCUME~1\DISEOW~1\sysce\ve_sysce\lib\site-packages\django\template\context.py", line 75, in __getitem__
    raise KeyError(key)
KeyError: 'is_popup'

During handling of the above exception, another exception occurred:

Traceback (most recent call last):
  File "C:\Users\PANTIG~1\DOCUME~1\DISEOW~1\sysce\ve_sysce\lib\site-packages\django\template\base.py", line 891, in _resolve_lookup
    if isinstance(current, BaseContext) and getattr(type(current), bit):
AttributeError: type object 'RequestContext' has no attribute 'is_popup'

During handling of the above exception, another exception occurred:

Traceback (most recent call last):
  File "C:\Users\PANTIG~1\DOCUME~1\DISEOW~1\sysce\ve_sysce\lib\site-packages\django\template\base.py", line 900, in _resolve_lookup
    current = current[int(bit)]
ValueError: invalid literal for int() with base 10: 'is_popup'

During handling of the above exception, another exception occurred:

Traceback (most recent call last):
  File "C:\Users\PANTIG~1\DOCUME~1\DISEOW~1\sysce\ve_sysce\lib\site-packages\django\template\base.py", line 907, in _resolve_lookup
    (bit, current))  # missing attribute
django.template.base.VariableDoesNotExist: Failed lookup for key [is_popup] in "[{'None': None, 'True': True, 'False': False}, {'perms': <django.contrib.auth.context_processors.PermWrapper object at 0x04FC59B0>, 'request': <WSGIRequest: GET '/admin/'>, 'DEFAULT_MESSAGE_LEVELS': {'DEBUG': 10, 'INFO': 20, 'WARNING': 30, 'ERROR': 40, 'SUCCESS': 25}, 'user': <SimpleLazyObject: <User: pantigoso>>, 'csrf_token': <SimpleLazyObject: <function csrf.<locals>._get_val at 0x043EAC00>>, 'messages': <django.contrib.messages.storage.fallback.FallbackStorage object at 0x043AC050>}, {}, {'site_title': <django.utils.functional.lazy.<locals>.__proxy__ object at 0x035FBCB0>, 'site_url': '/', 'LANGUAGE_CODE': 'en-us', 'has_permission': True, 'available_apps': [{'has_module_perms': True, 'app_url': '/admin/auth/', 'name': <django.utils.functional.lazy.<locals>.__proxy__ object at 0x036870D0>, 'app_label': 'auth', 'models': [{'perms': {'add': True, 'change': True, 'delete': True}, 'object_name': 'Group', 'name': <django.utils.functional.lazy.<locals>.__proxy__ object at 0x04419750>, 'add_url': '/admin/auth/group/add/', 'admin_url': '/admin/auth/group/'}, {'perms': {'add': True, 'change': True, 'delete': True}, 'object_name': 'Permission', 'name': <django.utils.functional.lazy.<locals>.__proxy__ object at 0x04AEA730>, 'add_url': '/admin/auth/permission/add/', 'admin_url': '/admin/auth/permission/'}]}, {'has_module_perms': True, 'app_url': '/admin/auths/', 'name': 'Auths', 'app_label': 'auths', 'models': [{'perms': {'add': True, 'change': True, 'delete': True}, 'object_name': 'HierarchyType', 'name': <django.utils.functional.lazy.<locals>.__proxy__ object at 0x04AEA670>, 'add_url': '/admin/auths/hierarchytype/add/', 'admin_url': '/admin/auths/hierarchytype/'}, {'perms': {'add': True, 'change': True, 'delete': True}, 'object_name': 'Hierarchy', 'name': <django.utils.functional.lazy.<locals>.__proxy__ object at 0x04AEA410>, 'add_url': '/admin/auths/hierarchy/add/', 'admin_url': '/admin/auths/hierarchy/'}, {'perms': {'add': True, 'change': True, 'delete': True}, 'object_name': 'Menu', 'name': <django.utils.functional.lazy.<locals>.__proxy__ object at 0x04AEAC90>, 'add_url': '/admin/auths/menu/add/', 'admin_url': '/admin/auths/menu/'}, {'perms': {'add': True, 'change': True, 'delete': True}, 'object_name': 'Person', 'name': <django.utils.functional.lazy.<locals>.__proxy__ object at 0x04AEABF0>, 'add_url': '/admin/auths/person/add/', 'admin_url': '/admin/auths/person/'}, {'perms': {'add': True, 'change': True, 'delete': True}, 'object_name': 'UserHierarchyGroup', 'name': <django.utils.functional.lazy.<locals>.__proxy__ object at 0x04AEAFB0>, 'add_url': '/admin/auths/userhierarchygroup/add/', 'admin_url': '/admin/auths/userhierarchygroup/'}, {'perms': {'add': True, 'change': True, 'delete': True}, 'object_name': 'UserHierarchyPermission', 'name': <django.utils.functional.lazy.<locals>.__proxy__ object at 0x04419810>, 'add_url': '/admin/auths/userhierarchypermission/add/', 'admin_url': '/admin/auths/userhierarchypermission/'}, {'perms': {'add': True, 'change': True, 'delete': True}, 'object_name': 'User', 'name': <django.utils.functional.lazy.<locals>.__proxy__ object at 0x04419F10>, 'add_url': '/admin/auths/user/add/', 'admin_url': '/admin/auths/user/'}]}, {'has_module_perms': True, 'app_url': '/admin/contenttypes/', 'name': <django.utils.functional.lazy.<locals>.__proxy__ object at 0x03687610>, 'app_label': 'contenttypes', 'models': [{'perms': {'add': True, 'change': True, 'delete': True}, 'object_name': 'ContentType', 'name': <django.utils.functional.lazy.<locals>.__proxy__ object at 0x044199D0>, 'add_url': '/admin/contenttypes/contenttype/add/', 'admin_url': '/admin/contenttypes/contenttype/'}]}, {'has_module_perms': True, 'app_url': '/admin/oauth2_provider/', 'name': 'Django OAuth Toolkit', 'app_label': 'oauth2_provider', 'models': [{'perms': {'add': True, 'change': True, 'delete': True}, 'object_name': 'AccessToken', 'name': <django.utils.functional.lazy.<locals>.__proxy__ object at 0x04AEAAF0>, 'add_url': '/admin/oauth2_provider/accesstoken/add/', 'admin_url': '/admin/oauth2_provider/accesstoken/'}, {'perms': {'add': True, 'change': True, 'delete': True}, 'object_name': 'Application', 'name': <django.utils.functional.lazy.<locals>.__proxy__ object at 0x04419930>, 'add_url': '/admin/oauth2_provider/application/add/', 'admin_url': '/admin/oauth2_provider/application/'}, {'perms': {'add': True, 'change': True, 'delete': True}, 'object_name': 'Grant', 'name': <django.utils.functional.lazy.<locals>.__proxy__ object at 0x04AEA470>, 'add_url': '/admin/oauth2_provider/grant/add/', 'admin_url': '/admin/oauth2_provider/grant/'}, {'perms': {'add': True, 'change': True, 'delete': True}, 'object_name': 'RefreshToken', 'name': <django.utils.functional.lazy.<locals>.__proxy__ object at 0x04419C30>, 'add_url': '/admin/oauth2_provider/refreshtoken/add/', 'admin_url': '/admin/oauth2_provider/refreshtoken/'}]}, {'has_module_perms': True, 'app_url': '/admin/registro/', 'name': 'Registro', 'app_label': 'registro', 'models': [{'perms': {'add': True, 'change': True, 'delete': True}, 'object_name': 'ActividadColegio', 'name': 'ActividadesColegio', 'add_url': '/admin/registro/actividadcolegio/add/', 'admin_url': '/admin/registro/actividadcolegio/'}, {'perms': {'add': True, 'change': True, 'delete': True}, 'object_name': 'ActividadEscolar', 'name': 'ActividadesEscolares', 'add_url': '/admin/registro/actividadescolar/add/', 'admin_url': '/admin/registro/actividadescolar/'}, {'perms': {'add': True, 'change': True, 'delete': True}, 'object_name': 'Alumno', 'name': 'Alumnos', 'add_url': '/admin/registro/alumno/add/', 'admin_url': '/admin/registro/alumno/'}, {'perms': {'add': True, 'change': True, 'delete': True}, 'object_name': 'Apoderado', 'name': 'Apoderados', 'add_url': '/admin/registro/apoderado/add/', 'admin_url': '/admin/registro/apoderado/'}, {'perms': {'add': True, 'change': True, 'delete': True}, 'object_name': 'Asistencia', 'name': 'Asistencias', 'add_url': '/admin/registro/asistencia/add/', 'admin_url': '/admin/registro/asistencia/'}, {'perms': {'add': True, 'change': True, 'delete': True}, 'object_name': 'CargaAcademica', 'name': 'CargasAcademicas', 'add_url': '/admin/registro/cargaacademica/add/', 'admin_url': '/admin/registro/cargaacademica/'}, {'perms': {'add': True, 'change': True, 'delete': True}, 'object_name': 'CargoEscolar', 'name': 'CargosEscolares', 'add_url': '/admin/registro/cargoescolar/add/', 'admin_url': '/admin/registro/cargoescolar/'}, {'perms': {'add': True, 'change': True, 'delete': True}, 'object_name': 'Colegio', 'name': 'Colegios', 'add_url': '/admin/registro/colegio/add/', 'admin_url': '/admin/registro/colegio/'}, {'perms': {'add': True, 'change': True, 'delete': True}, 'object_name': 'Curso', 'name': 'Cursos', 'add_url': '/admin/registro/curso/add/', 'admin_url': '/admin/registro/curso/'}, {'perms': {'add': True, 'change': True, 'delete': True}, 'object_name': 'Docente', 'name': 'Docentes', 'add_url': '/admin/registro/docente/add/', 'admin_url': '/admin/registro/docente/'}, {'perms': {'add': True, 'change': True, 'delete': True}, 'object_name': 'Persona', 'name': 'Personas', 'add_url': '/admin/registro/persona/add/', 'admin_url': '/admin/registro/persona/'}, {'perms': {'add': True, 'change': True, 'delete': True}, 'object_name': 'Salon', 'name': 'Salones', 'add_url': '/admin/registro/salon/add/', 'admin_url': '/admin/registro/salon/'}]}], 'app_list': [{'has_module_perms': True, 'app_url': '/admin/auth/', 'name': <django.utils.functional.lazy.<locals>.__proxy__ object at 0x036870D0>, 'app_label': 'auth', 'models': [{'perms': {'add': True, 'change': True, 'delete': True}, 'object_name': 'Group', 'name': <django.utils.functional.lazy.<locals>.__proxy__ object at 0x043FFE50>, 'add_url': '/admin/auth/group/add/', 'admin_url': '/admin/auth/group/'}, {'perms': {'add': True, 'change': True, 'delete': True}, 'object_name': 'Permission', 'name': <django.utils.functional.lazy.<locals>.__proxy__ object at 0x04AF8070>, 'add_url': '/admin/auth/permission/add/', 'admin_url': '/admin/auth/permission/'}]}, {'has_module_perms': True, 'app_url': '/admin/auths/', 'name': 'Auths', 'app_label': 'auths', 'models': [{'perms': {'add': True, 'change': True, 'delete': True}, 'object_name': 'HierarchyType', 'name': <django.utils.functional.lazy.<locals>.__proxy__ object at 0x04AF83B0>, 'add_url': '/admin/auths/hierarchytype/add/', 'admin_url': '/admin/auths/hierarchytype/'}, {'perms': {'add': True, 'change': True, 'delete': True}, 'object_name': 'Hierarchy', 'name': <django.utils.functional.lazy.<locals>.__proxy__ object at 0x04AF8590>, 'add_url': '/admin/auths/hierarchy/add/', 'admin_url': '/admin/auths/hierarchy/'}, {'perms': {'add': True, 'change': True, 'delete': True}, 'object_name': 'Menu', 'name': <django.utils.functional.lazy.<locals>.__proxy__ object at 0x04AF8390>, 'add_url': '/admin/auths/menu/add/', 'admin_url': '/admin/auths/menu/'}, {'perms': {'add': True, 'change': True, 'delete': True}, 'object_name': 'Person', 'name': <django.utils.functional.lazy.<locals>.__proxy__ object at 0x04AF87B0>, 'add_url': '/admin/auths/person/add/', 'admin_url': '/admin/auths/person/'}, {'perms': {'add': True, 'change': True, 'delete': True}, 'object_name': 'UserHierarchyGroup', 'name': <django.utils.functional.lazy.<locals>.__proxy__ object at 0x04AF8430>, 'add_url': '/admin/auths/userhierarchygroup/add/', 'admin_url': '/admin/auths/userhierarchygroup/'}, {'perms': {'add': True, 'change': True, 'delete': True}, 'object_name': 'UserHierarchyPermission', 'name': <django.utils.functional.lazy.<locals>.__proxy__ object at 0x04AF8250>, 'add_url': '/admin/auths/userhierarchypermission/add/', 'admin_url': '/admin/auths/userhierarchypermission/'}, {'perms': {'add': True, 'change': True, 'delete': True}, 'object_name': 'User', 'name': <django.utils.functional.lazy.<locals>.__proxy__ object at 0x04AF87F0>, 'add_url': '/admin/auths/user/add/', 'admin_url': '/admin/auths/user/'}]}, {'has_module_perms': True, 'app_url': '/admin/contenttypes/', 'name': <django.utils.functional.lazy.<locals>.__proxy__ object at 0x03687610>, 'app_label': 'contenttypes', 'models': [{'perms': {'add': True, 'change': True, 'delete': True}, 'object_name': 'ContentType', 'name': <django.utils.functional.lazy.<locals>.__proxy__ object at 0x043FFD30>, 'add_url': '/admin/contenttypes/contenttype/add/', 'admin_url': '/admin/contenttypes/contenttype/'}]}, {'has_module_perms': True, 'app_url': '/admin/oauth2_provider/', 'name': 'Django OAuth Toolkit', 'app_label': 'oauth2_provider', 'models': [{'perms': {'add': True, 'change': True, 'delete': True}, 'object_name': 'AccessToken', 'name': <django.utils.functional.lazy.<locals>.__proxy__ object at 0x04AF83F0>, 'add_url': '/admin/oauth2_provider/accesstoken/add/', 'admin_url': '/admin/oauth2_provider/accesstoken/'}, {'perms': {'add': True, 'change': True, 'delete': True}, 'object_name': 'Application', 'name': <django.utils.functional.lazy.<locals>.__proxy__ object at 0x04AF8470>, 'add_url': '/admin/oauth2_provider/application/add/', 'admin_url': '/admin/oauth2_provider/application/'}, {'perms': {'add': True, 'change': True, 'delete': True}, 'object_name': 'Grant', 'name': <django.utils.functional.lazy.<locals>.__proxy__ object at 0x04AF8790>, 'add_url': '/admin/oauth2_provider/grant/add/', 'admin_url': '/admin/oauth2_provider/grant/'}, {'perms': {'add': True, 'change': True, 'delete': True}, 'object_name': 'RefreshToken', 'name': <django.utils.functional.lazy.<locals>.__proxy__ object at 0x04AF8750>, 'add_url': '/admin/oauth2_provider/refreshtoken/add/', 'admin_url': '/admin/oauth2_provider/refreshtoken/'}]}, {'has_module_perms': True, 'app_url': '/admin/registro/', 'name': 'Registro', 'app_label': 'registro', 'models': [{'perms': {'add': True, 'change': True, 'delete': True}, 'object_name': 'ActividadColegio', 'name': 'ActividadesColegio', 'add_url': '/admin/registro/actividadcolegio/add/', 'admin_url': '/admin/registro/actividadcolegio/'}, {'perms': {'add': True, 'change': True, 'delete': True}, 'object_name': 'ActividadEscolar', 'name': 'ActividadesEscolares', 'add_url': '/admin/registro/actividadescolar/add/', 'admin_url': '/admin/registro/actividadescolar/'}, {'perms': {'add': True, 'change': True, 'delete': True}, 'object_name': 'Alumno', 'name': 'Alumnos', 'add_url': '/admin/registro/alumno/add/', 'admin_url': '/admin/registro/alumno/'}, {'perms': {'add': True, 'change': True, 'delete': True}, 'object_name': 'Apoderado', 'name': 'Apoderados', 'add_url': '/admin/registro/apoderado/add/', 'admin_url': '/admin/registro/apoderado/'}, {'perms': {'add': True, 'change': True, 'delete': True}, 'object_name': 'Asistencia', 'name': 'Asistencias', 'add_url': '/admin/registro/asistencia/add/', 'admin_url': '/admin/registro/asistencia/'}, {'perms': {'add': True, 'change': True, 'delete': True}, 'object_name': 'CargaAcademica', 'name': 'CargasAcademicas', 'add_url': '/admin/registro/cargaacademica/add/', 'admin_url': '/admin/registro/cargaacademica/'}, {'perms': {'add': True, 'change': True, 'delete': True}, 'object_name': 'CargoEscolar', 'name': 'CargosEscolares', 'add_url': '/admin/registro/cargoescolar/add/', 'admin_url': '/admin/registro/cargoescolar/'}, {'perms': {'add': True, 'change': True, 'delete': True}, 'object_name': 'Colegio', 'name': 'Colegios', 'add_url': '/admin/registro/colegio/add/', 'admin_url': '/admin/registro/colegio/'}, {'perms': {'add': True, 'change': True, 'delete': True}, 'object_name': 'Curso', 'name': 'Cursos', 'add_url': '/admin/registro/curso/add/', 'admin_url': '/admin/registro/curso/'}, {'perms': {'add': True, 'change': True, 'delete': True}, 'object_name': 'Docente', 'name': 'Docentes', 'add_url': '/admin/registro/docente/add/', 'admin_url': '/admin/registro/docente/'}, {'perms': {'add': True, 'change': True, 'delete': True}, 'object_name': 'Persona', 'name': 'Personas', 'add_url': '/admin/registro/persona/add/', 'admin_url': '/admin/registro/persona/'}, {'perms': {'add': True, 'change': True, 'delete': True}, 'object_name': 'Salon', 'name': 'Salones', 'add_url': '/admin/registro/salon/add/', 'admin_url': '/admin/registro/salon/'}]}], 'LANGUAGE_BIDI': False, 'site_header': <django.utils.functional.lazy.<locals>.__proxy__ object at 0x03672B50>, 'title': <django.utils.functional.lazy.<locals>.__proxy__ object at 0x03672BB0>}]"
[2016-11-05 15:24:47] DEBUG [django.template:929] Exception while resolving variable 'is_popup' in template 'admin/index.html'.
Traceback (most recent call last):
  File "C:\Users\PANTIG~1\DOCUME~1\DISEOW~1\sysce\ve_sysce\lib\site-packages\django\template\base.py", line 885, in _resolve_lookup
    current = current[bit]
  File "C:\Users\PANTIG~1\DOCUME~1\DISEOW~1\sysce\ve_sysce\lib\site-packages\django\template\context.py", line 75, in __getitem__
    raise KeyError(key)
KeyError: 'is_popup'

During handling of the above exception, another exception occurred:

Traceback (most recent call last):
  File "C:\Users\PANTIG~1\DOCUME~1\DISEOW~1\sysce\ve_sysce\lib\site-packages\django\template\base.py", line 891, in _resolve_lookup
    if isinstance(current, BaseContext) and getattr(type(current), bit):
AttributeError: type object 'RequestContext' has no attribute 'is_popup'

During handling of the above exception, another exception occurred:

Traceback (most recent call last):
  File "C:\Users\PANTIG~1\DOCUME~1\DISEOW~1\sysce\ve_sysce\lib\site-packages\django\template\base.py", line 900, in _resolve_lookup
    current = current[int(bit)]
ValueError: invalid literal for int() with base 10: 'is_popup'

During handling of the above exception, another exception occurred:

Traceback (most recent call last):
  File "C:\Users\PANTIG~1\DOCUME~1\DISEOW~1\sysce\ve_sysce\lib\site-packages\django\template\base.py", line 907, in _resolve_lookup
    (bit, current))  # missing attribute
django.template.base.VariableDoesNotExist: Failed lookup for key [is_popup] in "[{'None': None, 'True': True, 'False': False}, {'perms': <django.contrib.auth.context_processors.PermWrapper object at 0x04FC59B0>, 'request': <WSGIRequest: GET '/admin/'>, 'DEFAULT_MESSAGE_LEVELS': {'DEBUG': 10, 'INFO': 20, 'WARNING': 30, 'ERROR': 40, 'SUCCESS': 25}, 'user': <SimpleLazyObject: <User: pantigoso>>, 'csrf_token': <SimpleLazyObject: <function csrf.<locals>._get_val at 0x043EAC00>>, 'messages': <django.contrib.messages.storage.fallback.FallbackStorage object at 0x043AC050>}, {}, {'site_title': <django.utils.functional.lazy.<locals>.__proxy__ object at 0x035FBCB0>, 'site_url': '/', 'LANGUAGE_CODE': 'en-us', 'has_permission': True, 'available_apps': [{'has_module_perms': True, 'app_url': '/admin/auth/', 'name': <django.utils.functional.lazy.<locals>.__proxy__ object at 0x036870D0>, 'app_label': 'auth', 'models': [{'perms': {'add': True, 'change': True, 'delete': True}, 'object_name': 'Group', 'name': <django.utils.functional.lazy.<locals>.__proxy__ object at 0x04419750>, 'add_url': '/admin/auth/group/add/', 'admin_url': '/admin/auth/group/'}, {'perms': {'add': True, 'change': True, 'delete': True}, 'object_name': 'Permission', 'name': <django.utils.functional.lazy.<locals>.__proxy__ object at 0x04AEA730>, 'add_url': '/admin/auth/permission/add/', 'admin_url': '/admin/auth/permission/'}]}, {'has_module_perms': True, 'app_url': '/admin/auths/', 'name': 'Auths', 'app_label': 'auths', 'models': [{'perms': {'add': True, 'change': True, 'delete': True}, 'object_name': 'HierarchyType', 'name': <django.utils.functional.lazy.<locals>.__proxy__ object at 0x04AEA670>, 'add_url': '/admin/auths/hierarchytype/add/', 'admin_url': '/admin/auths/hierarchytype/'}, {'perms': {'add': True, 'change': True, 'delete': True}, 'object_name': 'Hierarchy', 'name': <django.utils.functional.lazy.<locals>.__proxy__ object at 0x04AEA410>, 'add_url': '/admin/auths/hierarchy/add/', 'admin_url': '/admin/auths/hierarchy/'}, {'perms': {'add': True, 'change': True, 'delete': True}, 'object_name': 'Menu', 'name': <django.utils.functional.lazy.<locals>.__proxy__ object at 0x04AEAC90>, 'add_url': '/admin/auths/menu/add/', 'admin_url': '/admin/auths/menu/'}, {'perms': {'add': True, 'change': True, 'delete': True}, 'object_name': 'Person', 'name': <django.utils.functional.lazy.<locals>.__proxy__ object at 0x04AEABF0>, 'add_url': '/admin/auths/person/add/', 'admin_url': '/admin/auths/person/'}, {'perms': {'add': True, 'change': True, 'delete': True}, 'object_name': 'UserHierarchyGroup', 'name': <django.utils.functional.lazy.<locals>.__proxy__ object at 0x04AEAFB0>, 'add_url': '/admin/auths/userhierarchygroup/add/', 'admin_url': '/admin/auths/userhierarchygroup/'}, {'perms': {'add': True, 'change': True, 'delete': True}, 'object_name': 'UserHierarchyPermission', 'name': <django.utils.functional.lazy.<locals>.__proxy__ object at 0x04419810>, 'add_url': '/admin/auths/userhierarchypermission/add/', 'admin_url': '/admin/auths/userhierarchypermission/'}, {'perms': {'add': True, 'change': True, 'delete': True}, 'object_name': 'User', 'name': <django.utils.functional.lazy.<locals>.__proxy__ object at 0x04419F10>, 'add_url': '/admin/auths/user/add/', 'admin_url': '/admin/auths/user/'}]}, {'has_module_perms': True, 'app_url': '/admin/contenttypes/', 'name': <django.utils.functional.lazy.<locals>.__proxy__ object at 0x03687610>, 'app_label': 'contenttypes', 'models': [{'perms': {'add': True, 'change': True, 'delete': True}, 'object_name': 'ContentType', 'name': <django.utils.functional.lazy.<locals>.__proxy__ object at 0x044199D0>, 'add_url': '/admin/contenttypes/contenttype/add/', 'admin_url': '/admin/contenttypes/contenttype/'}]}, {'has_module_perms': True, 'app_url': '/admin/oauth2_provider/', 'name': 'Django OAuth Toolkit', 'app_label': 'oauth2_provider', 'models': [{'perms': {'add': True, 'change': True, 'delete': True}, 'object_name': 'AccessToken', 'name': <django.utils.functional.lazy.<locals>.__proxy__ object at 0x04AEAAF0>, 'add_url': '/admin/oauth2_provider/accesstoken/add/', 'admin_url': '/admin/oauth2_provider/accesstoken/'}, {'perms': {'add': True, 'change': True, 'delete': True}, 'object_name': 'Application', 'name': <django.utils.functional.lazy.<locals>.__proxy__ object at 0x04419930>, 'add_url': '/admin/oauth2_provider/application/add/', 'admin_url': '/admin/oauth2_provider/application/'}, {'perms': {'add': True, 'change': True, 'delete': True}, 'object_name': 'Grant', 'name': <django.utils.functional.lazy.<locals>.__proxy__ object at 0x04AEA470>, 'add_url': '/admin/oauth2_provider/grant/add/', 'admin_url': '/admin/oauth2_provider/grant/'}, {'perms': {'add': True, 'change': True, 'delete': True}, 'object_name': 'RefreshToken', 'name': <django.utils.functional.lazy.<locals>.__proxy__ object at 0x04419C30>, 'add_url': '/admin/oauth2_provider/refreshtoken/add/', 'admin_url': '/admin/oauth2_provider/refreshtoken/'}]}, {'has_module_perms': True, 'app_url': '/admin/registro/', 'name': 'Registro', 'app_label': 'registro', 'models': [{'perms': {'add': True, 'change': True, 'delete': True}, 'object_name': 'ActividadColegio', 'name': 'ActividadesColegio', 'add_url': '/admin/registro/actividadcolegio/add/', 'admin_url': '/admin/registro/actividadcolegio/'}, {'perms': {'add': True, 'change': True, 'delete': True}, 'object_name': 'ActividadEscolar', 'name': 'ActividadesEscolares', 'add_url': '/admin/registro/actividadescolar/add/', 'admin_url': '/admin/registro/actividadescolar/'}, {'perms': {'add': True, 'change': True, 'delete': True}, 'object_name': 'Alumno', 'name': 'Alumnos', 'add_url': '/admin/registro/alumno/add/', 'admin_url': '/admin/registro/alumno/'}, {'perms': {'add': True, 'change': True, 'delete': True}, 'object_name': 'Apoderado', 'name': 'Apoderados', 'add_url': '/admin/registro/apoderado/add/', 'admin_url': '/admin/registro/apoderado/'}, {'perms': {'add': True, 'change': True, 'delete': True}, 'object_name': 'Asistencia', 'name': 'Asistencias', 'add_url': '/admin/registro/asistencia/add/', 'admin_url': '/admin/registro/asistencia/'}, {'perms': {'add': True, 'change': True, 'delete': True}, 'object_name': 'CargaAcademica', 'name': 'CargasAcademicas', 'add_url': '/admin/registro/cargaacademica/add/', 'admin_url': '/admin/registro/cargaacademica/'}, {'perms': {'add': True, 'change': True, 'delete': True}, 'object_name': 'CargoEscolar', 'name': 'CargosEscolares', 'add_url': '/admin/registro/cargoescolar/add/', 'admin_url': '/admin/registro/cargoescolar/'}, {'perms': {'add': True, 'change': True, 'delete': True}, 'object_name': 'Colegio', 'name': 'Colegios', 'add_url': '/admin/registro/colegio/add/', 'admin_url': '/admin/registro/colegio/'}, {'perms': {'add': True, 'change': True, 'delete': True}, 'object_name': 'Curso', 'name': 'Cursos', 'add_url': '/admin/registro/curso/add/', 'admin_url': '/admin/registro/curso/'}, {'perms': {'add': True, 'change': True, 'delete': True}, 'object_name': 'Docente', 'name': 'Docentes', 'add_url': '/admin/registro/docente/add/', 'admin_url': '/admin/registro/docente/'}, {'perms': {'add': True, 'change': True, 'delete': True}, 'object_name': 'Persona', 'name': 'Personas', 'add_url': '/admin/registro/persona/add/', 'admin_url': '/admin/registro/persona/'}, {'perms': {'add': True, 'change': True, 'delete': True}, 'object_name': 'Salon', 'name': 'Salones', 'add_url': '/admin/registro/salon/add/', 'admin_url': '/admin/registro/salon/'}]}], 'app_list': [{'has_module_perms': True, 'app_url': '/admin/auth/', 'name': <django.utils.functional.lazy.<locals>.__proxy__ object at 0x036870D0>, 'app_label': 'auth', 'models': [{'perms': {'add': True, 'change': True, 'delete': True}, 'object_name': 'Group', 'name': <django.utils.functional.lazy.<locals>.__proxy__ object at 0x043FFE50>, 'add_url': '/admin/auth/group/add/', 'admin_url': '/admin/auth/group/'}, {'perms': {'add': True, 'change': True, 'delete': True}, 'object_name': 'Permission', 'name': <django.utils.functional.lazy.<locals>.__proxy__ object at 0x04AF8070>, 'add_url': '/admin/auth/permission/add/', 'admin_url': '/admin/auth/permission/'}]}, {'has_module_perms': True, 'app_url': '/admin/auths/', 'name': 'Auths', 'app_label': 'auths', 'models': [{'perms': {'add': True, 'change': True, 'delete': True}, 'object_name': 'HierarchyType', 'name': <django.utils.functional.lazy.<locals>.__proxy__ object at 0x04AF83B0>, 'add_url': '/admin/auths/hierarchytype/add/', 'admin_url': '/admin/auths/hierarchytype/'}, {'perms': {'add': True, 'change': True, 'delete': True}, 'object_name': 'Hierarchy', 'name': <django.utils.functional.lazy.<locals>.__proxy__ object at 0x04AF8590>, 'add_url': '/admin/auths/hierarchy/add/', 'admin_url': '/admin/auths/hierarchy/'}, {'perms': {'add': True, 'change': True, 'delete': True}, 'object_name': 'Menu', 'name': <django.utils.functional.lazy.<locals>.__proxy__ object at 0x04AF8390>, 'add_url': '/admin/auths/menu/add/', 'admin_url': '/admin/auths/menu/'}, {'perms': {'add': True, 'change': True, 'delete': True}, 'object_name': 'Person', 'name': <django.utils.functional.lazy.<locals>.__proxy__ object at 0x04AF87B0>, 'add_url': '/admin/auths/person/add/', 'admin_url': '/admin/auths/person/'}, {'perms': {'add': True, 'change': True, 'delete': True}, 'object_name': 'UserHierarchyGroup', 'name': <django.utils.functional.lazy.<locals>.__proxy__ object at 0x04AF8430>, 'add_url': '/admin/auths/userhierarchygroup/add/', 'admin_url': '/admin/auths/userhierarchygroup/'}, {'perms': {'add': True, 'change': True, 'delete': True}, 'object_name': 'UserHierarchyPermission', 'name': <django.utils.functional.lazy.<locals>.__proxy__ object at 0x04AF8250>, 'add_url': '/admin/auths/userhierarchypermission/add/', 'admin_url': '/admin/auths/userhierarchypermission/'}, {'perms': {'add': True, 'change': True, 'delete': True}, 'object_name': 'User', 'name': <django.utils.functional.lazy.<locals>.__proxy__ object at 0x04AF87F0>, 'add_url': '/admin/auths/user/add/', 'admin_url': '/admin/auths/user/'}]}, {'has_module_perms': True, 'app_url': '/admin/contenttypes/', 'name': <django.utils.functional.lazy.<locals>.__proxy__ object at 0x03687610>, 'app_label': 'contenttypes', 'models': [{'perms': {'add': True, 'change': True, 'delete': True}, 'object_name': 'ContentType', 'name': <django.utils.functional.lazy.<locals>.__proxy__ object at 0x043FFD30>, 'add_url': '/admin/contenttypes/contenttype/add/', 'admin_url': '/admin/contenttypes/contenttype/'}]}, {'has_module_perms': True, 'app_url': '/admin/oauth2_provider/', 'name': 'Django OAuth Toolkit', 'app_label': 'oauth2_provider', 'models': [{'perms': {'add': True, 'change': True, 'delete': True}, 'object_name': 'AccessToken', 'name': <django.utils.functional.lazy.<locals>.__proxy__ object at 0x04AF83F0>, 'add_url': '/admin/oauth2_provider/accesstoken/add/', 'admin_url': '/admin/oauth2_provider/accesstoken/'}, {'perms': {'add': True, 'change': True, 'delete': True}, 'object_name': 'Application', 'name': <django.utils.functional.lazy.<locals>.__proxy__ object at 0x04AF8470>, 'add_url': '/admin/oauth2_provider/application/add/', 'admin_url': '/admin/oauth2_provider/application/'}, {'perms': {'add': True, 'change': True, 'delete': True}, 'object_name': 'Grant', 'name': <django.utils.functional.lazy.<locals>.__proxy__ object at 0x04AF8790>, 'add_url': '/admin/oauth2_provider/grant/add/', 'admin_url': '/admin/oauth2_provider/grant/'}, {'perms': {'add': True, 'change': True, 'delete': True}, 'object_name': 'RefreshToken', 'name': <django.utils.functional.lazy.<locals>.__proxy__ object at 0x04AF8750>, 'add_url': '/admin/oauth2_provider/refreshtoken/add/', 'admin_url': '/admin/oauth2_provider/refreshtoken/'}]}, {'has_module_perms': True, 'app_url': '/admin/registro/', 'name': 'Registro', 'app_label': 'registro', 'models': [{'perms': {'add': True, 'change': True, 'delete': True}, 'object_name': 'ActividadColegio', 'name': 'ActividadesColegio', 'add_url': '/admin/registro/actividadcolegio/add/', 'admin_url': '/admin/registro/actividadcolegio/'}, {'perms': {'add': True, 'change': True, 'delete': True}, 'object_name': 'ActividadEscolar', 'name': 'ActividadesEscolares', 'add_url': '/admin/registro/actividadescolar/add/', 'admin_url': '/admin/registro/actividadescolar/'}, {'perms': {'add': True, 'change': True, 'delete': True}, 'object_name': 'Alumno', 'name': 'Alumnos', 'add_url': '/admin/registro/alumno/add/', 'admin_url': '/admin/registro/alumno/'}, {'perms': {'add': True, 'change': True, 'delete': True}, 'object_name': 'Apoderado', 'name': 'Apoderados', 'add_url': '/admin/registro/apoderado/add/', 'admin_url': '/admin/registro/apoderado/'}, {'perms': {'add': True, 'change': True, 'delete': True}, 'object_name': 'Asistencia', 'name': 'Asistencias', 'add_url': '/admin/registro/asistencia/add/', 'admin_url': '/admin/registro/asistencia/'}, {'perms': {'add': True, 'change': True, 'delete': True}, 'object_name': 'CargaAcademica', 'name': 'CargasAcademicas', 'add_url': '/admin/registro/cargaacademica/add/', 'admin_url': '/admin/registro/cargaacademica/'}, {'perms': {'add': True, 'change': True, 'delete': True}, 'object_name': 'CargoEscolar', 'name': 'CargosEscolares', 'add_url': '/admin/registro/cargoescolar/add/', 'admin_url': '/admin/registro/cargoescolar/'}, {'perms': {'add': True, 'change': True, 'delete': True}, 'object_name': 'Colegio', 'name': 'Colegios', 'add_url': '/admin/registro/colegio/add/', 'admin_url': '/admin/registro/colegio/'}, {'perms': {'add': True, 'change': True, 'delete': True}, 'object_name': 'Curso', 'name': 'Cursos', 'add_url': '/admin/registro/curso/add/', 'admin_url': '/admin/registro/curso/'}, {'perms': {'add': True, 'change': True, 'delete': True}, 'object_name': 'Docente', 'name': 'Docentes', 'add_url': '/admin/registro/docente/add/', 'admin_url': '/admin/registro/docente/'}, {'perms': {'add': True, 'change': True, 'delete': True}, 'object_name': 'Persona', 'name': 'Personas', 'add_url': '/admin/registro/persona/add/', 'admin_url': '/admin/registro/persona/'}, {'perms': {'add': True, 'change': True, 'delete': True}, 'object_name': 'Salon', 'name': 'Salones', 'add_url': '/admin/registro/salon/add/', 'admin_url': '/admin/registro/salon/'}]}], 'LANGUAGE_BIDI': False, 'site_header': <django.utils.functional.lazy.<locals>.__proxy__ object at 0x03672B50>, 'title': <django.utils.functional.lazy.<locals>.__proxy__ object at 0x03672BB0>}]"
[2016-11-05 15:24:47] DEBUG [django.db.backends:90] (0.000) SELECT "django_admin_log"."id", "django_admin_log"."action_time", "django_admin_log"."user_id", "django_admin_log"."content_type_id", "django_admin_log"."object_id", "django_admin_log"."object_repr", "django_admin_log"."action_flag", "django_admin_log"."change_message", "auths_user"."password", "auths_user"."last_login", "auths_user"."is_superuser", "auths_user"."username", "auths_user"."first_name", "auths_user"."last_name", "auths_user"."email", "auths_user"."is_staff", "auths_user"."is_active", "auths_user"."date_joined", "auths_user"."id", "auths_user"."last_hierarchy_id", "auths_user"."last_module_id", "auths_user"."person_id", "auths_user"."updated_at", "auths_user"."registered_by", "django_content_type"."id", "django_content_type"."app_label", "django_content_type"."model" FROM "django_admin_log" INNER JOIN "auths_user" ON ("django_admin_log"."user_id" = "auths_user"."id") LEFT OUTER JOIN "django_content_type" ON ("django_admin_log"."content_type_id" = "django_content_type"."id") WHERE "django_admin_log"."user_id" = 'ec5a24a408ba4a769be83861356f31de' ORDER BY "django_admin_log"."action_time" DESC LIMIT 10; args=('ec5a24a408ba4a769be83861356f31de',)
[2016-11-05 15:24:47] INFO [django.server:131] "GET /admin/ HTTP/1.1" 200 15222
[2016-11-05 15:24:47] INFO [django.server:131] "GET /static/admin/css/base.css HTTP/1.1" 304 0
[2016-11-05 15:24:47] INFO [django.server:131] "GET /static/admin/css/dashboard.css HTTP/1.1" 304 0
[2016-11-05 15:24:47] INFO [django.server:131] "GET /static/admin/css/fonts.css HTTP/1.1" 304 0
[2016-11-05 15:24:47] INFO [django.server:131] "GET /static/admin/fonts/Roboto-Light-webfont.woff HTTP/1.1" 304 0
[2016-11-05 15:24:48] INFO [django.server:131] "GET /static/admin/fonts/Roboto-Bold-webfont.woff HTTP/1.1" 304 0
[2016-11-05 15:24:48] INFO [django.server:131] "GET /static/admin/fonts/Roboto-Regular-webfont.woff HTTP/1.1" 304 0
[2016-11-05 15:24:48] INFO [django.server:131] "GET /static/admin/img/icon-addlink.svg HTTP/1.1" 304 0
[2016-11-05 15:24:48] INFO [django.server:131] "GET /static/admin/img/icon-changelink.svg HTTP/1.1" 304 0
[2016-11-05 15:24:48] DEBUG [django.template:929] Exception while resolving variable 'name' in template 'unknown'.
Traceback (most recent call last):
  File "C:\Users\PANTIG~1\DOCUME~1\DISEOW~1\sysce\ve_sysce\lib\site-packages\django\core\handlers\exception.py", line 39, in inner
    response = get_response(request)
  File "C:\Users\PANTIG~1\DOCUME~1\DISEOW~1\sysce\ve_sysce\lib\site-packages\django\core\handlers\base.py", line 249, in _legacy_get_response
    response = self._get_response(request)
  File "C:\Users\PANTIG~1\DOCUME~1\DISEOW~1\sysce\ve_sysce\lib\site-packages\django\core\handlers\base.py", line 172, in _get_response
    resolver_match = resolver.resolve(request.path_info)
  File "C:\Users\PANTIG~1\DOCUME~1\DISEOW~1\sysce\ve_sysce\lib\site-packages\django\urls\resolvers.py", line 300, in resolve
    raise Resolver404({'tried': tried, 'path': new_path})
django.urls.exceptions.Resolver404: {'path': 'favicon.ico', 'tried': [[<RegexURLResolver <RegexURLPattern list> (admin:admin) ^admin/>], [<RegexURLResolver <module 'django.contrib.admindocs.urls' from 'C:\\Users\\PANTIG~1\\DOCUME~1\\DISEOW~1\\sysce\\ve_sysce\\lib\\site-packages\\django\\contrib\\admindocs\\urls.py'> (None:None) ^admin/doc/>], [<RegexURLResolver <module 'rest_framework.urls' from 'C:\\Users\\PANTIG~1\\DOCUME~1\\DISEOW~1\\sysce\\ve_sysce\\lib\\site-packages\\rest_framework\\urls.py'> (rest_framework:rest_framework) ^api-auth/>], [<RegexURLResolver <module 'oauth2_provider.urls' from 'C:\\Users\\PANTIG~1\\DOCUME~1\\DISEOW~1\\sysce\\ve_sysce\\lib\\site-packages\\oauth2_provider\\urls.py'> (None:oauth2_provider) ^o/>], [<RegexURLResolver <module 'sysce_service_apps.auths_api.urls' from 'C:\\Users\\PANTIGOSOs\\Documents\\Diseño Web\\sysce\\sysce_service\\sysce_service_apps\\auths_api\\urls.py'> (None:None) ^api/auths/>], [<RegexURLResolver <module 'sysce_service_apps.registro_api.urls' from 'C:\\Users\\PANTIGOSOs\\Documents\\Diseño Web\\sysce\\sysce_service\\sysce_service_apps\\registro_api\\urls.py'> (None:None) ^api/registro/>]]}

During handling of the above exception, another exception occurred:

Traceback (most recent call last):
  File "C:\Users\PANTIG~1\DOCUME~1\DISEOW~1\sysce\ve_sysce\lib\site-packages\django\template\base.py", line 885, in _resolve_lookup
    current = current[bit]
TypeError: 'RegexURLResolver' object is not subscriptable

During handling of the above exception, another exception occurred:

Traceback (most recent call last):
  File "C:\Users\PANTIG~1\DOCUME~1\DISEOW~1\sysce\ve_sysce\lib\site-packages\django\template\base.py", line 893, in _resolve_lookup
    current = getattr(current, bit)
AttributeError: 'RegexURLResolver' object has no attribute 'name'

During handling of the above exception, another exception occurred:

Traceback (most recent call last):
  File "C:\Users\PANTIG~1\DOCUME~1\DISEOW~1\sysce\ve_sysce\lib\site-packages\django\template\base.py", line 900, in _resolve_lookup
    current = current[int(bit)]
ValueError: invalid literal for int() with base 10: 'name'

During handling of the above exception, another exception occurred:

Traceback (most recent call last):
  File "C:\Users\PANTIG~1\DOCUME~1\DISEOW~1\sysce\ve_sysce\lib\site-packages\django\template\base.py", line 907, in _resolve_lookup
    (bit, current))  # missing attribute
django.template.base.VariableDoesNotExist: Failed lookup for key [name] in '<RegexURLResolver <RegexURLPattern list> (admin:admin) ^admin/>'
[2016-11-05 15:24:48] DEBUG [django.template:929] Exception while resolving variable 'name' in template 'unknown'.
Traceback (most recent call last):
  File "C:\Users\PANTIG~1\DOCUME~1\DISEOW~1\sysce\ve_sysce\lib\site-packages\django\core\handlers\exception.py", line 39, in inner
    response = get_response(request)
  File "C:\Users\PANTIG~1\DOCUME~1\DISEOW~1\sysce\ve_sysce\lib\site-packages\django\core\handlers\base.py", line 249, in _legacy_get_response
    response = self._get_response(request)
  File "C:\Users\PANTIG~1\DOCUME~1\DISEOW~1\sysce\ve_sysce\lib\site-packages\django\core\handlers\base.py", line 172, in _get_response
    resolver_match = resolver.resolve(request.path_info)
  File "C:\Users\PANTIG~1\DOCUME~1\DISEOW~1\sysce\ve_sysce\lib\site-packages\django\urls\resolvers.py", line 300, in resolve
    raise Resolver404({'tried': tried, 'path': new_path})
django.urls.exceptions.Resolver404: {'path': 'favicon.ico', 'tried': [[<RegexURLResolver <RegexURLPattern list> (admin:admin) ^admin/>], [<RegexURLResolver <module 'django.contrib.admindocs.urls' from 'C:\\Users\\PANTIG~1\\DOCUME~1\\DISEOW~1\\sysce\\ve_sysce\\lib\\site-packages\\django\\contrib\\admindocs\\urls.py'> (None:None) ^admin/doc/>], [<RegexURLResolver <module 'rest_framework.urls' from 'C:\\Users\\PANTIG~1\\DOCUME~1\\DISEOW~1\\sysce\\ve_sysce\\lib\\site-packages\\rest_framework\\urls.py'> (rest_framework:rest_framework) ^api-auth/>], [<RegexURLResolver <module 'oauth2_provider.urls' from 'C:\\Users\\PANTIG~1\\DOCUME~1\\DISEOW~1\\sysce\\ve_sysce\\lib\\site-packages\\oauth2_provider\\urls.py'> (None:oauth2_provider) ^o/>], [<RegexURLResolver <module 'sysce_service_apps.auths_api.urls' from 'C:\\Users\\PANTIGOSOs\\Documents\\Diseño Web\\sysce\\sysce_service\\sysce_service_apps\\auths_api\\urls.py'> (None:None) ^api/auths/>], [<RegexURLResolver <module 'sysce_service_apps.registro_api.urls' from 'C:\\Users\\PANTIGOSOs\\Documents\\Diseño Web\\sysce\\sysce_service\\sysce_service_apps\\registro_api\\urls.py'> (None:None) ^api/registro/>]]}

During handling of the above exception, another exception occurred:

Traceback (most recent call last):
  File "C:\Users\PANTIG~1\DOCUME~1\DISEOW~1\sysce\ve_sysce\lib\site-packages\django\template\base.py", line 885, in _resolve_lookup
    current = current[bit]
TypeError: 'RegexURLResolver' object is not subscriptable

During handling of the above exception, another exception occurred:

Traceback (most recent call last):
  File "C:\Users\PANTIG~1\DOCUME~1\DISEOW~1\sysce\ve_sysce\lib\site-packages\django\template\base.py", line 893, in _resolve_lookup
    current = getattr(current, bit)
AttributeError: 'RegexURLResolver' object has no attribute 'name'

During handling of the above exception, another exception occurred:

Traceback (most recent call last):
  File "C:\Users\PANTIG~1\DOCUME~1\DISEOW~1\sysce\ve_sysce\lib\site-packages\django\template\base.py", line 900, in _resolve_lookup
    current = current[int(bit)]
ValueError: invalid literal for int() with base 10: 'name'

During handling of the above exception, another exception occurred:

Traceback (most recent call last):
  File "C:\Users\PANTIG~1\DOCUME~1\DISEOW~1\sysce\ve_sysce\lib\site-packages\django\template\base.py", line 907, in _resolve_lookup
    (bit, current))  # missing attribute
django.template.base.VariableDoesNotExist: Failed lookup for key [name] in "<RegexURLResolver <module 'django.contrib.admindocs.urls' from 'C:\\\\Users\\\\PANTIG~1\\\\DOCUME~1\\\\DISEOW~1\\\\sysce\\\\ve_sysce\\\\lib\\\\site-packages\\\\django\\\\contrib\\\\admindocs\\\\urls.py'> (None:None) ^admin/doc/>"
[2016-11-05 15:24:48] DEBUG [django.template:929] Exception while resolving variable 'name' in template 'unknown'.
Traceback (most recent call last):
  File "C:\Users\PANTIG~1\DOCUME~1\DISEOW~1\sysce\ve_sysce\lib\site-packages\django\core\handlers\exception.py", line 39, in inner
    response = get_response(request)
  File "C:\Users\PANTIG~1\DOCUME~1\DISEOW~1\sysce\ve_sysce\lib\site-packages\django\core\handlers\base.py", line 249, in _legacy_get_response
    response = self._get_response(request)
  File "C:\Users\PANTIG~1\DOCUME~1\DISEOW~1\sysce\ve_sysce\lib\site-packages\django\core\handlers\base.py", line 172, in _get_response
    resolver_match = resolver.resolve(request.path_info)
  File "C:\Users\PANTIG~1\DOCUME~1\DISEOW~1\sysce\ve_sysce\lib\site-packages\django\urls\resolvers.py", line 300, in resolve
    raise Resolver404({'tried': tried, 'path': new_path})
django.urls.exceptions.Resolver404: {'path': 'favicon.ico', 'tried': [[<RegexURLResolver <RegexURLPattern list> (admin:admin) ^admin/>], [<RegexURLResolver <module 'django.contrib.admindocs.urls' from 'C:\\Users\\PANTIG~1\\DOCUME~1\\DISEOW~1\\sysce\\ve_sysce\\lib\\site-packages\\django\\contrib\\admindocs\\urls.py'> (None:None) ^admin/doc/>], [<RegexURLResolver <module 'rest_framework.urls' from 'C:\\Users\\PANTIG~1\\DOCUME~1\\DISEOW~1\\sysce\\ve_sysce\\lib\\site-packages\\rest_framework\\urls.py'> (rest_framework:rest_framework) ^api-auth/>], [<RegexURLResolver <module 'oauth2_provider.urls' from 'C:\\Users\\PANTIG~1\\DOCUME~1\\DISEOW~1\\sysce\\ve_sysce\\lib\\site-packages\\oauth2_provider\\urls.py'> (None:oauth2_provider) ^o/>], [<RegexURLResolver <module 'sysce_service_apps.auths_api.urls' from 'C:\\Users\\PANTIGOSOs\\Documents\\Diseño Web\\sysce\\sysce_service\\sysce_service_apps\\auths_api\\urls.py'> (None:None) ^api/auths/>], [<RegexURLResolver <module 'sysce_service_apps.registro_api.urls' from 'C:\\Users\\PANTIGOSOs\\Documents\\Diseño Web\\sysce\\sysce_service\\sysce_service_apps\\registro_api\\urls.py'> (None:None) ^api/registro/>]]}

During handling of the above exception, another exception occurred:

Traceback (most recent call last):
  File "C:\Users\PANTIG~1\DOCUME~1\DISEOW~1\sysce\ve_sysce\lib\site-packages\django\template\base.py", line 885, in _resolve_lookup
    current = current[bit]
TypeError: 'RegexURLResolver' object is not subscriptable

During handling of the above exception, another exception occurred:

Traceback (most recent call last):
  File "C:\Users\PANTIG~1\DOCUME~1\DISEOW~1\sysce\ve_sysce\lib\site-packages\django\template\base.py", line 893, in _resolve_lookup
    current = getattr(current, bit)
AttributeError: 'RegexURLResolver' object has no attribute 'name'

During handling of the above exception, another exception occurred:

Traceback (most recent call last):
  File "C:\Users\PANTIG~1\DOCUME~1\DISEOW~1\sysce\ve_sysce\lib\site-packages\django\template\base.py", line 900, in _resolve_lookup
    current = current[int(bit)]
ValueError: invalid literal for int() with base 10: 'name'

During handling of the above exception, another exception occurred:

Traceback (most recent call last):
  File "C:\Users\PANTIG~1\DOCUME~1\DISEOW~1\sysce\ve_sysce\lib\site-packages\django\template\base.py", line 907, in _resolve_lookup
    (bit, current))  # missing attribute
django.template.base.VariableDoesNotExist: Failed lookup for key [name] in "<RegexURLResolver <module 'rest_framework.urls' from 'C:\\\\Users\\\\PANTIG~1\\\\DOCUME~1\\\\DISEOW~1\\\\sysce\\\\ve_sysce\\\\lib\\\\site-packages\\\\rest_framework\\\\urls.py'> (rest_framework:rest_framework) ^api-auth/>"
[2016-11-05 15:24:48] DEBUG [django.template:929] Exception while resolving variable 'name' in template 'unknown'.
Traceback (most recent call last):
  File "C:\Users\PANTIG~1\DOCUME~1\DISEOW~1\sysce\ve_sysce\lib\site-packages\django\core\handlers\exception.py", line 39, in inner
    response = get_response(request)
  File "C:\Users\PANTIG~1\DOCUME~1\DISEOW~1\sysce\ve_sysce\lib\site-packages\django\core\handlers\base.py", line 249, in _legacy_get_response
    response = self._get_response(request)
  File "C:\Users\PANTIG~1\DOCUME~1\DISEOW~1\sysce\ve_sysce\lib\site-packages\django\core\handlers\base.py", line 172, in _get_response
    resolver_match = resolver.resolve(request.path_info)
  File "C:\Users\PANTIG~1\DOCUME~1\DISEOW~1\sysce\ve_sysce\lib\site-packages\django\urls\resolvers.py", line 300, in resolve
    raise Resolver404({'tried': tried, 'path': new_path})
django.urls.exceptions.Resolver404: {'path': 'favicon.ico', 'tried': [[<RegexURLResolver <RegexURLPattern list> (admin:admin) ^admin/>], [<RegexURLResolver <module 'django.contrib.admindocs.urls' from 'C:\\Users\\PANTIG~1\\DOCUME~1\\DISEOW~1\\sysce\\ve_sysce\\lib\\site-packages\\django\\contrib\\admindocs\\urls.py'> (None:None) ^admin/doc/>], [<RegexURLResolver <module 'rest_framework.urls' from 'C:\\Users\\PANTIG~1\\DOCUME~1\\DISEOW~1\\sysce\\ve_sysce\\lib\\site-packages\\rest_framework\\urls.py'> (rest_framework:rest_framework) ^api-auth/>], [<RegexURLResolver <module 'oauth2_provider.urls' from 'C:\\Users\\PANTIG~1\\DOCUME~1\\DISEOW~1\\sysce\\ve_sysce\\lib\\site-packages\\oauth2_provider\\urls.py'> (None:oauth2_provider) ^o/>], [<RegexURLResolver <module 'sysce_service_apps.auths_api.urls' from 'C:\\Users\\PANTIGOSOs\\Documents\\Diseño Web\\sysce\\sysce_service\\sysce_service_apps\\auths_api\\urls.py'> (None:None) ^api/auths/>], [<RegexURLResolver <module 'sysce_service_apps.registro_api.urls' from 'C:\\Users\\PANTIGOSOs\\Documents\\Diseño Web\\sysce\\sysce_service\\sysce_service_apps\\registro_api\\urls.py'> (None:None) ^api/registro/>]]}

During handling of the above exception, another exception occurred:

Traceback (most recent call last):
  File "C:\Users\PANTIG~1\DOCUME~1\DISEOW~1\sysce\ve_sysce\lib\site-packages\django\template\base.py", line 885, in _resolve_lookup
    current = current[bit]
TypeError: 'RegexURLResolver' object is not subscriptable

During handling of the above exception, another exception occurred:

Traceback (most recent call last):
  File "C:\Users\PANTIG~1\DOCUME~1\DISEOW~1\sysce\ve_sysce\lib\site-packages\django\template\base.py", line 893, in _resolve_lookup
    current = getattr(current, bit)
AttributeError: 'RegexURLResolver' object has no attribute 'name'

During handling of the above exception, another exception occurred:

Traceback (most recent call last):
  File "C:\Users\PANTIG~1\DOCUME~1\DISEOW~1\sysce\ve_sysce\lib\site-packages\django\template\base.py", line 900, in _resolve_lookup
    current = current[int(bit)]
ValueError: invalid literal for int() with base 10: 'name'

During handling of the above exception, another exception occurred:

Traceback (most recent call last):
  File "C:\Users\PANTIG~1\DOCUME~1\DISEOW~1\sysce\ve_sysce\lib\site-packages\django\template\base.py", line 907, in _resolve_lookup
    (bit, current))  # missing attribute
django.template.base.VariableDoesNotExist: Failed lookup for key [name] in "<RegexURLResolver <module 'oauth2_provider.urls' from 'C:\\\\Users\\\\PANTIG~1\\\\DOCUME~1\\\\DISEOW~1\\\\sysce\\\\ve_sysce\\\\lib\\\\site-packages\\\\oauth2_provider\\\\urls.py'> (None:oauth2_provider) ^o/>"
[2016-11-05 15:24:48] DEBUG [django.template:929] Exception while resolving variable 'name' in template 'unknown'.
Traceback (most recent call last):
  File "C:\Users\PANTIG~1\DOCUME~1\DISEOW~1\sysce\ve_sysce\lib\site-packages\django\core\handlers\exception.py", line 39, in inner
    response = get_response(request)
  File "C:\Users\PANTIG~1\DOCUME~1\DISEOW~1\sysce\ve_sysce\lib\site-packages\django\core\handlers\base.py", line 249, in _legacy_get_response
    response = self._get_response(request)
  File "C:\Users\PANTIG~1\DOCUME~1\DISEOW~1\sysce\ve_sysce\lib\site-packages\django\core\handlers\base.py", line 172, in _get_response
    resolver_match = resolver.resolve(request.path_info)
  File "C:\Users\PANTIG~1\DOCUME~1\DISEOW~1\sysce\ve_sysce\lib\site-packages\django\urls\resolvers.py", line 300, in resolve
    raise Resolver404({'tried': tried, 'path': new_path})
django.urls.exceptions.Resolver404: {'path': 'favicon.ico', 'tried': [[<RegexURLResolver <RegexURLPattern list> (admin:admin) ^admin/>], [<RegexURLResolver <module 'django.contrib.admindocs.urls' from 'C:\\Users\\PANTIG~1\\DOCUME~1\\DISEOW~1\\sysce\\ve_sysce\\lib\\site-packages\\django\\contrib\\admindocs\\urls.py'> (None:None) ^admin/doc/>], [<RegexURLResolver <module 'rest_framework.urls' from 'C:\\Users\\PANTIG~1\\DOCUME~1\\DISEOW~1\\sysce\\ve_sysce\\lib\\site-packages\\rest_framework\\urls.py'> (rest_framework:rest_framework) ^api-auth/>], [<RegexURLResolver <module 'oauth2_provider.urls' from 'C:\\Users\\PANTIG~1\\DOCUME~1\\DISEOW~1\\sysce\\ve_sysce\\lib\\site-packages\\oauth2_provider\\urls.py'> (None:oauth2_provider) ^o/>], [<RegexURLResolver <module 'sysce_service_apps.auths_api.urls' from 'C:\\Users\\PANTIGOSOs\\Documents\\Diseño Web\\sysce\\sysce_service\\sysce_service_apps\\auths_api\\urls.py'> (None:None) ^api/auths/>], [<RegexURLResolver <module 'sysce_service_apps.registro_api.urls' from 'C:\\Users\\PANTIGOSOs\\Documents\\Diseño Web\\sysce\\sysce_service\\sysce_service_apps\\registro_api\\urls.py'> (None:None) ^api/registro/>]]}

During handling of the above exception, another exception occurred:

Traceback (most recent call last):
  File "C:\Users\PANTIG~1\DOCUME~1\DISEOW~1\sysce\ve_sysce\lib\site-packages\django\template\base.py", line 885, in _resolve_lookup
    current = current[bit]
TypeError: 'RegexURLResolver' object is not subscriptable

During handling of the above exception, another exception occurred:

Traceback (most recent call last):
  File "C:\Users\PANTIG~1\DOCUME~1\DISEOW~1\sysce\ve_sysce\lib\site-packages\django\template\base.py", line 893, in _resolve_lookup
    current = getattr(current, bit)
AttributeError: 'RegexURLResolver' object has no attribute 'name'

During handling of the above exception, another exception occurred:

Traceback (most recent call last):
  File "C:\Users\PANTIG~1\DOCUME~1\DISEOW~1\sysce\ve_sysce\lib\site-packages\django\template\base.py", line 900, in _resolve_lookup
    current = current[int(bit)]
ValueError: invalid literal for int() with base 10: 'name'

During handling of the above exception, another exception occurred:

Traceback (most recent call last):
  File "C:\Users\PANTIG~1\DOCUME~1\DISEOW~1\sysce\ve_sysce\lib\site-packages\django\template\base.py", line 907, in _resolve_lookup
    (bit, current))  # missing attribute
django.template.base.VariableDoesNotExist: Failed lookup for key [name] in "<RegexURLResolver <module 'sysce_service_apps.auths_api.urls' from 'C:\\\\Users\\\\PANTIGOSOs\\\\Documents\\\\Diseño Web\\\\sysce\\\\sysce_service\\\\sysce_service_apps\\\\auths_api\\\\urls.py'> (None:None) ^api/auths/>"
[2016-11-05 15:24:48] DEBUG [django.template:929] Exception while resolving variable 'name' in template 'unknown'.
Traceback (most recent call last):
  File "C:\Users\PANTIG~1\DOCUME~1\DISEOW~1\sysce\ve_sysce\lib\site-packages\django\core\handlers\exception.py", line 39, in inner
    response = get_response(request)
  File "C:\Users\PANTIG~1\DOCUME~1\DISEOW~1\sysce\ve_sysce\lib\site-packages\django\core\handlers\base.py", line 249, in _legacy_get_response
    response = self._get_response(request)
  File "C:\Users\PANTIG~1\DOCUME~1\DISEOW~1\sysce\ve_sysce\lib\site-packages\django\core\handlers\base.py", line 172, in _get_response
    resolver_match = resolver.resolve(request.path_info)
  File "C:\Users\PANTIG~1\DOCUME~1\DISEOW~1\sysce\ve_sysce\lib\site-packages\django\urls\resolvers.py", line 300, in resolve
    raise Resolver404({'tried': tried, 'path': new_path})
django.urls.exceptions.Resolver404: {'path': 'favicon.ico', 'tried': [[<RegexURLResolver <RegexURLPattern list> (admin:admin) ^admin/>], [<RegexURLResolver <module 'django.contrib.admindocs.urls' from 'C:\\Users\\PANTIG~1\\DOCUME~1\\DISEOW~1\\sysce\\ve_sysce\\lib\\site-packages\\django\\contrib\\admindocs\\urls.py'> (None:None) ^admin/doc/>], [<RegexURLResolver <module 'rest_framework.urls' from 'C:\\Users\\PANTIG~1\\DOCUME~1\\DISEOW~1\\sysce\\ve_sysce\\lib\\site-packages\\rest_framework\\urls.py'> (rest_framework:rest_framework) ^api-auth/>], [<RegexURLResolver <module 'oauth2_provider.urls' from 'C:\\Users\\PANTIG~1\\DOCUME~1\\DISEOW~1\\sysce\\ve_sysce\\lib\\site-packages\\oauth2_provider\\urls.py'> (None:oauth2_provider) ^o/>], [<RegexURLResolver <module 'sysce_service_apps.auths_api.urls' from 'C:\\Users\\PANTIGOSOs\\Documents\\Diseño Web\\sysce\\sysce_service\\sysce_service_apps\\auths_api\\urls.py'> (None:None) ^api/auths/>], [<RegexURLResolver <module 'sysce_service_apps.registro_api.urls' from 'C:\\Users\\PANTIGOSOs\\Documents\\Diseño Web\\sysce\\sysce_service\\sysce_service_apps\\registro_api\\urls.py'> (None:None) ^api/registro/>]]}

During handling of the above exception, another exception occurred:

Traceback (most recent call last):
  File "C:\Users\PANTIG~1\DOCUME~1\DISEOW~1\sysce\ve_sysce\lib\site-packages\django\template\base.py", line 885, in _resolve_lookup
    current = current[bit]
TypeError: 'RegexURLResolver' object is not subscriptable

During handling of the above exception, another exception occurred:

Traceback (most recent call last):
  File "C:\Users\PANTIG~1\DOCUME~1\DISEOW~1\sysce\ve_sysce\lib\site-packages\django\template\base.py", line 893, in _resolve_lookup
    current = getattr(current, bit)
AttributeError: 'RegexURLResolver' object has no attribute 'name'

During handling of the above exception, another exception occurred:

Traceback (most recent call last):
  File "C:\Users\PANTIG~1\DOCUME~1\DISEOW~1\sysce\ve_sysce\lib\site-packages\django\template\base.py", line 900, in _resolve_lookup
    current = current[int(bit)]
ValueError: invalid literal for int() with base 10: 'name'

During handling of the above exception, another exception occurred:

Traceback (most recent call last):
  File "C:\Users\PANTIG~1\DOCUME~1\DISEOW~1\sysce\ve_sysce\lib\site-packages\django\template\base.py", line 907, in _resolve_lookup
    (bit, current))  # missing attribute
django.template.base.VariableDoesNotExist: Failed lookup for key [name] in "<RegexURLResolver <module 'sysce_service_apps.registro_api.urls' from 'C:\\\\Users\\\\PANTIGOSOs\\\\Documents\\\\Diseño Web\\\\sysce\\\\sysce_service\\\\sysce_service_apps\\\\registro_api\\\\urls.py'> (None:None) ^api/registro/>"
[2016-11-05 15:24:48] WARNING [django.request:152] Not Found: /favicon.ico
[2016-11-05 15:24:48] WARNING [django.server:131] "GET /favicon.ico HTTP/1.1" 404 2489
[2016-11-05 15:24:57] INFO [django.server:131] "OPTIONS /api/auths/localuserinfo/ HTTP/1.1" 200 0
[2016-11-05 15:24:57] INFO [django.server:131] "OPTIONS /api/auths/usermenu/ HTTP/1.1" 200 0
[2016-11-05 15:24:57] DEBUG [django.db.backends:90] (0.000) SELECT "oauth2_provider_accesstoken"."id", "oauth2_provider_accesstoken"."user_id", "oauth2_provider_accesstoken"."token", "oauth2_provider_accesstoken"."application_id", "oauth2_provider_accesstoken"."expires", "oauth2_provider_accesstoken"."scope", "auths_user"."password", "auths_user"."last_login", "auths_user"."is_superuser", "auths_user"."username", "auths_user"."first_name", "auths_user"."last_name", "auths_user"."email", "auths_user"."is_staff", "auths_user"."is_active", "auths_user"."date_joined", "auths_user"."id", "auths_user"."last_hierarchy_id", "auths_user"."last_module_id", "auths_user"."person_id", "auths_user"."updated_at", "auths_user"."registered_by", "oauth2_provider_application"."id", "oauth2_provider_application"."client_id", "oauth2_provider_application"."user_id", "oauth2_provider_application"."redirect_uris", "oauth2_provider_application"."client_type", "oauth2_provider_application"."authorization_grant_type", "oauth2_provider_application"."client_secret", "oauth2_provider_application"."name", "oauth2_provider_application"."skip_authorization" FROM "oauth2_provider_accesstoken" LEFT OUTER JOIN "auths_user" ON ("oauth2_provider_accesstoken"."user_id" = "auths_user"."id") INNER JOIN "oauth2_provider_application" ON ("oauth2_provider_accesstoken"."application_id" = "oauth2_provider_application"."id") WHERE "oauth2_provider_accesstoken"."token" = '0R67rWC9vjtHmc5anAxoDYpQS3dqMu'; args=('0R67rWC9vjtHmc5anAxoDYpQS3dqMu',)
[2016-11-05 15:24:57] DEBUG [django.db.backends:90] (0.000) SELECT "auths_user"."password", "auths_user"."last_login", "auths_user"."is_superuser", "auths_user"."username", "auths_user"."first_name", "auths_user"."last_name", "auths_user"."email", "auths_user"."is_staff", "auths_user"."is_active", "auths_user"."date_joined", "auths_user"."id", "auths_user"."last_hierarchy_id", "auths_user"."last_module_id", "auths_user"."person_id", "auths_user"."updated_at", "auths_user"."registered_by" FROM "auths_user" WHERE "auths_user"."username" IS NULL; args=()
[2016-11-05 15:24:57] DEBUG [django.db.backends:90] (0.000) SELECT "oauth2_provider_accesstoken"."id", "oauth2_provider_accesstoken"."user_id", "oauth2_provider_accesstoken"."token", "oauth2_provider_accesstoken"."application_id", "oauth2_provider_accesstoken"."expires", "oauth2_provider_accesstoken"."scope", "auths_user"."password", "auths_user"."last_login", "auths_user"."is_superuser", "auths_user"."username", "auths_user"."first_name", "auths_user"."last_name", "auths_user"."email", "auths_user"."is_staff", "auths_user"."is_active", "auths_user"."date_joined", "auths_user"."id", "auths_user"."last_hierarchy_id", "auths_user"."last_module_id", "auths_user"."person_id", "auths_user"."updated_at", "auths_user"."registered_by", "oauth2_provider_application"."id", "oauth2_provider_application"."client_id", "oauth2_provider_application"."user_id", "oauth2_provider_application"."redirect_uris", "oauth2_provider_application"."client_type", "oauth2_provider_application"."authorization_grant_type", "oauth2_provider_application"."client_secret", "oauth2_provider_application"."name", "oauth2_provider_application"."skip_authorization" FROM "oauth2_provider_accesstoken" LEFT OUTER JOIN "auths_user" ON ("oauth2_provider_accesstoken"."user_id" = "auths_user"."id") INNER JOIN "oauth2_provider_application" ON ("oauth2_provider_accesstoken"."application_id" = "oauth2_provider_application"."id") WHERE "oauth2_provider_accesstoken"."token" = '0R67rWC9vjtHmc5anAxoDYpQS3dqMu'; args=('0R67rWC9vjtHmc5anAxoDYpQS3dqMu',)
[2016-11-05 15:24:57] WARNING [django.server:131] "GET /api/auths/localuserinfo/ HTTP/1.1" 401 58
[2016-11-05 15:24:57] DEBUG [django.db.backends:90] (0.016) SELECT "oauth2_provider_accesstoken"."id", "oauth2_provider_accesstoken"."user_id", "oauth2_provider_accesstoken"."token", "oauth2_provider_accesstoken"."application_id", "oauth2_provider_accesstoken"."expires", "oauth2_provider_accesstoken"."scope", "auths_user"."password", "auths_user"."last_login", "auths_user"."is_superuser", "auths_user"."username", "auths_user"."first_name", "auths_user"."last_name", "auths_user"."email", "auths_user"."is_staff", "auths_user"."is_active", "auths_user"."date_joined", "auths_user"."id", "auths_user"."last_hierarchy_id", "auths_user"."last_module_id", "auths_user"."person_id", "auths_user"."updated_at", "auths_user"."registered_by", "oauth2_provider_application"."id", "oauth2_provider_application"."client_id", "oauth2_provider_application"."user_id", "oauth2_provider_application"."redirect_uris", "oauth2_provider_application"."client_type", "oauth2_provider_application"."authorization_grant_type", "oauth2_provider_application"."client_secret", "oauth2_provider_application"."name", "oauth2_provider_application"."skip_authorization" FROM "oauth2_provider_accesstoken" LEFT OUTER JOIN "auths_user" ON ("oauth2_provider_accesstoken"."user_id" = "auths_user"."id") INNER JOIN "oauth2_provider_application" ON ("oauth2_provider_accesstoken"."application_id" = "oauth2_provider_application"."id") WHERE "oauth2_provider_accesstoken"."token" = '0R67rWC9vjtHmc5anAxoDYpQS3dqMu'; args=('0R67rWC9vjtHmc5anAxoDYpQS3dqMu',)
[2016-11-05 15:24:57] DEBUG [django.db.backends:90] (0.004) SELECT "auths_user"."password", "auths_user"."last_login", "auths_user"."is_superuser", "auths_user"."username", "auths_user"."first_name", "auths_user"."last_name", "auths_user"."email", "auths_user"."is_staff", "auths_user"."is_active", "auths_user"."date_joined", "auths_user"."id", "auths_user"."last_hierarchy_id", "auths_user"."last_module_id", "auths_user"."person_id", "auths_user"."updated_at", "auths_user"."registered_by" FROM "auths_user" WHERE "auths_user"."username" IS NULL; args=()
[2016-11-05 15:24:58] DEBUG [django.db.backends:90] (0.000) SELECT "oauth2_provider_accesstoken"."id", "oauth2_provider_accesstoken"."user_id", "oauth2_provider_accesstoken"."token", "oauth2_provider_accesstoken"."application_id", "oauth2_provider_accesstoken"."expires", "oauth2_provider_accesstoken"."scope", "auths_user"."password", "auths_user"."last_login", "auths_user"."is_superuser", "auths_user"."username", "auths_user"."first_name", "auths_user"."last_name", "auths_user"."email", "auths_user"."is_staff", "auths_user"."is_active", "auths_user"."date_joined", "auths_user"."id", "auths_user"."last_hierarchy_id", "auths_user"."last_module_id", "auths_user"."person_id", "auths_user"."updated_at", "auths_user"."registered_by", "oauth2_provider_application"."id", "oauth2_provider_application"."client_id", "oauth2_provider_application"."user_id", "oauth2_provider_application"."redirect_uris", "oauth2_provider_application"."client_type", "oauth2_provider_application"."authorization_grant_type", "oauth2_provider_application"."client_secret", "oauth2_provider_application"."name", "oauth2_provider_application"."skip_authorization" FROM "oauth2_provider_accesstoken" LEFT OUTER JOIN "auths_user" ON ("oauth2_provider_accesstoken"."user_id" = "auths_user"."id") INNER JOIN "oauth2_provider_application" ON ("oauth2_provider_accesstoken"."application_id" = "oauth2_provider_application"."id") WHERE "oauth2_provider_accesstoken"."token" = '0R67rWC9vjtHmc5anAxoDYpQS3dqMu'; args=('0R67rWC9vjtHmc5anAxoDYpQS3dqMu',)
[2016-11-05 15:24:58] WARNING [django.server:131] "GET /api/auths/usermenu/ HTTP/1.1" 401 58
[2016-11-05 15:25:00] DEBUG [django.db.backends:90] (0.000) SELECT "auths_menu"."router_json" FROM "auths_menu" ORDER BY "auths_menu"."pos" ASC; args=()
[2016-11-05 15:25:00] INFO [django.server:131] "GET /api/auths/routers/ HTTP/1.1" 200 2
[2016-11-05 15:25:06] DEBUG [django.db.backends:90] (0.000) SELECT "oauth2_provider_application"."id", "oauth2_provider_application"."client_id", "oauth2_provider_application"."user_id", "oauth2_provider_application"."redirect_uris", "oauth2_provider_application"."client_type", "oauth2_provider_application"."authorization_grant_type", "oauth2_provider_application"."client_secret", "oauth2_provider_application"."name", "oauth2_provider_application"."skip_authorization" FROM "oauth2_provider_application" WHERE "oauth2_provider_application"."client_id" = 'GseD7bEoQmigAnVgn8Vvw6TUXjOMoo4zYeURMfwx'; args=('GseD7bEoQmigAnVgn8Vvw6TUXjOMoo4zYeURMfwx',)
[2016-11-05 15:25:06] DEBUG [django.db.backends:90] (0.000) SELECT "auths_user"."password", "auths_user"."last_login", "auths_user"."is_superuser", "auths_user"."username", "auths_user"."first_name", "auths_user"."last_name", "auths_user"."email", "auths_user"."is_staff", "auths_user"."is_active", "auths_user"."date_joined", "auths_user"."id", "auths_user"."last_hierarchy_id", "auths_user"."last_module_id", "auths_user"."person_id", "auths_user"."updated_at", "auths_user"."registered_by" FROM "auths_user" WHERE "auths_user"."username" = 'pantigoso'; args=('pantigoso',)
[2016-11-05 15:25:06] DEBUG [django.db.backends:90] (0.000) BEGIN; args=None
[2016-11-05 15:25:06] DEBUG [django.db.backends:90] (0.016) INSERT INTO "oauth2_provider_accesstoken" ("user_id", "token", "application_id", "expires", "scope") VALUES ('ec5a24a408ba4a769be83861356f31de', '5qvs3yFQb0u8Uur2aEmgxQr2LO4Nqv', 3, '2016-11-06 06:25:06.449111', 'read write'); args=['ec5a24a408ba4a769be83861356f31de', '5qvs3yFQb0u8Uur2aEmgxQr2LO4Nqv', 3, '2016-11-06 06:25:06.449111', 'read write']
[2016-11-05 15:25:06] DEBUG [django.db.backends:90] (0.000) BEGIN; args=None
[2016-11-05 15:25:06] DEBUG [django.db.backends:90] (0.022) INSERT INTO "oauth2_provider_refreshtoken" ("user_id", "token", "application_id", "access_token_id") VALUES ('ec5a24a408ba4a769be83861356f31de', 'RK6SLCHJfDhEqrz2OQAM1zfWA1z5RX', 3, 23); args=['ec5a24a408ba4a769be83861356f31de', 'RK6SLCHJfDhEqrz2OQAM1zfWA1z5RX', 3, 23]
[2016-11-05 15:25:06] INFO [django.server:131] "POST /o/token/ HTTP/1.1" 200 169
[2016-11-05 15:25:07] DEBUG [django.db.backends:90] (0.000) SELECT "oauth2_provider_accesstoken"."id", "oauth2_provider_accesstoken"."user_id", "oauth2_provider_accesstoken"."token", "oauth2_provider_accesstoken"."application_id", "oauth2_provider_accesstoken"."expires", "oauth2_provider_accesstoken"."scope", "auths_user"."password", "auths_user"."last_login", "auths_user"."is_superuser", "auths_user"."username", "auths_user"."first_name", "auths_user"."last_name", "auths_user"."email", "auths_user"."is_staff", "auths_user"."is_active", "auths_user"."date_joined", "auths_user"."id", "auths_user"."last_hierarchy_id", "auths_user"."last_module_id", "auths_user"."person_id", "auths_user"."updated_at", "auths_user"."registered_by", "oauth2_provider_application"."id", "oauth2_provider_application"."client_id", "oauth2_provider_application"."user_id", "oauth2_provider_application"."redirect_uris", "oauth2_provider_application"."client_type", "oauth2_provider_application"."authorization_grant_type", "oauth2_provider_application"."client_secret", "oauth2_provider_application"."name", "oauth2_provider_application"."skip_authorization" FROM "oauth2_provider_accesstoken" LEFT OUTER JOIN "auths_user" ON ("oauth2_provider_accesstoken"."user_id" = "auths_user"."id") INNER JOIN "oauth2_provider_application" ON ("oauth2_provider_accesstoken"."application_id" = "oauth2_provider_application"."id") WHERE "oauth2_provider_accesstoken"."token" = '5qvs3yFQb0u8Uur2aEmgxQr2LO4Nqv'; args=('5qvs3yFQb0u8Uur2aEmgxQr2LO4Nqv',)
[2016-11-05 15:25:07] DEBUG [django.db.backends:90] (0.000) SELECT "oauth2_provider_accesstoken"."id", "oauth2_provider_accesstoken"."user_id", "oauth2_provider_accesstoken"."token", "oauth2_provider_accesstoken"."application_id", "oauth2_provider_accesstoken"."expires", "oauth2_provider_accesstoken"."scope", "auths_user"."password", "auths_user"."last_login", "auths_user"."is_superuser", "auths_user"."username", "auths_user"."first_name", "auths_user"."last_name", "auths_user"."email", "auths_user"."is_staff", "auths_user"."is_active", "auths_user"."date_joined", "auths_user"."id", "auths_user"."last_hierarchy_id", "auths_user"."last_module_id", "auths_user"."person_id", "auths_user"."updated_at", "auths_user"."registered_by", "oauth2_provider_application"."id", "oauth2_provider_application"."client_id", "oauth2_provider_application"."user_id", "oauth2_provider_application"."redirect_uris", "oauth2_provider_application"."client_type", "oauth2_provider_application"."authorization_grant_type", "oauth2_provider_application"."client_secret", "oauth2_provider_application"."name", "oauth2_provider_application"."skip_authorization" FROM "oauth2_provider_accesstoken" LEFT OUTER JOIN "auths_user" ON ("oauth2_provider_accesstoken"."user_id" = "auths_user"."id") INNER JOIN "oauth2_provider_application" ON ("oauth2_provider_accesstoken"."application_id" = "oauth2_provider_application"."id") WHERE "oauth2_provider_accesstoken"."token" = '5qvs3yFQb0u8Uur2aEmgxQr2LO4Nqv'; args=('5qvs3yFQb0u8Uur2aEmgxQr2LO4Nqv',)
[2016-11-05 15:25:07] DEBUG [django.db.backends:90] (0.000) SELECT "auth_group"."id", "auth_group"."name" FROM "auth_group" INNER JOIN "auths_user_groups" ON ("auth_group"."id" = "auths_user_groups"."group_id") WHERE "auths_user_groups"."user_id" = 'ec5a24a408ba4a769be83861356f31de'; args=('ec5a24a408ba4a769be83861356f31de',)
[2016-11-05 15:25:07] DEBUG [django.db.backends:90] (0.000) SELECT "auth_permission"."id", "auth_permission"."name", "auth_permission"."content_type_id", "auth_permission"."codename" FROM "auth_permission" INNER JOIN "auths_user_user_permissions" ON ("auth_permission"."id" = "auths_user_user_permissions"."permission_id") INNER JOIN "django_content_type" ON ("auth_permission"."content_type_id" = "django_content_type"."id") WHERE "auths_user_user_permissions"."user_id" = 'ec5a24a408ba4a769be83861356f31de' ORDER BY "django_content_type"."app_label" ASC, "django_content_type"."model" ASC, "auth_permission"."codename" ASC; args=('ec5a24a408ba4a769be83861356f31de',)
[2016-11-05 15:25:07] INFO [django.server:131] "GET /api/auths/localuserinfo/ HTTP/1.1" 200 409
[2016-11-05 15:25:07] DEBUG [django.db.backends:90] (0.000) SELECT "oauth2_provider_accesstoken"."id", "oauth2_provider_accesstoken"."user_id", "oauth2_provider_accesstoken"."token", "oauth2_provider_accesstoken"."application_id", "oauth2_provider_accesstoken"."expires", "oauth2_provider_accesstoken"."scope", "auths_user"."password", "auths_user"."last_login", "auths_user"."is_superuser", "auths_user"."username", "auths_user"."first_name", "auths_user"."last_name", "auths_user"."email", "auths_user"."is_staff", "auths_user"."is_active", "auths_user"."date_joined", "auths_user"."id", "auths_user"."last_hierarchy_id", "auths_user"."last_module_id", "auths_user"."person_id", "auths_user"."updated_at", "auths_user"."registered_by", "oauth2_provider_application"."id", "oauth2_provider_application"."client_id", "oauth2_provider_application"."user_id", "oauth2_provider_application"."redirect_uris", "oauth2_provider_application"."client_type", "oauth2_provider_application"."authorization_grant_type", "oauth2_provider_application"."client_secret", "oauth2_provider_application"."name", "oauth2_provider_application"."skip_authorization" FROM "oauth2_provider_accesstoken" LEFT OUTER JOIN "auths_user" ON ("oauth2_provider_accesstoken"."user_id" = "auths_user"."id") INNER JOIN "oauth2_provider_application" ON ("oauth2_provider_accesstoken"."application_id" = "oauth2_provider_application"."id") WHERE "oauth2_provider_accesstoken"."token" = '5qvs3yFQb0u8Uur2aEmgxQr2LO4Nqv'; args=('5qvs3yFQb0u8Uur2aEmgxQr2LO4Nqv',)
[2016-11-05 15:25:07] DEBUG [django.db.backends:90] (0.000) SELECT "oauth2_provider_accesstoken"."id", "oauth2_provider_accesstoken"."user_id", "oauth2_provider_accesstoken"."token", "oauth2_provider_accesstoken"."application_id", "oauth2_provider_accesstoken"."expires", "oauth2_provider_accesstoken"."scope", "auths_user"."password", "auths_user"."last_login", "auths_user"."is_superuser", "auths_user"."username", "auths_user"."first_name", "auths_user"."last_name", "auths_user"."email", "auths_user"."is_staff", "auths_user"."is_active", "auths_user"."date_joined", "auths_user"."id", "auths_user"."last_hierarchy_id", "auths_user"."last_module_id", "auths_user"."person_id", "auths_user"."updated_at", "auths_user"."registered_by", "oauth2_provider_application"."id", "oauth2_provider_application"."client_id", "oauth2_provider_application"."user_id", "oauth2_provider_application"."redirect_uris", "oauth2_provider_application"."client_type", "oauth2_provider_application"."authorization_grant_type", "oauth2_provider_application"."client_secret", "oauth2_provider_application"."name", "oauth2_provider_application"."skip_authorization" FROM "oauth2_provider_accesstoken" LEFT OUTER JOIN "auths_user" ON ("oauth2_provider_accesstoken"."user_id" = "auths_user"."id") INNER JOIN "oauth2_provider_application" ON ("oauth2_provider_accesstoken"."application_id" = "oauth2_provider_application"."id") WHERE "oauth2_provider_accesstoken"."token" = '5qvs3yFQb0u8Uur2aEmgxQr2LO4Nqv'; args=('5qvs3yFQb0u8Uur2aEmgxQr2LO4Nqv',)
[2016-11-05 15:25:07] DEBUG [django.db.backends:90] (0.000) SELECT "auths_menu"."id" FROM "auths_menu" WHERE ("auths_menu"."id" IS NOT NULL AND "auths_menu"."is_active" = 1 AND "auths_menu"."module" = 'BACKEND') ORDER BY "auths_menu"."pos" ASC; args=(True, 'BACKEND')
[2016-11-05 15:25:07] DEBUG [django.db.backends:90] (0.000) SELECT (1) AS "a" FROM "django_session" WHERE "django_session"."session_key" = 'jbcvrpab0rn42gdej3dij9kmhccmkdkk' LIMIT 1; args=('jbcvrpab0rn42gdej3dij9kmhccmkdkk',)
[2016-11-05 15:25:07] DEBUG [django.db.backends:90] (0.000) BEGIN; args=None
[2016-11-05 15:25:07] DEBUG [django.db.backends:90] (0.056) INSERT INTO "django_session" ("session_key", "session_data", "expire_date") SELECT 'jbcvrpab0rn42gdej3dij9kmhccmkdkk', 'NTllMGI5ZTYyN2JkM2ZmOWVmZDE2ZWI1MWVmODQ0YzYyNjllYzM0Mjp7Il9zZXNzaW9uX2V4cGlyeSI6MzB9', '2016-11-05 20:25:37.766028'; args=('jbcvrpab0rn42gdej3dij9kmhccmkdkk', 'NTllMGI5ZTYyN2JkM2ZmOWVmZDE2ZWI1MWVmODQ0YzYyNjllYzM0Mjp7Il9zZXNzaW9uX2V4cGlyeSI6MzB9', '2016-11-05 20:25:37.766028')
[2016-11-05 15:25:07] INFO [django.server:131] "GET /api/auths/usermenu/ HTTP/1.1" 200 11
[2016-11-05 15:25:12] INFO [django.server:131] "OPTIONS /api/registro/personas/ HTTP/1.1" 200 0
[2016-11-05 15:25:12] DEBUG [django.db.backends:90] (0.004) SELECT "oauth2_provider_accesstoken"."id", "oauth2_provider_accesstoken"."user_id", "oauth2_provider_accesstoken"."token", "oauth2_provider_accesstoken"."application_id", "oauth2_provider_accesstoken"."expires", "oauth2_provider_accesstoken"."scope", "auths_user"."password", "auths_user"."last_login", "auths_user"."is_superuser", "auths_user"."username", "auths_user"."first_name", "auths_user"."last_name", "auths_user"."email", "auths_user"."is_staff", "auths_user"."is_active", "auths_user"."date_joined", "auths_user"."id", "auths_user"."last_hierarchy_id", "auths_user"."last_module_id", "auths_user"."person_id", "auths_user"."updated_at", "auths_user"."registered_by", "oauth2_provider_application"."id", "oauth2_provider_application"."client_id", "oauth2_provider_application"."user_id", "oauth2_provider_application"."redirect_uris", "oauth2_provider_application"."client_type", "oauth2_provider_application"."authorization_grant_type", "oauth2_provider_application"."client_secret", "oauth2_provider_application"."name", "oauth2_provider_application"."skip_authorization" FROM "oauth2_provider_accesstoken" LEFT OUTER JOIN "auths_user" ON ("oauth2_provider_accesstoken"."user_id" = "auths_user"."id") INNER JOIN "oauth2_provider_application" ON ("oauth2_provider_accesstoken"."application_id" = "oauth2_provider_application"."id") WHERE "oauth2_provider_accesstoken"."token" = '5qvs3yFQb0u8Uur2aEmgxQr2LO4Nqv'; args=('5qvs3yFQb0u8Uur2aEmgxQr2LO4Nqv',)
[2016-11-05 15:25:12] DEBUG [django.db.backends:90] (0.000) SELECT "oauth2_provider_accesstoken"."id", "oauth2_provider_accesstoken"."user_id", "oauth2_provider_accesstoken"."token", "oauth2_provider_accesstoken"."application_id", "oauth2_provider_accesstoken"."expires", "oauth2_provider_accesstoken"."scope", "auths_user"."password", "auths_user"."last_login", "auths_user"."is_superuser", "auths_user"."username", "auths_user"."first_name", "auths_user"."last_name", "auths_user"."email", "auths_user"."is_staff", "auths_user"."is_active", "auths_user"."date_joined", "auths_user"."id", "auths_user"."last_hierarchy_id", "auths_user"."last_module_id", "auths_user"."person_id", "auths_user"."updated_at", "auths_user"."registered_by", "oauth2_provider_application"."id", "oauth2_provider_application"."client_id", "oauth2_provider_application"."user_id", "oauth2_provider_application"."redirect_uris", "oauth2_provider_application"."client_type", "oauth2_provider_application"."authorization_grant_type", "oauth2_provider_application"."client_secret", "oauth2_provider_application"."name", "oauth2_provider_application"."skip_authorization" FROM "oauth2_provider_accesstoken" LEFT OUTER JOIN "auths_user" ON ("oauth2_provider_accesstoken"."user_id" = "auths_user"."id") INNER JOIN "oauth2_provider_application" ON ("oauth2_provider_accesstoken"."application_id" = "oauth2_provider_application"."id") WHERE "oauth2_provider_accesstoken"."token" = '5qvs3yFQb0u8Uur2aEmgxQr2LO4Nqv'; args=('5qvs3yFQb0u8Uur2aEmgxQr2LO4Nqv',)
[2016-11-05 15:25:12] DEBUG [django.db.backends:90] (0.000) SELECT COUNT(*) AS "__count" FROM "registro_persona"; args=()
[2016-11-05 15:25:12] DEBUG [django.db.backends:90] (0.000) SELECT "registro_persona"."id", "registro_persona"."nombre", "registro_persona"."apellido_paterno", "registro_persona"."apellido_materno", "registro_persona"."dni", "registro_persona"."telefono", "registro_persona"."sexo", "registro_persona"."email", "registro_persona"."fecha_nacimiento", "registro_persona"."lugar_nacimiento", "registro_persona"."direccion", "registro_persona"."foto" FROM "registro_persona" LIMIT 5; args=()
[2016-11-05 15:25:12] INFO [django.server:131] "GET /api/registro/personas/ HTTP/1.1" 200 1510
[2016-11-05 15:25:14] INFO [django.server:131] "OPTIONS /api/registro/alumnos/ HTTP/1.1" 200 0
[2016-11-05 15:25:15] DEBUG [django.db.backends:90] (0.004) SELECT "oauth2_provider_accesstoken"."id", "oauth2_provider_accesstoken"."user_id", "oauth2_provider_accesstoken"."token", "oauth2_provider_accesstoken"."application_id", "oauth2_provider_accesstoken"."expires", "oauth2_provider_accesstoken"."scope", "auths_user"."password", "auths_user"."last_login", "auths_user"."is_superuser", "auths_user"."username", "auths_user"."first_name", "auths_user"."last_name", "auths_user"."email", "auths_user"."is_staff", "auths_user"."is_active", "auths_user"."date_joined", "auths_user"."id", "auths_user"."last_hierarchy_id", "auths_user"."last_module_id", "auths_user"."person_id", "auths_user"."updated_at", "auths_user"."registered_by", "oauth2_provider_application"."id", "oauth2_provider_application"."client_id", "oauth2_provider_application"."user_id", "oauth2_provider_application"."redirect_uris", "oauth2_provider_application"."client_type", "oauth2_provider_application"."authorization_grant_type", "oauth2_provider_application"."client_secret", "oauth2_provider_application"."name", "oauth2_provider_application"."skip_authorization" FROM "oauth2_provider_accesstoken" LEFT OUTER JOIN "auths_user" ON ("oauth2_provider_accesstoken"."user_id" = "auths_user"."id") INNER JOIN "oauth2_provider_application" ON ("oauth2_provider_accesstoken"."application_id" = "oauth2_provider_application"."id") WHERE "oauth2_provider_accesstoken"."token" = '5qvs3yFQb0u8Uur2aEmgxQr2LO4Nqv'; args=('5qvs3yFQb0u8Uur2aEmgxQr2LO4Nqv',)
[2016-11-05 15:25:15] DEBUG [django.db.backends:90] (0.000) SELECT "oauth2_provider_accesstoken"."id", "oauth2_provider_accesstoken"."user_id", "oauth2_provider_accesstoken"."token", "oauth2_provider_accesstoken"."application_id", "oauth2_provider_accesstoken"."expires", "oauth2_provider_accesstoken"."scope", "auths_user"."password", "auths_user"."last_login", "auths_user"."is_superuser", "auths_user"."username", "auths_user"."first_name", "auths_user"."last_name", "auths_user"."email", "auths_user"."is_staff", "auths_user"."is_active", "auths_user"."date_joined", "auths_user"."id", "auths_user"."last_hierarchy_id", "auths_user"."last_module_id", "auths_user"."person_id", "auths_user"."updated_at", "auths_user"."registered_by", "oauth2_provider_application"."id", "oauth2_provider_application"."client_id", "oauth2_provider_application"."user_id", "oauth2_provider_application"."redirect_uris", "oauth2_provider_application"."client_type", "oauth2_provider_application"."authorization_grant_type", "oauth2_provider_application"."client_secret", "oauth2_provider_application"."name", "oauth2_provider_application"."skip_authorization" FROM "oauth2_provider_accesstoken" LEFT OUTER JOIN "auths_user" ON ("oauth2_provider_accesstoken"."user_id" = "auths_user"."id") INNER JOIN "oauth2_provider_application" ON ("oauth2_provider_accesstoken"."application_id" = "oauth2_provider_application"."id") WHERE "oauth2_provider_accesstoken"."token" = '5qvs3yFQb0u8Uur2aEmgxQr2LO4Nqv'; args=('5qvs3yFQb0u8Uur2aEmgxQr2LO4Nqv',)
[2016-11-05 15:25:15] DEBUG [django.db.backends:90] (0.000) SELECT "registro_alumno"."id", "registro_alumno"."estado", "registro_alumno"."persona_id", "registro_alumno"."cargoEscolar_id", "registro_alumno"."cargaAcademica_id", "registro_alumno"."colegio_id" FROM "registro_alumno"; args=()
[2016-11-05 15:25:15] INFO [django.server:131] "GET /api/registro/alumnos/ HTTP/1.1" 200 2
[2016-11-05 15:25:15] INFO [django.server:131] "OPTIONS /api/registro/cursos/ HTTP/1.1" 200 0
[2016-11-05 15:25:16] DEBUG [django.db.backends:90] (0.004) SELECT "oauth2_provider_accesstoken"."id", "oauth2_provider_accesstoken"."user_id", "oauth2_provider_accesstoken"."token", "oauth2_provider_accesstoken"."application_id", "oauth2_provider_accesstoken"."expires", "oauth2_provider_accesstoken"."scope", "auths_user"."password", "auths_user"."last_login", "auths_user"."is_superuser", "auths_user"."username", "auths_user"."first_name", "auths_user"."last_name", "auths_user"."email", "auths_user"."is_staff", "auths_user"."is_active", "auths_user"."date_joined", "auths_user"."id", "auths_user"."last_hierarchy_id", "auths_user"."last_module_id", "auths_user"."person_id", "auths_user"."updated_at", "auths_user"."registered_by", "oauth2_provider_application"."id", "oauth2_provider_application"."client_id", "oauth2_provider_application"."user_id", "oauth2_provider_application"."redirect_uris", "oauth2_provider_application"."client_type", "oauth2_provider_application"."authorization_grant_type", "oauth2_provider_application"."client_secret", "oauth2_provider_application"."name", "oauth2_provider_application"."skip_authorization" FROM "oauth2_provider_accesstoken" LEFT OUTER JOIN "auths_user" ON ("oauth2_provider_accesstoken"."user_id" = "auths_user"."id") INNER JOIN "oauth2_provider_application" ON ("oauth2_provider_accesstoken"."application_id" = "oauth2_provider_application"."id") WHERE "oauth2_provider_accesstoken"."token" = '5qvs3yFQb0u8Uur2aEmgxQr2LO4Nqv'; args=('5qvs3yFQb0u8Uur2aEmgxQr2LO4Nqv',)
[2016-11-05 15:25:16] DEBUG [django.db.backends:90] (0.000) SELECT "oauth2_provider_accesstoken"."id", "oauth2_provider_accesstoken"."user_id", "oauth2_provider_accesstoken"."token", "oauth2_provider_accesstoken"."application_id", "oauth2_provider_accesstoken"."expires", "oauth2_provider_accesstoken"."scope", "auths_user"."password", "auths_user"."last_login", "auths_user"."is_superuser", "auths_user"."username", "auths_user"."first_name", "auths_user"."last_name", "auths_user"."email", "auths_user"."is_staff", "auths_user"."is_active", "auths_user"."date_joined", "auths_user"."id", "auths_user"."last_hierarchy_id", "auths_user"."last_module_id", "auths_user"."person_id", "auths_user"."updated_at", "auths_user"."registered_by", "oauth2_provider_application"."id", "oauth2_provider_application"."client_id", "oauth2_provider_application"."user_id", "oauth2_provider_application"."redirect_uris", "oauth2_provider_application"."client_type", "oauth2_provider_application"."authorization_grant_type", "oauth2_provider_application"."client_secret", "oauth2_provider_application"."name", "oauth2_provider_application"."skip_authorization" FROM "oauth2_provider_accesstoken" LEFT OUTER JOIN "auths_user" ON ("oauth2_provider_accesstoken"."user_id" = "auths_user"."id") INNER JOIN "oauth2_provider_application" ON ("oauth2_provider_accesstoken"."application_id" = "oauth2_provider_application"."id") WHERE "oauth2_provider_accesstoken"."token" = '5qvs3yFQb0u8Uur2aEmgxQr2LO4Nqv'; args=('5qvs3yFQb0u8Uur2aEmgxQr2LO4Nqv',)
[2016-11-05 15:25:16] DEBUG [django.db.backends:90] (0.000) SELECT "registro_curso"."id", "registro_curso"."nombre", "registro_curso"."horas", "registro_curso"."estado", "registro_curso"."docente_id" FROM "registro_curso"; args=()
[2016-11-05 15:25:16] INFO [django.server:131] "GET /api/registro/cursos/ HTTP/1.1" 200 106
[2016-11-05 15:25:17] INFO [django.server:131] "OPTIONS /api/registro/salones/ HTTP/1.1" 200 0
[2016-11-05 15:25:17] DEBUG [django.db.backends:90] (0.004) SELECT "oauth2_provider_accesstoken"."id", "oauth2_provider_accesstoken"."user_id", "oauth2_provider_accesstoken"."token", "oauth2_provider_accesstoken"."application_id", "oauth2_provider_accesstoken"."expires", "oauth2_provider_accesstoken"."scope", "auths_user"."password", "auths_user"."last_login", "auths_user"."is_superuser", "auths_user"."username", "auths_user"."first_name", "auths_user"."last_name", "auths_user"."email", "auths_user"."is_staff", "auths_user"."is_active", "auths_user"."date_joined", "auths_user"."id", "auths_user"."last_hierarchy_id", "auths_user"."last_module_id", "auths_user"."person_id", "auths_user"."updated_at", "auths_user"."registered_by", "oauth2_provider_application"."id", "oauth2_provider_application"."client_id", "oauth2_provider_application"."user_id", "oauth2_provider_application"."redirect_uris", "oauth2_provider_application"."client_type", "oauth2_provider_application"."authorization_grant_type", "oauth2_provider_application"."client_secret", "oauth2_provider_application"."name", "oauth2_provider_application"."skip_authorization" FROM "oauth2_provider_accesstoken" LEFT OUTER JOIN "auths_user" ON ("oauth2_provider_accesstoken"."user_id" = "auths_user"."id") INNER JOIN "oauth2_provider_application" ON ("oauth2_provider_accesstoken"."application_id" = "oauth2_provider_application"."id") WHERE "oauth2_provider_accesstoken"."token" = '5qvs3yFQb0u8Uur2aEmgxQr2LO4Nqv'; args=('5qvs3yFQb0u8Uur2aEmgxQr2LO4Nqv',)
[2016-11-05 15:25:17] DEBUG [django.db.backends:90] (0.000) SELECT "oauth2_provider_accesstoken"."id", "oauth2_provider_accesstoken"."user_id", "oauth2_provider_accesstoken"."token", "oauth2_provider_accesstoken"."application_id", "oauth2_provider_accesstoken"."expires", "oauth2_provider_accesstoken"."scope", "auths_user"."password", "auths_user"."last_login", "auths_user"."is_superuser", "auths_user"."username", "auths_user"."first_name", "auths_user"."last_name", "auths_user"."email", "auths_user"."is_staff", "auths_user"."is_active", "auths_user"."date_joined", "auths_user"."id", "auths_user"."last_hierarchy_id", "auths_user"."last_module_id", "auths_user"."person_id", "auths_user"."updated_at", "auths_user"."registered_by", "oauth2_provider_application"."id", "oauth2_provider_application"."client_id", "oauth2_provider_application"."user_id", "oauth2_provider_application"."redirect_uris", "oauth2_provider_application"."client_type", "oauth2_provider_application"."authorization_grant_type", "oauth2_provider_application"."client_secret", "oauth2_provider_application"."name", "oauth2_provider_application"."skip_authorization" FROM "oauth2_provider_accesstoken" LEFT OUTER JOIN "auths_user" ON ("oauth2_provider_accesstoken"."user_id" = "auths_user"."id") INNER JOIN "oauth2_provider_application" ON ("oauth2_provider_accesstoken"."application_id" = "oauth2_provider_application"."id") WHERE "oauth2_provider_accesstoken"."token" = '5qvs3yFQb0u8Uur2aEmgxQr2LO4Nqv'; args=('5qvs3yFQb0u8Uur2aEmgxQr2LO4Nqv',)
[2016-11-05 15:25:17] DEBUG [django.db.backends:90] (0.000) SELECT "registro_salon"."id", "registro_salon"."nombre", "registro_salon"."ubicacion" FROM "registro_salon"; args=()
[2016-11-05 15:25:17] INFO [django.server:131] "GET /api/registro/salones/ HTTP/1.1" 200 107
[2016-11-05 15:25:18] INFO [django.server:131] "OPTIONS /api/registro/colegios/ HTTP/1.1" 200 0
[2016-11-05 15:25:19] DEBUG [django.db.backends:90] (0.020) SELECT "oauth2_provider_accesstoken"."id", "oauth2_provider_accesstoken"."user_id", "oauth2_provider_accesstoken"."token", "oauth2_provider_accesstoken"."application_id", "oauth2_provider_accesstoken"."expires", "oauth2_provider_accesstoken"."scope", "auths_user"."password", "auths_user"."last_login", "auths_user"."is_superuser", "auths_user"."username", "auths_user"."first_name", "auths_user"."last_name", "auths_user"."email", "auths_user"."is_staff", "auths_user"."is_active", "auths_user"."date_joined", "auths_user"."id", "auths_user"."last_hierarchy_id", "auths_user"."last_module_id", "auths_user"."person_id", "auths_user"."updated_at", "auths_user"."registered_by", "oauth2_provider_application"."id", "oauth2_provider_application"."client_id", "oauth2_provider_application"."user_id", "oauth2_provider_application"."redirect_uris", "oauth2_provider_application"."client_type", "oauth2_provider_application"."authorization_grant_type", "oauth2_provider_application"."client_secret", "oauth2_provider_application"."name", "oauth2_provider_application"."skip_authorization" FROM "oauth2_provider_accesstoken" LEFT OUTER JOIN "auths_user" ON ("oauth2_provider_accesstoken"."user_id" = "auths_user"."id") INNER JOIN "oauth2_provider_application" ON ("oauth2_provider_accesstoken"."application_id" = "oauth2_provider_application"."id") WHERE "oauth2_provider_accesstoken"."token" = '5qvs3yFQb0u8Uur2aEmgxQr2LO4Nqv'; args=('5qvs3yFQb0u8Uur2aEmgxQr2LO4Nqv',)
[2016-11-05 15:25:19] DEBUG [django.db.backends:90] (0.000) SELECT "oauth2_provider_accesstoken"."id", "oauth2_provider_accesstoken"."user_id", "oauth2_provider_accesstoken"."token", "oauth2_provider_accesstoken"."application_id", "oauth2_provider_accesstoken"."expires", "oauth2_provider_accesstoken"."scope", "auths_user"."password", "auths_user"."last_login", "auths_user"."is_superuser", "auths_user"."username", "auths_user"."first_name", "auths_user"."last_name", "auths_user"."email", "auths_user"."is_staff", "auths_user"."is_active", "auths_user"."date_joined", "auths_user"."id", "auths_user"."last_hierarchy_id", "auths_user"."last_module_id", "auths_user"."person_id", "auths_user"."updated_at", "auths_user"."registered_by", "oauth2_provider_application"."id", "oauth2_provider_application"."client_id", "oauth2_provider_application"."user_id", "oauth2_provider_application"."redirect_uris", "oauth2_provider_application"."client_type", "oauth2_provider_application"."authorization_grant_type", "oauth2_provider_application"."client_secret", "oauth2_provider_application"."name", "oauth2_provider_application"."skip_authorization" FROM "oauth2_provider_accesstoken" LEFT OUTER JOIN "auths_user" ON ("oauth2_provider_accesstoken"."user_id" = "auths_user"."id") INNER JOIN "oauth2_provider_application" ON ("oauth2_provider_accesstoken"."application_id" = "oauth2_provider_application"."id") WHERE "oauth2_provider_accesstoken"."token" = '5qvs3yFQb0u8Uur2aEmgxQr2LO4Nqv'; args=('5qvs3yFQb0u8Uur2aEmgxQr2LO4Nqv',)
[2016-11-05 15:25:19] DEBUG [django.db.backends:90] (0.000) SELECT "registro_colegio"."id", "registro_colegio"."nombre", "registro_colegio"."direccion", "registro_colegio"."departamento", "registro_colegio"."provincia", "registro_colegio"."distrito", "registro_colegio"."telefono_1", "registro_colegio"."telefono_2", "registro_colegio"."descripcion" FROM "registro_colegio"; args=()
[2016-11-05 15:25:19] INFO [django.server:131] "GET /api/registro/colegios/ HTTP/1.1" 200 636
[2016-11-05 15:25:19] INFO [django.server:131] "OPTIONS /api/registro/cargosescolares/ HTTP/1.1" 200 0
[2016-11-05 15:25:19] DEBUG [django.db.backends:90] (0.004) SELECT "oauth2_provider_accesstoken"."id", "oauth2_provider_accesstoken"."user_id", "oauth2_provider_accesstoken"."token", "oauth2_provider_accesstoken"."application_id", "oauth2_provider_accesstoken"."expires", "oauth2_provider_accesstoken"."scope", "auths_user"."password", "auths_user"."last_login", "auths_user"."is_superuser", "auths_user"."username", "auths_user"."first_name", "auths_user"."last_name", "auths_user"."email", "auths_user"."is_staff", "auths_user"."is_active", "auths_user"."date_joined", "auths_user"."id", "auths_user"."last_hierarchy_id", "auths_user"."last_module_id", "auths_user"."person_id", "auths_user"."updated_at", "auths_user"."registered_by", "oauth2_provider_application"."id", "oauth2_provider_application"."client_id", "oauth2_provider_application"."user_id", "oauth2_provider_application"."redirect_uris", "oauth2_provider_application"."client_type", "oauth2_provider_application"."authorization_grant_type", "oauth2_provider_application"."client_secret", "oauth2_provider_application"."name", "oauth2_provider_application"."skip_authorization" FROM "oauth2_provider_accesstoken" LEFT OUTER JOIN "auths_user" ON ("oauth2_provider_accesstoken"."user_id" = "auths_user"."id") INNER JOIN "oauth2_provider_application" ON ("oauth2_provider_accesstoken"."application_id" = "oauth2_provider_application"."id") WHERE "oauth2_provider_accesstoken"."token" = '5qvs3yFQb0u8Uur2aEmgxQr2LO4Nqv'; args=('5qvs3yFQb0u8Uur2aEmgxQr2LO4Nqv',)
[2016-11-05 15:25:19] DEBUG [django.db.backends:90] (0.000) SELECT "oauth2_provider_accesstoken"."id", "oauth2_provider_accesstoken"."user_id", "oauth2_provider_accesstoken"."token", "oauth2_provider_accesstoken"."application_id", "oauth2_provider_accesstoken"."expires", "oauth2_provider_accesstoken"."scope", "auths_user"."password", "auths_user"."last_login", "auths_user"."is_superuser", "auths_user"."username", "auths_user"."first_name", "auths_user"."last_name", "auths_user"."email", "auths_user"."is_staff", "auths_user"."is_active", "auths_user"."date_joined", "auths_user"."id", "auths_user"."last_hierarchy_id", "auths_user"."last_module_id", "auths_user"."person_id", "auths_user"."updated_at", "auths_user"."registered_by", "oauth2_provider_application"."id", "oauth2_provider_application"."client_id", "oauth2_provider_application"."user_id", "oauth2_provider_application"."redirect_uris", "oauth2_provider_application"."client_type", "oauth2_provider_application"."authorization_grant_type", "oauth2_provider_application"."client_secret", "oauth2_provider_application"."name", "oauth2_provider_application"."skip_authorization" FROM "oauth2_provider_accesstoken" LEFT OUTER JOIN "auths_user" ON ("oauth2_provider_accesstoken"."user_id" = "auths_user"."id") INNER JOIN "oauth2_provider_application" ON ("oauth2_provider_accesstoken"."application_id" = "oauth2_provider_application"."id") WHERE "oauth2_provider_accesstoken"."token" = '5qvs3yFQb0u8Uur2aEmgxQr2LO4Nqv'; args=('5qvs3yFQb0u8Uur2aEmgxQr2LO4Nqv',)
[2016-11-05 15:25:19] DEBUG [django.db.backends:90] (0.000) SELECT "registro_cargoescolar"."id", "registro_cargoescolar"."nombre", "registro_cargoescolar"."tipo" FROM "registro_cargoescolar"; args=()
[2016-11-05 15:25:19] INFO [django.server:131] "GET /api/registro/cargosescolares/ HTTP/1.1" 200 291
[2016-11-05 15:25:20] DEBUG [django.db.backends:90] (0.000) SELECT "oauth2_provider_accesstoken"."id", "oauth2_provider_accesstoken"."user_id", "oauth2_provider_accesstoken"."token", "oauth2_provider_accesstoken"."application_id", "oauth2_provider_accesstoken"."expires", "oauth2_provider_accesstoken"."scope", "auths_user"."password", "auths_user"."last_login", "auths_user"."is_superuser", "auths_user"."username", "auths_user"."first_name", "auths_user"."last_name", "auths_user"."email", "auths_user"."is_staff", "auths_user"."is_active", "auths_user"."date_joined", "auths_user"."id", "auths_user"."last_hierarchy_id", "auths_user"."last_module_id", "auths_user"."person_id", "auths_user"."updated_at", "auths_user"."registered_by", "oauth2_provider_application"."id", "oauth2_provider_application"."client_id", "oauth2_provider_application"."user_id", "oauth2_provider_application"."redirect_uris", "oauth2_provider_application"."client_type", "oauth2_provider_application"."authorization_grant_type", "oauth2_provider_application"."client_secret", "oauth2_provider_application"."name", "oauth2_provider_application"."skip_authorization" FROM "oauth2_provider_accesstoken" LEFT OUTER JOIN "auths_user" ON ("oauth2_provider_accesstoken"."user_id" = "auths_user"."id") INNER JOIN "oauth2_provider_application" ON ("oauth2_provider_accesstoken"."application_id" = "oauth2_provider_application"."id") WHERE "oauth2_provider_accesstoken"."token" = '5qvs3yFQb0u8Uur2aEmgxQr2LO4Nqv'; args=('5qvs3yFQb0u8Uur2aEmgxQr2LO4Nqv',)
[2016-11-05 15:25:20] DEBUG [django.db.backends:90] (0.000) SELECT "oauth2_provider_accesstoken"."id", "oauth2_provider_accesstoken"."user_id", "oauth2_provider_accesstoken"."token", "oauth2_provider_accesstoken"."application_id", "oauth2_provider_accesstoken"."expires", "oauth2_provider_accesstoken"."scope", "auths_user"."password", "auths_user"."last_login", "auths_user"."is_superuser", "auths_user"."username", "auths_user"."first_name", "auths_user"."last_name", "auths_user"."email", "auths_user"."is_staff", "auths_user"."is_active", "auths_user"."date_joined", "auths_user"."id", "auths_user"."last_hierarchy_id", "auths_user"."last_module_id", "auths_user"."person_id", "auths_user"."updated_at", "auths_user"."registered_by", "oauth2_provider_application"."id", "oauth2_provider_application"."client_id", "oauth2_provider_application"."user_id", "oauth2_provider_application"."redirect_uris", "oauth2_provider_application"."client_type", "oauth2_provider_application"."authorization_grant_type", "oauth2_provider_application"."client_secret", "oauth2_provider_application"."name", "oauth2_provider_application"."skip_authorization" FROM "oauth2_provider_accesstoken" LEFT OUTER JOIN "auths_user" ON ("oauth2_provider_accesstoken"."user_id" = "auths_user"."id") INNER JOIN "oauth2_provider_application" ON ("oauth2_provider_accesstoken"."application_id" = "oauth2_provider_application"."id") WHERE "oauth2_provider_accesstoken"."token" = '5qvs3yFQb0u8Uur2aEmgxQr2LO4Nqv'; args=('5qvs3yFQb0u8Uur2aEmgxQr2LO4Nqv',)
[2016-11-05 15:25:20] DEBUG [django.db.backends:90] (0.000) SELECT "registro_salon"."id", "registro_salon"."nombre", "registro_salon"."ubicacion" FROM "registro_salon"; args=()
[2016-11-05 15:25:20] INFO [django.server:131] "GET /api/registro/salones/ HTTP/1.1" 200 107
[2016-11-05 15:25:20] INFO [django.server:131] "OPTIONS /api/registro/docente/ HTTP/1.1" 200 0
[2016-11-05 15:25:21] DEBUG [django.db.backends:90] (0.008) SELECT "oauth2_provider_accesstoken"."id", "oauth2_provider_accesstoken"."user_id", "oauth2_provider_accesstoken"."token", "oauth2_provider_accesstoken"."application_id", "oauth2_provider_accesstoken"."expires", "oauth2_provider_accesstoken"."scope", "auths_user"."password", "auths_user"."last_login", "auths_user"."is_superuser", "auths_user"."username", "auths_user"."first_name", "auths_user"."last_name", "auths_user"."email", "auths_user"."is_staff", "auths_user"."is_active", "auths_user"."date_joined", "auths_user"."id", "auths_user"."last_hierarchy_id", "auths_user"."last_module_id", "auths_user"."person_id", "auths_user"."updated_at", "auths_user"."registered_by", "oauth2_provider_application"."id", "oauth2_provider_application"."client_id", "oauth2_provider_application"."user_id", "oauth2_provider_application"."redirect_uris", "oauth2_provider_application"."client_type", "oauth2_provider_application"."authorization_grant_type", "oauth2_provider_application"."client_secret", "oauth2_provider_application"."name", "oauth2_provider_application"."skip_authorization" FROM "oauth2_provider_accesstoken" LEFT OUTER JOIN "auths_user" ON ("oauth2_provider_accesstoken"."user_id" = "auths_user"."id") INNER JOIN "oauth2_provider_application" ON ("oauth2_provider_accesstoken"."application_id" = "oauth2_provider_application"."id") WHERE "oauth2_provider_accesstoken"."token" = '5qvs3yFQb0u8Uur2aEmgxQr2LO4Nqv'; args=('5qvs3yFQb0u8Uur2aEmgxQr2LO4Nqv',)
[2016-11-05 15:25:21] DEBUG [django.db.backends:90] (0.004) SELECT "oauth2_provider_accesstoken"."id", "oauth2_provider_accesstoken"."user_id", "oauth2_provider_accesstoken"."token", "oauth2_provider_accesstoken"."application_id", "oauth2_provider_accesstoken"."expires", "oauth2_provider_accesstoken"."scope", "auths_user"."password", "auths_user"."last_login", "auths_user"."is_superuser", "auths_user"."username", "auths_user"."first_name", "auths_user"."last_name", "auths_user"."email", "auths_user"."is_staff", "auths_user"."is_active", "auths_user"."date_joined", "auths_user"."id", "auths_user"."last_hierarchy_id", "auths_user"."last_module_id", "auths_user"."person_id", "auths_user"."updated_at", "auths_user"."registered_by", "oauth2_provider_application"."id", "oauth2_provider_application"."client_id", "oauth2_provider_application"."user_id", "oauth2_provider_application"."redirect_uris", "oauth2_provider_application"."client_type", "oauth2_provider_application"."authorization_grant_type", "oauth2_provider_application"."client_secret", "oauth2_provider_application"."name", "oauth2_provider_application"."skip_authorization" FROM "oauth2_provider_accesstoken" LEFT OUTER JOIN "auths_user" ON ("oauth2_provider_accesstoken"."user_id" = "auths_user"."id") INNER JOIN "oauth2_provider_application" ON ("oauth2_provider_accesstoken"."application_id" = "oauth2_provider_application"."id") WHERE "oauth2_provider_accesstoken"."token" = '5qvs3yFQb0u8Uur2aEmgxQr2LO4Nqv'; args=('5qvs3yFQb0u8Uur2aEmgxQr2LO4Nqv',)
[2016-11-05 15:25:21] DEBUG [django.db.backends:90] (0.000) SELECT "registro_docente"."id", "registro_docente"."especialidad", "registro_docente"."estado", "registro_docente"."persona_id" FROM "registro_docente"; args=()
[2016-11-05 15:25:21] INFO [django.server:131] "GET /api/registro/docente/ HTTP/1.1" 200 135
[2016-11-05 15:25:58] DEBUG [django.db.backends:90] (0.004) SELECT "oauth2_provider_accesstoken"."id", "oauth2_provider_accesstoken"."user_id", "oauth2_provider_accesstoken"."token", "oauth2_provider_accesstoken"."application_id", "oauth2_provider_accesstoken"."expires", "oauth2_provider_accesstoken"."scope", "auths_user"."password", "auths_user"."last_login", "auths_user"."is_superuser", "auths_user"."username", "auths_user"."first_name", "auths_user"."last_name", "auths_user"."email", "auths_user"."is_staff", "auths_user"."is_active", "auths_user"."date_joined", "auths_user"."id", "auths_user"."last_hierarchy_id", "auths_user"."last_module_id", "auths_user"."person_id", "auths_user"."updated_at", "auths_user"."registered_by", "oauth2_provider_application"."id", "oauth2_provider_application"."client_id", "oauth2_provider_application"."user_id", "oauth2_provider_application"."redirect_uris", "oauth2_provider_application"."client_type", "oauth2_provider_application"."authorization_grant_type", "oauth2_provider_application"."client_secret", "oauth2_provider_application"."name", "oauth2_provider_application"."skip_authorization" FROM "oauth2_provider_accesstoken" LEFT OUTER JOIN "auths_user" ON ("oauth2_provider_accesstoken"."user_id" = "auths_user"."id") INNER JOIN "oauth2_provider_application" ON ("oauth2_provider_accesstoken"."application_id" = "oauth2_provider_application"."id") WHERE "oauth2_provider_accesstoken"."token" = '5qvs3yFQb0u8Uur2aEmgxQr2LO4Nqv'; args=('5qvs3yFQb0u8Uur2aEmgxQr2LO4Nqv',)
[2016-11-05 15:25:58] DEBUG [django.db.backends:90] (0.000) SELECT "oauth2_provider_accesstoken"."id", "oauth2_provider_accesstoken"."user_id", "oauth2_provider_accesstoken"."token", "oauth2_provider_accesstoken"."application_id", "oauth2_provider_accesstoken"."expires", "oauth2_provider_accesstoken"."scope", "auths_user"."password", "auths_user"."last_login", "auths_user"."is_superuser", "auths_user"."username", "auths_user"."first_name", "auths_user"."last_name", "auths_user"."email", "auths_user"."is_staff", "auths_user"."is_active", "auths_user"."date_joined", "auths_user"."id", "auths_user"."last_hierarchy_id", "auths_user"."last_module_id", "auths_user"."person_id", "auths_user"."updated_at", "auths_user"."registered_by", "oauth2_provider_application"."id", "oauth2_provider_application"."client_id", "oauth2_provider_application"."user_id", "oauth2_provider_application"."redirect_uris", "oauth2_provider_application"."client_type", "oauth2_provider_application"."authorization_grant_type", "oauth2_provider_application"."client_secret", "oauth2_provider_application"."name", "oauth2_provider_application"."skip_authorization" FROM "oauth2_provider_accesstoken" LEFT OUTER JOIN "auths_user" ON ("oauth2_provider_accesstoken"."user_id" = "auths_user"."id") INNER JOIN "oauth2_provider_application" ON ("oauth2_provider_accesstoken"."application_id" = "oauth2_provider_application"."id") WHERE "oauth2_provider_accesstoken"."token" = '5qvs3yFQb0u8Uur2aEmgxQr2LO4Nqv'; args=('5qvs3yFQb0u8Uur2aEmgxQr2LO4Nqv',)
[2016-11-05 15:25:58] DEBUG [django.db.backends:90] (0.000) SELECT COUNT(*) AS "__count" FROM "registro_persona"; args=()
[2016-11-05 15:25:58] DEBUG [django.db.backends:90] (0.000) SELECT "registro_persona"."id", "registro_persona"."nombre", "registro_persona"."apellido_paterno", "registro_persona"."apellido_materno", "registro_persona"."dni", "registro_persona"."telefono", "registro_persona"."sexo", "registro_persona"."email", "registro_persona"."fecha_nacimiento", "registro_persona"."lugar_nacimiento", "registro_persona"."direccion", "registro_persona"."foto" FROM "registro_persona" LIMIT 5; args=()
[2016-11-05 15:25:58] INFO [django.server:131] "GET /api/registro/personas/ HTTP/1.1" 200 1510
[2016-11-05 15:26:01] INFO [django.server:131] "OPTIONS /api/registro/personas/87115113-555d-4045-8f9a-d23577890544/ HTTP/1.1" 200 0
[2016-11-05 15:26:02] DEBUG [django.db.backends:90] (0.016) SELECT "oauth2_provider_accesstoken"."id", "oauth2_provider_accesstoken"."user_id", "oauth2_provider_accesstoken"."token", "oauth2_provider_accesstoken"."application_id", "oauth2_provider_accesstoken"."expires", "oauth2_provider_accesstoken"."scope", "auths_user"."password", "auths_user"."last_login", "auths_user"."is_superuser", "auths_user"."username", "auths_user"."first_name", "auths_user"."last_name", "auths_user"."email", "auths_user"."is_staff", "auths_user"."is_active", "auths_user"."date_joined", "auths_user"."id", "auths_user"."last_hierarchy_id", "auths_user"."last_module_id", "auths_user"."person_id", "auths_user"."updated_at", "auths_user"."registered_by", "oauth2_provider_application"."id", "oauth2_provider_application"."client_id", "oauth2_provider_application"."user_id", "oauth2_provider_application"."redirect_uris", "oauth2_provider_application"."client_type", "oauth2_provider_application"."authorization_grant_type", "oauth2_provider_application"."client_secret", "oauth2_provider_application"."name", "oauth2_provider_application"."skip_authorization" FROM "oauth2_provider_accesstoken" LEFT OUTER JOIN "auths_user" ON ("oauth2_provider_accesstoken"."user_id" = "auths_user"."id") INNER JOIN "oauth2_provider_application" ON ("oauth2_provider_accesstoken"."application_id" = "oauth2_provider_application"."id") WHERE "oauth2_provider_accesstoken"."token" = '5qvs3yFQb0u8Uur2aEmgxQr2LO4Nqv'; args=('5qvs3yFQb0u8Uur2aEmgxQr2LO4Nqv',)
[2016-11-05 15:26:02] DEBUG [django.db.backends:90] (0.000) SELECT "oauth2_provider_accesstoken"."id", "oauth2_provider_accesstoken"."user_id", "oauth2_provider_accesstoken"."token", "oauth2_provider_accesstoken"."application_id", "oauth2_provider_accesstoken"."expires", "oauth2_provider_accesstoken"."scope", "auths_user"."password", "auths_user"."last_login", "auths_user"."is_superuser", "auths_user"."username", "auths_user"."first_name", "auths_user"."last_name", "auths_user"."email", "auths_user"."is_staff", "auths_user"."is_active", "auths_user"."date_joined", "auths_user"."id", "auths_user"."last_hierarchy_id", "auths_user"."last_module_id", "auths_user"."person_id", "auths_user"."updated_at", "auths_user"."registered_by", "oauth2_provider_application"."id", "oauth2_provider_application"."client_id", "oauth2_provider_application"."user_id", "oauth2_provider_application"."redirect_uris", "oauth2_provider_application"."client_type", "oauth2_provider_application"."authorization_grant_type", "oauth2_provider_application"."client_secret", "oauth2_provider_application"."name", "oauth2_provider_application"."skip_authorization" FROM "oauth2_provider_accesstoken" LEFT OUTER JOIN "auths_user" ON ("oauth2_provider_accesstoken"."user_id" = "auths_user"."id") INNER JOIN "oauth2_provider_application" ON ("oauth2_provider_accesstoken"."application_id" = "oauth2_provider_application"."id") WHERE "oauth2_provider_accesstoken"."token" = '5qvs3yFQb0u8Uur2aEmgxQr2LO4Nqv'; args=('5qvs3yFQb0u8Uur2aEmgxQr2LO4Nqv',)
[2016-11-05 15:26:02] DEBUG [django.db.backends:90] (0.000) SELECT "registro_persona"."id", "registro_persona"."nombre", "registro_persona"."apellido_paterno", "registro_persona"."apellido_materno", "registro_persona"."dni", "registro_persona"."telefono", "registro_persona"."sexo", "registro_persona"."email", "registro_persona"."fecha_nacimiento", "registro_persona"."lugar_nacimiento", "registro_persona"."direccion", "registro_persona"."foto" FROM "registro_persona" WHERE "registro_persona"."id" = '87115113555d40458f9ad23577890544'; args=('87115113555d40458f9ad23577890544',)
[2016-11-05 15:26:02] INFO [django.server:131] "GET /api/registro/personas/87115113-555d-4045-8f9a-d23577890544/ HTTP/1.1" 200 295
[2016-11-05 15:26:03] DEBUG [django.db.backends:90] (0.000) SELECT "oauth2_provider_accesstoken"."id", "oauth2_provider_accesstoken"."user_id", "oauth2_provider_accesstoken"."token", "oauth2_provider_accesstoken"."application_id", "oauth2_provider_accesstoken"."expires", "oauth2_provider_accesstoken"."scope", "auths_user"."password", "auths_user"."last_login", "auths_user"."is_superuser", "auths_user"."username", "auths_user"."first_name", "auths_user"."last_name", "auths_user"."email", "auths_user"."is_staff", "auths_user"."is_active", "auths_user"."date_joined", "auths_user"."id", "auths_user"."last_hierarchy_id", "auths_user"."last_module_id", "auths_user"."person_id", "auths_user"."updated_at", "auths_user"."registered_by", "oauth2_provider_application"."id", "oauth2_provider_application"."client_id", "oauth2_provider_application"."user_id", "oauth2_provider_application"."redirect_uris", "oauth2_provider_application"."client_type", "oauth2_provider_application"."authorization_grant_type", "oauth2_provider_application"."client_secret", "oauth2_provider_application"."name", "oauth2_provider_application"."skip_authorization" FROM "oauth2_provider_accesstoken" LEFT OUTER JOIN "auths_user" ON ("oauth2_provider_accesstoken"."user_id" = "auths_user"."id") INNER JOIN "oauth2_provider_application" ON ("oauth2_provider_accesstoken"."application_id" = "oauth2_provider_application"."id") WHERE "oauth2_provider_accesstoken"."token" = '5qvs3yFQb0u8Uur2aEmgxQr2LO4Nqv'; args=('5qvs3yFQb0u8Uur2aEmgxQr2LO4Nqv',)
[2016-11-05 15:26:03] DEBUG [django.db.backends:90] (0.000) SELECT "oauth2_provider_accesstoken"."id", "oauth2_provider_accesstoken"."user_id", "oauth2_provider_accesstoken"."token", "oauth2_provider_accesstoken"."application_id", "oauth2_provider_accesstoken"."expires", "oauth2_provider_accesstoken"."scope", "auths_user"."password", "auths_user"."last_login", "auths_user"."is_superuser", "auths_user"."username", "auths_user"."first_name", "auths_user"."last_name", "auths_user"."email", "auths_user"."is_staff", "auths_user"."is_active", "auths_user"."date_joined", "auths_user"."id", "auths_user"."last_hierarchy_id", "auths_user"."last_module_id", "auths_user"."person_id", "auths_user"."updated_at", "auths_user"."registered_by", "oauth2_provider_application"."id", "oauth2_provider_application"."client_id", "oauth2_provider_application"."user_id", "oauth2_provider_application"."redirect_uris", "oauth2_provider_application"."client_type", "oauth2_provider_application"."authorization_grant_type", "oauth2_provider_application"."client_secret", "oauth2_provider_application"."name", "oauth2_provider_application"."skip_authorization" FROM "oauth2_provider_accesstoken" LEFT OUTER JOIN "auths_user" ON ("oauth2_provider_accesstoken"."user_id" = "auths_user"."id") INNER JOIN "oauth2_provider_application" ON ("oauth2_provider_accesstoken"."application_id" = "oauth2_provider_application"."id") WHERE "oauth2_provider_accesstoken"."token" = '5qvs3yFQb0u8Uur2aEmgxQr2LO4Nqv'; args=('5qvs3yFQb0u8Uur2aEmgxQr2LO4Nqv',)
[2016-11-05 15:26:03] DEBUG [django.db.backends:90] (0.000) SELECT COUNT(*) AS "__count" FROM "registro_persona"; args=()
[2016-11-05 15:26:03] DEBUG [django.db.backends:90] (0.000) SELECT "registro_persona"."id", "registro_persona"."nombre", "registro_persona"."apellido_paterno", "registro_persona"."apellido_materno", "registro_persona"."dni", "registro_persona"."telefono", "registro_persona"."sexo", "registro_persona"."email", "registro_persona"."fecha_nacimiento", "registro_persona"."lugar_nacimiento", "registro_persona"."direccion", "registro_persona"."foto" FROM "registro_persona" LIMIT 5; args=()
[2016-11-05 15:26:03] INFO [django.server:131] "GET /api/registro/personas/ HTTP/1.1" 200 1510
[2016-11-05 15:27:58] DEBUG [django.db.backends:90] (0.004) SELECT "oauth2_provider_accesstoken"."id", "oauth2_provider_accesstoken"."user_id", "oauth2_provider_accesstoken"."token", "oauth2_provider_accesstoken"."application_id", "oauth2_provider_accesstoken"."expires", "oauth2_provider_accesstoken"."scope", "auths_user"."password", "auths_user"."last_login", "auths_user"."is_superuser", "auths_user"."username", "auths_user"."first_name", "auths_user"."last_name", "auths_user"."email", "auths_user"."is_staff", "auths_user"."is_active", "auths_user"."date_joined", "auths_user"."id", "auths_user"."last_hierarchy_id", "auths_user"."last_module_id", "auths_user"."person_id", "auths_user"."updated_at", "auths_user"."registered_by", "oauth2_provider_application"."id", "oauth2_provider_application"."client_id", "oauth2_provider_application"."user_id", "oauth2_provider_application"."redirect_uris", "oauth2_provider_application"."client_type", "oauth2_provider_application"."authorization_grant_type", "oauth2_provider_application"."client_secret", "oauth2_provider_application"."name", "oauth2_provider_application"."skip_authorization" FROM "oauth2_provider_accesstoken" LEFT OUTER JOIN "auths_user" ON ("oauth2_provider_accesstoken"."user_id" = "auths_user"."id") INNER JOIN "oauth2_provider_application" ON ("oauth2_provider_accesstoken"."application_id" = "oauth2_provider_application"."id") WHERE "oauth2_provider_accesstoken"."token" = '5qvs3yFQb0u8Uur2aEmgxQr2LO4Nqv'; args=('5qvs3yFQb0u8Uur2aEmgxQr2LO4Nqv',)
[2016-11-05 15:27:58] DEBUG [django.db.backends:90] (0.004) SELECT "oauth2_provider_accesstoken"."id", "oauth2_provider_accesstoken"."user_id", "oauth2_provider_accesstoken"."token", "oauth2_provider_accesstoken"."application_id", "oauth2_provider_accesstoken"."expires", "oauth2_provider_accesstoken"."scope", "auths_user"."password", "auths_user"."last_login", "auths_user"."is_superuser", "auths_user"."username", "auths_user"."first_name", "auths_user"."last_name", "auths_user"."email", "auths_user"."is_staff", "auths_user"."is_active", "auths_user"."date_joined", "auths_user"."id", "auths_user"."last_hierarchy_id", "auths_user"."last_module_id", "auths_user"."person_id", "auths_user"."updated_at", "auths_user"."registered_by", "oauth2_provider_application"."id", "oauth2_provider_application"."client_id", "oauth2_provider_application"."user_id", "oauth2_provider_application"."redirect_uris", "oauth2_provider_application"."client_type", "oauth2_provider_application"."authorization_grant_type", "oauth2_provider_application"."client_secret", "oauth2_provider_application"."name", "oauth2_provider_application"."skip_authorization" FROM "oauth2_provider_accesstoken" LEFT OUTER JOIN "auths_user" ON ("oauth2_provider_accesstoken"."user_id" = "auths_user"."id") INNER JOIN "oauth2_provider_application" ON ("oauth2_provider_accesstoken"."application_id" = "oauth2_provider_application"."id") WHERE "oauth2_provider_accesstoken"."token" = '5qvs3yFQb0u8Uur2aEmgxQr2LO4Nqv'; args=('5qvs3yFQb0u8Uur2aEmgxQr2LO4Nqv',)
[2016-11-05 15:27:58] DEBUG [django.db.backends:90] (0.000) SELECT "registro_persona"."id", "registro_persona"."nombre", "registro_persona"."apellido_paterno", "registro_persona"."apellido_materno", "registro_persona"."dni", "registro_persona"."telefono", "registro_persona"."sexo", "registro_persona"."email", "registro_persona"."fecha_nacimiento", "registro_persona"."lugar_nacimiento", "registro_persona"."direccion", "registro_persona"."foto" FROM "registro_persona" WHERE "registro_persona"."id" = '87115113555d40458f9ad23577890544'; args=('87115113555d40458f9ad23577890544',)
[2016-11-05 15:27:58] INFO [django.server:131] "GET /api/registro/personas/87115113-555d-4045-8f9a-d23577890544/ HTTP/1.1" 200 295
[2016-11-05 15:28:00] DEBUG [django.db.backends:90] (0.004) SELECT "oauth2_provider_accesstoken"."id", "oauth2_provider_accesstoken"."user_id", "oauth2_provider_accesstoken"."token", "oauth2_provider_accesstoken"."application_id", "oauth2_provider_accesstoken"."expires", "oauth2_provider_accesstoken"."scope", "auths_user"."password", "auths_user"."last_login", "auths_user"."is_superuser", "auths_user"."username", "auths_user"."first_name", "auths_user"."last_name", "auths_user"."email", "auths_user"."is_staff", "auths_user"."is_active", "auths_user"."date_joined", "auths_user"."id", "auths_user"."last_hierarchy_id", "auths_user"."last_module_id", "auths_user"."person_id", "auths_user"."updated_at", "auths_user"."registered_by", "oauth2_provider_application"."id", "oauth2_provider_application"."client_id", "oauth2_provider_application"."user_id", "oauth2_provider_application"."redirect_uris", "oauth2_provider_application"."client_type", "oauth2_provider_application"."authorization_grant_type", "oauth2_provider_application"."client_secret", "oauth2_provider_application"."name", "oauth2_provider_application"."skip_authorization" FROM "oauth2_provider_accesstoken" LEFT OUTER JOIN "auths_user" ON ("oauth2_provider_accesstoken"."user_id" = "auths_user"."id") INNER JOIN "oauth2_provider_application" ON ("oauth2_provider_accesstoken"."application_id" = "oauth2_provider_application"."id") WHERE "oauth2_provider_accesstoken"."token" = '5qvs3yFQb0u8Uur2aEmgxQr2LO4Nqv'; args=('5qvs3yFQb0u8Uur2aEmgxQr2LO4Nqv',)
[2016-11-05 15:28:00] DEBUG [django.db.backends:90] (0.000) SELECT "oauth2_provider_accesstoken"."id", "oauth2_provider_accesstoken"."user_id", "oauth2_provider_accesstoken"."token", "oauth2_provider_accesstoken"."application_id", "oauth2_provider_accesstoken"."expires", "oauth2_provider_accesstoken"."scope", "auths_user"."password", "auths_user"."last_login", "auths_user"."is_superuser", "auths_user"."username", "auths_user"."first_name", "auths_user"."last_name", "auths_user"."email", "auths_user"."is_staff", "auths_user"."is_active", "auths_user"."date_joined", "auths_user"."id", "auths_user"."last_hierarchy_id", "auths_user"."last_module_id", "auths_user"."person_id", "auths_user"."updated_at", "auths_user"."registered_by", "oauth2_provider_application"."id", "oauth2_provider_application"."client_id", "oauth2_provider_application"."user_id", "oauth2_provider_application"."redirect_uris", "oauth2_provider_application"."client_type", "oauth2_provider_application"."authorization_grant_type", "oauth2_provider_application"."client_secret", "oauth2_provider_application"."name", "oauth2_provider_application"."skip_authorization" FROM "oauth2_provider_accesstoken" LEFT OUTER JOIN "auths_user" ON ("oauth2_provider_accesstoken"."user_id" = "auths_user"."id") INNER JOIN "oauth2_provider_application" ON ("oauth2_provider_accesstoken"."application_id" = "oauth2_provider_application"."id") WHERE "oauth2_provider_accesstoken"."token" = '5qvs3yFQb0u8Uur2aEmgxQr2LO4Nqv'; args=('5qvs3yFQb0u8Uur2aEmgxQr2LO4Nqv',)
[2016-11-05 15:28:00] DEBUG [django.db.backends:90] (0.000) SELECT COUNT(*) AS "__count" FROM "registro_persona"; args=()
[2016-11-05 15:28:00] DEBUG [django.db.backends:90] (0.000) SELECT "registro_persona"."id", "registro_persona"."nombre", "registro_persona"."apellido_paterno", "registro_persona"."apellido_materno", "registro_persona"."dni", "registro_persona"."telefono", "registro_persona"."sexo", "registro_persona"."email", "registro_persona"."fecha_nacimiento", "registro_persona"."lugar_nacimiento", "registro_persona"."direccion", "registro_persona"."foto" FROM "registro_persona" LIMIT 5; args=()
[2016-11-05 15:28:00] INFO [django.server:131] "GET /api/registro/personas/ HTTP/1.1" 200 1510
[2016-11-05 15:28:28] DEBUG [django.db.backends:90] (0.000) SELECT "oauth2_provider_accesstoken"."id", "oauth2_provider_accesstoken"."user_id", "oauth2_provider_accesstoken"."token", "oauth2_provider_accesstoken"."application_id", "oauth2_provider_accesstoken"."expires", "oauth2_provider_accesstoken"."scope", "auths_user"."password", "auths_user"."last_login", "auths_user"."is_superuser", "auths_user"."username", "auths_user"."first_name", "auths_user"."last_name", "auths_user"."email", "auths_user"."is_staff", "auths_user"."is_active", "auths_user"."date_joined", "auths_user"."id", "auths_user"."last_hierarchy_id", "auths_user"."last_module_id", "auths_user"."person_id", "auths_user"."updated_at", "auths_user"."registered_by", "oauth2_provider_application"."id", "oauth2_provider_application"."client_id", "oauth2_provider_application"."user_id", "oauth2_provider_application"."redirect_uris", "oauth2_provider_application"."client_type", "oauth2_provider_application"."authorization_grant_type", "oauth2_provider_application"."client_secret", "oauth2_provider_application"."name", "oauth2_provider_application"."skip_authorization" FROM "oauth2_provider_accesstoken" LEFT OUTER JOIN "auths_user" ON ("oauth2_provider_accesstoken"."user_id" = "auths_user"."id") INNER JOIN "oauth2_provider_application" ON ("oauth2_provider_accesstoken"."application_id" = "oauth2_provider_application"."id") WHERE "oauth2_provider_accesstoken"."token" = '5qvs3yFQb0u8Uur2aEmgxQr2LO4Nqv'; args=('5qvs3yFQb0u8Uur2aEmgxQr2LO4Nqv',)
[2016-11-05 15:28:28] DEBUG [django.db.backends:90] (0.000) SELECT "oauth2_provider_accesstoken"."id", "oauth2_provider_accesstoken"."user_id", "oauth2_provider_accesstoken"."token", "oauth2_provider_accesstoken"."application_id", "oauth2_provider_accesstoken"."expires", "oauth2_provider_accesstoken"."scope", "auths_user"."password", "auths_user"."last_login", "auths_user"."is_superuser", "auths_user"."username", "auths_user"."first_name", "auths_user"."last_name", "auths_user"."email", "auths_user"."is_staff", "auths_user"."is_active", "auths_user"."date_joined", "auths_user"."id", "auths_user"."last_hierarchy_id", "auths_user"."last_module_id", "auths_user"."person_id", "auths_user"."updated_at", "auths_user"."registered_by", "oauth2_provider_application"."id", "oauth2_provider_application"."client_id", "oauth2_provider_application"."user_id", "oauth2_provider_application"."redirect_uris", "oauth2_provider_application"."client_type", "oauth2_provider_application"."authorization_grant_type", "oauth2_provider_application"."client_secret", "oauth2_provider_application"."name", "oauth2_provider_application"."skip_authorization" FROM "oauth2_provider_accesstoken" LEFT OUTER JOIN "auths_user" ON ("oauth2_provider_accesstoken"."user_id" = "auths_user"."id") INNER JOIN "oauth2_provider_application" ON ("oauth2_provider_accesstoken"."application_id" = "oauth2_provider_application"."id") WHERE "oauth2_provider_accesstoken"."token" = '5qvs3yFQb0u8Uur2aEmgxQr2LO4Nqv'; args=('5qvs3yFQb0u8Uur2aEmgxQr2LO4Nqv',)
[2016-11-05 15:28:28] DEBUG [django.db.backends:90] (0.000) SELECT COUNT(*) AS "__count" FROM "registro_persona"; args=()
[2016-11-05 15:28:28] DEBUG [django.db.backends:90] (0.000) SELECT "registro_persona"."id", "registro_persona"."nombre", "registro_persona"."apellido_paterno", "registro_persona"."apellido_materno", "registro_persona"."dni", "registro_persona"."telefono", "registro_persona"."sexo", "registro_persona"."email", "registro_persona"."fecha_nacimiento", "registro_persona"."lugar_nacimiento", "registro_persona"."direccion", "registro_persona"."foto" FROM "registro_persona" LIMIT 5; args=()
[2016-11-05 15:28:28] INFO [django.server:131] "GET /api/registro/personas/ HTTP/1.1" 200 1510
[2016-11-05 15:28:36] DEBUG [django.db.backends:90] (0.000) SELECT "oauth2_provider_accesstoken"."id", "oauth2_provider_accesstoken"."user_id", "oauth2_provider_accesstoken"."token", "oauth2_provider_accesstoken"."application_id", "oauth2_provider_accesstoken"."expires", "oauth2_provider_accesstoken"."scope", "auths_user"."password", "auths_user"."last_login", "auths_user"."is_superuser", "auths_user"."username", "auths_user"."first_name", "auths_user"."last_name", "auths_user"."email", "auths_user"."is_staff", "auths_user"."is_active", "auths_user"."date_joined", "auths_user"."id", "auths_user"."last_hierarchy_id", "auths_user"."last_module_id", "auths_user"."person_id", "auths_user"."updated_at", "auths_user"."registered_by", "oauth2_provider_application"."id", "oauth2_provider_application"."client_id", "oauth2_provider_application"."user_id", "oauth2_provider_application"."redirect_uris", "oauth2_provider_application"."client_type", "oauth2_provider_application"."authorization_grant_type", "oauth2_provider_application"."client_secret", "oauth2_provider_application"."name", "oauth2_provider_application"."skip_authorization" FROM "oauth2_provider_accesstoken" LEFT OUTER JOIN "auths_user" ON ("oauth2_provider_accesstoken"."user_id" = "auths_user"."id") INNER JOIN "oauth2_provider_application" ON ("oauth2_provider_accesstoken"."application_id" = "oauth2_provider_application"."id") WHERE "oauth2_provider_accesstoken"."token" = '5qvs3yFQb0u8Uur2aEmgxQr2LO4Nqv'; args=('5qvs3yFQb0u8Uur2aEmgxQr2LO4Nqv',)
[2016-11-05 15:28:36] DEBUG [django.db.backends:90] (0.000) SELECT "oauth2_provider_accesstoken"."id", "oauth2_provider_accesstoken"."user_id", "oauth2_provider_accesstoken"."token", "oauth2_provider_accesstoken"."application_id", "oauth2_provider_accesstoken"."expires", "oauth2_provider_accesstoken"."scope", "auths_user"."password", "auths_user"."last_login", "auths_user"."is_superuser", "auths_user"."username", "auths_user"."first_name", "auths_user"."last_name", "auths_user"."email", "auths_user"."is_staff", "auths_user"."is_active", "auths_user"."date_joined", "auths_user"."id", "auths_user"."last_hierarchy_id", "auths_user"."last_module_id", "auths_user"."person_id", "auths_user"."updated_at", "auths_user"."registered_by", "oauth2_provider_application"."id", "oauth2_provider_application"."client_id", "oauth2_provider_application"."user_id", "oauth2_provider_application"."redirect_uris", "oauth2_provider_application"."client_type", "oauth2_provider_application"."authorization_grant_type", "oauth2_provider_application"."client_secret", "oauth2_provider_application"."name", "oauth2_provider_application"."skip_authorization" FROM "oauth2_provider_accesstoken" LEFT OUTER JOIN "auths_user" ON ("oauth2_provider_accesstoken"."user_id" = "auths_user"."id") INNER JOIN "oauth2_provider_application" ON ("oauth2_provider_accesstoken"."application_id" = "oauth2_provider_application"."id") WHERE "oauth2_provider_accesstoken"."token" = '5qvs3yFQb0u8Uur2aEmgxQr2LO4Nqv'; args=('5qvs3yFQb0u8Uur2aEmgxQr2LO4Nqv',)
[2016-11-05 15:28:37] DEBUG [django.db.backends:90] (0.000) SELECT "registro_colegio"."id", "registro_colegio"."nombre", "registro_colegio"."direccion", "registro_colegio"."departamento", "registro_colegio"."provincia", "registro_colegio"."distrito", "registro_colegio"."telefono_1", "registro_colegio"."telefono_2", "registro_colegio"."descripcion" FROM "registro_colegio"; args=()
[2016-11-05 15:28:37] INFO [django.server:131] "GET /api/registro/colegios/ HTTP/1.1" 200 636
[2016-11-05 15:28:39] DEBUG [django.db.backends:90] (0.008) SELECT "oauth2_provider_accesstoken"."id", "oauth2_provider_accesstoken"."user_id", "oauth2_provider_accesstoken"."token", "oauth2_provider_accesstoken"."application_id", "oauth2_provider_accesstoken"."expires", "oauth2_provider_accesstoken"."scope", "auths_user"."password", "auths_user"."last_login", "auths_user"."is_superuser", "auths_user"."username", "auths_user"."first_name", "auths_user"."last_name", "auths_user"."email", "auths_user"."is_staff", "auths_user"."is_active", "auths_user"."date_joined", "auths_user"."id", "auths_user"."last_hierarchy_id", "auths_user"."last_module_id", "auths_user"."person_id", "auths_user"."updated_at", "auths_user"."registered_by", "oauth2_provider_application"."id", "oauth2_provider_application"."client_id", "oauth2_provider_application"."user_id", "oauth2_provider_application"."redirect_uris", "oauth2_provider_application"."client_type", "oauth2_provider_application"."authorization_grant_type", "oauth2_provider_application"."client_secret", "oauth2_provider_application"."name", "oauth2_provider_application"."skip_authorization" FROM "oauth2_provider_accesstoken" LEFT OUTER JOIN "auths_user" ON ("oauth2_provider_accesstoken"."user_id" = "auths_user"."id") INNER JOIN "oauth2_provider_application" ON ("oauth2_provider_accesstoken"."application_id" = "oauth2_provider_application"."id") WHERE "oauth2_provider_accesstoken"."token" = '5qvs3yFQb0u8Uur2aEmgxQr2LO4Nqv'; args=('5qvs3yFQb0u8Uur2aEmgxQr2LO4Nqv',)
[2016-11-05 15:28:39] DEBUG [django.db.backends:90] (0.000) SELECT "oauth2_provider_accesstoken"."id", "oauth2_provider_accesstoken"."user_id", "oauth2_provider_accesstoken"."token", "oauth2_provider_accesstoken"."application_id", "oauth2_provider_accesstoken"."expires", "oauth2_provider_accesstoken"."scope", "auths_user"."password", "auths_user"."last_login", "auths_user"."is_superuser", "auths_user"."username", "auths_user"."first_name", "auths_user"."last_name", "auths_user"."email", "auths_user"."is_staff", "auths_user"."is_active", "auths_user"."date_joined", "auths_user"."id", "auths_user"."last_hierarchy_id", "auths_user"."last_module_id", "auths_user"."person_id", "auths_user"."updated_at", "auths_user"."registered_by", "oauth2_provider_application"."id", "oauth2_provider_application"."client_id", "oauth2_provider_application"."user_id", "oauth2_provider_application"."redirect_uris", "oauth2_provider_application"."client_type", "oauth2_provider_application"."authorization_grant_type", "oauth2_provider_application"."client_secret", "oauth2_provider_application"."name", "oauth2_provider_application"."skip_authorization" FROM "oauth2_provider_accesstoken" LEFT OUTER JOIN "auths_user" ON ("oauth2_provider_accesstoken"."user_id" = "auths_user"."id") INNER JOIN "oauth2_provider_application" ON ("oauth2_provider_accesstoken"."application_id" = "oauth2_provider_application"."id") WHERE "oauth2_provider_accesstoken"."token" = '5qvs3yFQb0u8Uur2aEmgxQr2LO4Nqv'; args=('5qvs3yFQb0u8Uur2aEmgxQr2LO4Nqv',)
[2016-11-05 15:28:39] DEBUG [django.db.backends:90] (0.000) SELECT "registro_cargoescolar"."id", "registro_cargoescolar"."nombre", "registro_cargoescolar"."tipo" FROM "registro_cargoescolar"; args=()
[2016-11-05 15:28:39] INFO [django.server:131] "GET /api/registro/cargosescolares/ HTTP/1.1" 200 291
[2016-11-05 15:28:41] DEBUG [django.db.backends:90] (0.000) SELECT "oauth2_provider_accesstoken"."id", "oauth2_provider_accesstoken"."user_id", "oauth2_provider_accesstoken"."token", "oauth2_provider_accesstoken"."application_id", "oauth2_provider_accesstoken"."expires", "oauth2_provider_accesstoken"."scope", "auths_user"."password", "auths_user"."last_login", "auths_user"."is_superuser", "auths_user"."username", "auths_user"."first_name", "auths_user"."last_name", "auths_user"."email", "auths_user"."is_staff", "auths_user"."is_active", "auths_user"."date_joined", "auths_user"."id", "auths_user"."last_hierarchy_id", "auths_user"."last_module_id", "auths_user"."person_id", "auths_user"."updated_at", "auths_user"."registered_by", "oauth2_provider_application"."id", "oauth2_provider_application"."client_id", "oauth2_provider_application"."user_id", "oauth2_provider_application"."redirect_uris", "oauth2_provider_application"."client_type", "oauth2_provider_application"."authorization_grant_type", "oauth2_provider_application"."client_secret", "oauth2_provider_application"."name", "oauth2_provider_application"."skip_authorization" FROM "oauth2_provider_accesstoken" LEFT OUTER JOIN "auths_user" ON ("oauth2_provider_accesstoken"."user_id" = "auths_user"."id") INNER JOIN "oauth2_provider_application" ON ("oauth2_provider_accesstoken"."application_id" = "oauth2_provider_application"."id") WHERE "oauth2_provider_accesstoken"."token" = '5qvs3yFQb0u8Uur2aEmgxQr2LO4Nqv'; args=('5qvs3yFQb0u8Uur2aEmgxQr2LO4Nqv',)
[2016-11-05 15:28:41] DEBUG [django.db.backends:90] (0.000) SELECT "oauth2_provider_accesstoken"."id", "oauth2_provider_accesstoken"."user_id", "oauth2_provider_accesstoken"."token", "oauth2_provider_accesstoken"."application_id", "oauth2_provider_accesstoken"."expires", "oauth2_provider_accesstoken"."scope", "auths_user"."password", "auths_user"."last_login", "auths_user"."is_superuser", "auths_user"."username", "auths_user"."first_name", "auths_user"."last_name", "auths_user"."email", "auths_user"."is_staff", "auths_user"."is_active", "auths_user"."date_joined", "auths_user"."id", "auths_user"."last_hierarchy_id", "auths_user"."last_module_id", "auths_user"."person_id", "auths_user"."updated_at", "auths_user"."registered_by", "oauth2_provider_application"."id", "oauth2_provider_application"."client_id", "oauth2_provider_application"."user_id", "oauth2_provider_application"."redirect_uris", "oauth2_provider_application"."client_type", "oauth2_provider_application"."authorization_grant_type", "oauth2_provider_application"."client_secret", "oauth2_provider_application"."name", "oauth2_provider_application"."skip_authorization" FROM "oauth2_provider_accesstoken" LEFT OUTER JOIN "auths_user" ON ("oauth2_provider_accesstoken"."user_id" = "auths_user"."id") INNER JOIN "oauth2_provider_application" ON ("oauth2_provider_accesstoken"."application_id" = "oauth2_provider_application"."id") WHERE "oauth2_provider_accesstoken"."token" = '5qvs3yFQb0u8Uur2aEmgxQr2LO4Nqv'; args=('5qvs3yFQb0u8Uur2aEmgxQr2LO4Nqv',)
[2016-11-05 15:28:41] DEBUG [django.db.backends:90] (0.000) SELECT "registro_salon"."id", "registro_salon"."nombre", "registro_salon"."ubicacion" FROM "registro_salon"; args=()
[2016-11-05 15:28:41] INFO [django.server:131] "GET /api/registro/salones/ HTTP/1.1" 200 107
[2016-11-05 15:28:48] DEBUG [django.db.backends:90] (0.004) SELECT "oauth2_provider_accesstoken"."id", "oauth2_provider_accesstoken"."user_id", "oauth2_provider_accesstoken"."token", "oauth2_provider_accesstoken"."application_id", "oauth2_provider_accesstoken"."expires", "oauth2_provider_accesstoken"."scope", "auths_user"."password", "auths_user"."last_login", "auths_user"."is_superuser", "auths_user"."username", "auths_user"."first_name", "auths_user"."last_name", "auths_user"."email", "auths_user"."is_staff", "auths_user"."is_active", "auths_user"."date_joined", "auths_user"."id", "auths_user"."last_hierarchy_id", "auths_user"."last_module_id", "auths_user"."person_id", "auths_user"."updated_at", "auths_user"."registered_by", "oauth2_provider_application"."id", "oauth2_provider_application"."client_id", "oauth2_provider_application"."user_id", "oauth2_provider_application"."redirect_uris", "oauth2_provider_application"."client_type", "oauth2_provider_application"."authorization_grant_type", "oauth2_provider_application"."client_secret", "oauth2_provider_application"."name", "oauth2_provider_application"."skip_authorization" FROM "oauth2_provider_accesstoken" LEFT OUTER JOIN "auths_user" ON ("oauth2_provider_accesstoken"."user_id" = "auths_user"."id") INNER JOIN "oauth2_provider_application" ON ("oauth2_provider_accesstoken"."application_id" = "oauth2_provider_application"."id") WHERE "oauth2_provider_accesstoken"."token" = '5qvs3yFQb0u8Uur2aEmgxQr2LO4Nqv'; args=('5qvs3yFQb0u8Uur2aEmgxQr2LO4Nqv',)
[2016-11-05 15:28:48] DEBUG [django.db.backends:90] (0.000) SELECT "oauth2_provider_accesstoken"."id", "oauth2_provider_accesstoken"."user_id", "oauth2_provider_accesstoken"."token", "oauth2_provider_accesstoken"."application_id", "oauth2_provider_accesstoken"."expires", "oauth2_provider_accesstoken"."scope", "auths_user"."password", "auths_user"."last_login", "auths_user"."is_superuser", "auths_user"."username", "auths_user"."first_name", "auths_user"."last_name", "auths_user"."email", "auths_user"."is_staff", "auths_user"."is_active", "auths_user"."date_joined", "auths_user"."id", "auths_user"."last_hierarchy_id", "auths_user"."last_module_id", "auths_user"."person_id", "auths_user"."updated_at", "auths_user"."registered_by", "oauth2_provider_application"."id", "oauth2_provider_application"."client_id", "oauth2_provider_application"."user_id", "oauth2_provider_application"."redirect_uris", "oauth2_provider_application"."client_type", "oauth2_provider_application"."authorization_grant_type", "oauth2_provider_application"."client_secret", "oauth2_provider_application"."name", "oauth2_provider_application"."skip_authorization" FROM "oauth2_provider_accesstoken" LEFT OUTER JOIN "auths_user" ON ("oauth2_provider_accesstoken"."user_id" = "auths_user"."id") INNER JOIN "oauth2_provider_application" ON ("oauth2_provider_accesstoken"."application_id" = "oauth2_provider_application"."id") WHERE "oauth2_provider_accesstoken"."token" = '5qvs3yFQb0u8Uur2aEmgxQr2LO4Nqv'; args=('5qvs3yFQb0u8Uur2aEmgxQr2LO4Nqv',)
[2016-11-05 15:28:48] DEBUG [django.db.backends:90] (0.000) SELECT "registro_curso"."id", "registro_curso"."nombre", "registro_curso"."horas", "registro_curso"."estado", "registro_curso"."docente_id" FROM "registro_curso"; args=()
[2016-11-05 15:28:48] INFO [django.server:131] "GET /api/registro/cursos/ HTTP/1.1" 200 106
[2016-11-05 15:28:48] DEBUG [django.db.backends:90] (0.004) SELECT "oauth2_provider_accesstoken"."id", "oauth2_provider_accesstoken"."user_id", "oauth2_provider_accesstoken"."token", "oauth2_provider_accesstoken"."application_id", "oauth2_provider_accesstoken"."expires", "oauth2_provider_accesstoken"."scope", "auths_user"."password", "auths_user"."last_login", "auths_user"."is_superuser", "auths_user"."username", "auths_user"."first_name", "auths_user"."last_name", "auths_user"."email", "auths_user"."is_staff", "auths_user"."is_active", "auths_user"."date_joined", "auths_user"."id", "auths_user"."last_hierarchy_id", "auths_user"."last_module_id", "auths_user"."person_id", "auths_user"."updated_at", "auths_user"."registered_by", "oauth2_provider_application"."id", "oauth2_provider_application"."client_id", "oauth2_provider_application"."user_id", "oauth2_provider_application"."redirect_uris", "oauth2_provider_application"."client_type", "oauth2_provider_application"."authorization_grant_type", "oauth2_provider_application"."client_secret", "oauth2_provider_application"."name", "oauth2_provider_application"."skip_authorization" FROM "oauth2_provider_accesstoken" LEFT OUTER JOIN "auths_user" ON ("oauth2_provider_accesstoken"."user_id" = "auths_user"."id") INNER JOIN "oauth2_provider_application" ON ("oauth2_provider_accesstoken"."application_id" = "oauth2_provider_application"."id") WHERE "oauth2_provider_accesstoken"."token" = '5qvs3yFQb0u8Uur2aEmgxQr2LO4Nqv'; args=('5qvs3yFQb0u8Uur2aEmgxQr2LO4Nqv',)
[2016-11-05 15:28:48] DEBUG [django.db.backends:90] (0.000) SELECT "oauth2_provider_accesstoken"."id", "oauth2_provider_accesstoken"."user_id", "oauth2_provider_accesstoken"."token", "oauth2_provider_accesstoken"."application_id", "oauth2_provider_accesstoken"."expires", "oauth2_provider_accesstoken"."scope", "auths_user"."password", "auths_user"."last_login", "auths_user"."is_superuser", "auths_user"."username", "auths_user"."first_name", "auths_user"."last_name", "auths_user"."email", "auths_user"."is_staff", "auths_user"."is_active", "auths_user"."date_joined", "auths_user"."id", "auths_user"."last_hierarchy_id", "auths_user"."last_module_id", "auths_user"."person_id", "auths_user"."updated_at", "auths_user"."registered_by", "oauth2_provider_application"."id", "oauth2_provider_application"."client_id", "oauth2_provider_application"."user_id", "oauth2_provider_application"."redirect_uris", "oauth2_provider_application"."client_type", "oauth2_provider_application"."authorization_grant_type", "oauth2_provider_application"."client_secret", "oauth2_provider_application"."name", "oauth2_provider_application"."skip_authorization" FROM "oauth2_provider_accesstoken" LEFT OUTER JOIN "auths_user" ON ("oauth2_provider_accesstoken"."user_id" = "auths_user"."id") INNER JOIN "oauth2_provider_application" ON ("oauth2_provider_accesstoken"."application_id" = "oauth2_provider_application"."id") WHERE "oauth2_provider_accesstoken"."token" = '5qvs3yFQb0u8Uur2aEmgxQr2LO4Nqv'; args=('5qvs3yFQb0u8Uur2aEmgxQr2LO4Nqv',)
[2016-11-05 15:28:48] DEBUG [django.db.backends:90] (0.000) SELECT COUNT(*) AS "__count" FROM "registro_persona"; args=()
[2016-11-05 15:28:48] DEBUG [django.db.backends:90] (0.000) SELECT "registro_persona"."id", "registro_persona"."nombre", "registro_persona"."apellido_paterno", "registro_persona"."apellido_materno", "registro_persona"."dni", "registro_persona"."telefono", "registro_persona"."sexo", "registro_persona"."email", "registro_persona"."fecha_nacimiento", "registro_persona"."lugar_nacimiento", "registro_persona"."direccion", "registro_persona"."foto" FROM "registro_persona" LIMIT 5; args=()
[2016-11-05 15:28:48] INFO [django.server:131] "GET /api/registro/personas/ HTTP/1.1" 200 1510
[2016-11-05 15:28:49] DEBUG [django.db.backends:90] (0.004) SELECT "oauth2_provider_accesstoken"."id", "oauth2_provider_accesstoken"."user_id", "oauth2_provider_accesstoken"."token", "oauth2_provider_accesstoken"."application_id", "oauth2_provider_accesstoken"."expires", "oauth2_provider_accesstoken"."scope", "auths_user"."password", "auths_user"."last_login", "auths_user"."is_superuser", "auths_user"."username", "auths_user"."first_name", "auths_user"."last_name", "auths_user"."email", "auths_user"."is_staff", "auths_user"."is_active", "auths_user"."date_joined", "auths_user"."id", "auths_user"."last_hierarchy_id", "auths_user"."last_module_id", "auths_user"."person_id", "auths_user"."updated_at", "auths_user"."registered_by", "oauth2_provider_application"."id", "oauth2_provider_application"."client_id", "oauth2_provider_application"."user_id", "oauth2_provider_application"."redirect_uris", "oauth2_provider_application"."client_type", "oauth2_provider_application"."authorization_grant_type", "oauth2_provider_application"."client_secret", "oauth2_provider_application"."name", "oauth2_provider_application"."skip_authorization" FROM "oauth2_provider_accesstoken" LEFT OUTER JOIN "auths_user" ON ("oauth2_provider_accesstoken"."user_id" = "auths_user"."id") INNER JOIN "oauth2_provider_application" ON ("oauth2_provider_accesstoken"."application_id" = "oauth2_provider_application"."id") WHERE "oauth2_provider_accesstoken"."token" = '5qvs3yFQb0u8Uur2aEmgxQr2LO4Nqv'; args=('5qvs3yFQb0u8Uur2aEmgxQr2LO4Nqv',)
[2016-11-05 15:28:49] DEBUG [django.db.backends:90] (0.000) SELECT "oauth2_provider_accesstoken"."id", "oauth2_provider_accesstoken"."user_id", "oauth2_provider_accesstoken"."token", "oauth2_provider_accesstoken"."application_id", "oauth2_provider_accesstoken"."expires", "oauth2_provider_accesstoken"."scope", "auths_user"."password", "auths_user"."last_login", "auths_user"."is_superuser", "auths_user"."username", "auths_user"."first_name", "auths_user"."last_name", "auths_user"."email", "auths_user"."is_staff", "auths_user"."is_active", "auths_user"."date_joined", "auths_user"."id", "auths_user"."last_hierarchy_id", "auths_user"."last_module_id", "auths_user"."person_id", "auths_user"."updated_at", "auths_user"."registered_by", "oauth2_provider_application"."id", "oauth2_provider_application"."client_id", "oauth2_provider_application"."user_id", "oauth2_provider_application"."redirect_uris", "oauth2_provider_application"."client_type", "oauth2_provider_application"."authorization_grant_type", "oauth2_provider_application"."client_secret", "oauth2_provider_application"."name", "oauth2_provider_application"."skip_authorization" FROM "oauth2_provider_accesstoken" LEFT OUTER JOIN "auths_user" ON ("oauth2_provider_accesstoken"."user_id" = "auths_user"."id") INNER JOIN "oauth2_provider_application" ON ("oauth2_provider_accesstoken"."application_id" = "oauth2_provider_application"."id") WHERE "oauth2_provider_accesstoken"."token" = '5qvs3yFQb0u8Uur2aEmgxQr2LO4Nqv'; args=('5qvs3yFQb0u8Uur2aEmgxQr2LO4Nqv',)
[2016-11-05 15:28:49] DEBUG [django.db.backends:90] (0.000) SELECT "registro_salon"."id", "registro_salon"."nombre", "registro_salon"."ubicacion" FROM "registro_salon"; args=()
[2016-11-05 15:28:49] INFO [django.server:131] "GET /api/registro/salones/ HTTP/1.1" 200 107
[2016-11-05 15:28:50] DEBUG [django.db.backends:90] (0.008) SELECT "oauth2_provider_accesstoken"."id", "oauth2_provider_accesstoken"."user_id", "oauth2_provider_accesstoken"."token", "oauth2_provider_accesstoken"."application_id", "oauth2_provider_accesstoken"."expires", "oauth2_provider_accesstoken"."scope", "auths_user"."password", "auths_user"."last_login", "auths_user"."is_superuser", "auths_user"."username", "auths_user"."first_name", "auths_user"."last_name", "auths_user"."email", "auths_user"."is_staff", "auths_user"."is_active", "auths_user"."date_joined", "auths_user"."id", "auths_user"."last_hierarchy_id", "auths_user"."last_module_id", "auths_user"."person_id", "auths_user"."updated_at", "auths_user"."registered_by", "oauth2_provider_application"."id", "oauth2_provider_application"."client_id", "oauth2_provider_application"."user_id", "oauth2_provider_application"."redirect_uris", "oauth2_provider_application"."client_type", "oauth2_provider_application"."authorization_grant_type", "oauth2_provider_application"."client_secret", "oauth2_provider_application"."name", "oauth2_provider_application"."skip_authorization" FROM "oauth2_provider_accesstoken" LEFT OUTER JOIN "auths_user" ON ("oauth2_provider_accesstoken"."user_id" = "auths_user"."id") INNER JOIN "oauth2_provider_application" ON ("oauth2_provider_accesstoken"."application_id" = "oauth2_provider_application"."id") WHERE "oauth2_provider_accesstoken"."token" = '5qvs3yFQb0u8Uur2aEmgxQr2LO4Nqv'; args=('5qvs3yFQb0u8Uur2aEmgxQr2LO4Nqv',)
[2016-11-05 15:28:51] DEBUG [django.db.backends:90] (0.000) SELECT "oauth2_provider_accesstoken"."id", "oauth2_provider_accesstoken"."user_id", "oauth2_provider_accesstoken"."token", "oauth2_provider_accesstoken"."application_id", "oauth2_provider_accesstoken"."expires", "oauth2_provider_accesstoken"."scope", "auths_user"."password", "auths_user"."last_login", "auths_user"."is_superuser", "auths_user"."username", "auths_user"."first_name", "auths_user"."last_name", "auths_user"."email", "auths_user"."is_staff", "auths_user"."is_active", "auths_user"."date_joined", "auths_user"."id", "auths_user"."last_hierarchy_id", "auths_user"."last_module_id", "auths_user"."person_id", "auths_user"."updated_at", "auths_user"."registered_by", "oauth2_provider_application"."id", "oauth2_provider_application"."client_id", "oauth2_provider_application"."user_id", "oauth2_provider_application"."redirect_uris", "oauth2_provider_application"."client_type", "oauth2_provider_application"."authorization_grant_type", "oauth2_provider_application"."client_secret", "oauth2_provider_application"."name", "oauth2_provider_application"."skip_authorization" FROM "oauth2_provider_accesstoken" LEFT OUTER JOIN "auths_user" ON ("oauth2_provider_accesstoken"."user_id" = "auths_user"."id") INNER JOIN "oauth2_provider_application" ON ("oauth2_provider_accesstoken"."application_id" = "oauth2_provider_application"."id") WHERE "oauth2_provider_accesstoken"."token" = '5qvs3yFQb0u8Uur2aEmgxQr2LO4Nqv'; args=('5qvs3yFQb0u8Uur2aEmgxQr2LO4Nqv',)
[2016-11-05 15:28:51] DEBUG [django.db.backends:90] (0.000) SELECT "registro_curso"."id", "registro_curso"."nombre", "registro_curso"."horas", "registro_curso"."estado", "registro_curso"."docente_id" FROM "registro_curso"; args=()
[2016-11-05 15:28:51] INFO [django.server:131] "GET /api/registro/cursos/ HTTP/1.1" 200 106
[2016-11-05 15:28:51] DEBUG [django.db.backends:90] (0.004) SELECT "oauth2_provider_accesstoken"."id", "oauth2_provider_accesstoken"."user_id", "oauth2_provider_accesstoken"."token", "oauth2_provider_accesstoken"."application_id", "oauth2_provider_accesstoken"."expires", "oauth2_provider_accesstoken"."scope", "auths_user"."password", "auths_user"."last_login", "auths_user"."is_superuser", "auths_user"."username", "auths_user"."first_name", "auths_user"."last_name", "auths_user"."email", "auths_user"."is_staff", "auths_user"."is_active", "auths_user"."date_joined", "auths_user"."id", "auths_user"."last_hierarchy_id", "auths_user"."last_module_id", "auths_user"."person_id", "auths_user"."updated_at", "auths_user"."registered_by", "oauth2_provider_application"."id", "oauth2_provider_application"."client_id", "oauth2_provider_application"."user_id", "oauth2_provider_application"."redirect_uris", "oauth2_provider_application"."client_type", "oauth2_provider_application"."authorization_grant_type", "oauth2_provider_application"."client_secret", "oauth2_provider_application"."name", "oauth2_provider_application"."skip_authorization" FROM "oauth2_provider_accesstoken" LEFT OUTER JOIN "auths_user" ON ("oauth2_provider_accesstoken"."user_id" = "auths_user"."id") INNER JOIN "oauth2_provider_application" ON ("oauth2_provider_accesstoken"."application_id" = "oauth2_provider_application"."id") WHERE "oauth2_provider_accesstoken"."token" = '5qvs3yFQb0u8Uur2aEmgxQr2LO4Nqv'; args=('5qvs3yFQb0u8Uur2aEmgxQr2LO4Nqv',)
[2016-11-05 15:28:51] DEBUG [django.db.backends:90] (0.000) SELECT "oauth2_provider_accesstoken"."id", "oauth2_provider_accesstoken"."user_id", "oauth2_provider_accesstoken"."token", "oauth2_provider_accesstoken"."application_id", "oauth2_provider_accesstoken"."expires", "oauth2_provider_accesstoken"."scope", "auths_user"."password", "auths_user"."last_login", "auths_user"."is_superuser", "auths_user"."username", "auths_user"."first_name", "auths_user"."last_name", "auths_user"."email", "auths_user"."is_staff", "auths_user"."is_active", "auths_user"."date_joined", "auths_user"."id", "auths_user"."last_hierarchy_id", "auths_user"."last_module_id", "auths_user"."person_id", "auths_user"."updated_at", "auths_user"."registered_by", "oauth2_provider_application"."id", "oauth2_provider_application"."client_id", "oauth2_provider_application"."user_id", "oauth2_provider_application"."redirect_uris", "oauth2_provider_application"."client_type", "oauth2_provider_application"."authorization_grant_type", "oauth2_provider_application"."client_secret", "oauth2_provider_application"."name", "oauth2_provider_application"."skip_authorization" FROM "oauth2_provider_accesstoken" LEFT OUTER JOIN "auths_user" ON ("oauth2_provider_accesstoken"."user_id" = "auths_user"."id") INNER JOIN "oauth2_provider_application" ON ("oauth2_provider_accesstoken"."application_id" = "oauth2_provider_application"."id") WHERE "oauth2_provider_accesstoken"."token" = '5qvs3yFQb0u8Uur2aEmgxQr2LO4Nqv'; args=('5qvs3yFQb0u8Uur2aEmgxQr2LO4Nqv',)
[2016-11-05 15:28:51] DEBUG [django.db.backends:90] (0.000) SELECT "registro_alumno"."id", "registro_alumno"."estado", "registro_alumno"."persona_id", "registro_alumno"."cargoEscolar_id", "registro_alumno"."cargaAcademica_id", "registro_alumno"."colegio_id" FROM "registro_alumno"; args=()
[2016-11-05 15:28:51] INFO [django.server:131] "GET /api/registro/alumnos/ HTTP/1.1" 200 2
[2016-11-05 15:28:53] DEBUG [django.db.backends:90] (0.008) SELECT "oauth2_provider_accesstoken"."id", "oauth2_provider_accesstoken"."user_id", "oauth2_provider_accesstoken"."token", "oauth2_provider_accesstoken"."application_id", "oauth2_provider_accesstoken"."expires", "oauth2_provider_accesstoken"."scope", "auths_user"."password", "auths_user"."last_login", "auths_user"."is_superuser", "auths_user"."username", "auths_user"."first_name", "auths_user"."last_name", "auths_user"."email", "auths_user"."is_staff", "auths_user"."is_active", "auths_user"."date_joined", "auths_user"."id", "auths_user"."last_hierarchy_id", "auths_user"."last_module_id", "auths_user"."person_id", "auths_user"."updated_at", "auths_user"."registered_by", "oauth2_provider_application"."id", "oauth2_provider_application"."client_id", "oauth2_provider_application"."user_id", "oauth2_provider_application"."redirect_uris", "oauth2_provider_application"."client_type", "oauth2_provider_application"."authorization_grant_type", "oauth2_provider_application"."client_secret", "oauth2_provider_application"."name", "oauth2_provider_application"."skip_authorization" FROM "oauth2_provider_accesstoken" LEFT OUTER JOIN "auths_user" ON ("oauth2_provider_accesstoken"."user_id" = "auths_user"."id") INNER JOIN "oauth2_provider_application" ON ("oauth2_provider_accesstoken"."application_id" = "oauth2_provider_application"."id") WHERE "oauth2_provider_accesstoken"."token" = '5qvs3yFQb0u8Uur2aEmgxQr2LO4Nqv'; args=('5qvs3yFQb0u8Uur2aEmgxQr2LO4Nqv',)
[2016-11-05 15:28:53] DEBUG [django.db.backends:90] (0.000) SELECT "oauth2_provider_accesstoken"."id", "oauth2_provider_accesstoken"."user_id", "oauth2_provider_accesstoken"."token", "oauth2_provider_accesstoken"."application_id", "oauth2_provider_accesstoken"."expires", "oauth2_provider_accesstoken"."scope", "auths_user"."password", "auths_user"."last_login", "auths_user"."is_superuser", "auths_user"."username", "auths_user"."first_name", "auths_user"."last_name", "auths_user"."email", "auths_user"."is_staff", "auths_user"."is_active", "auths_user"."date_joined", "auths_user"."id", "auths_user"."last_hierarchy_id", "auths_user"."last_module_id", "auths_user"."person_id", "auths_user"."updated_at", "auths_user"."registered_by", "oauth2_provider_application"."id", "oauth2_provider_application"."client_id", "oauth2_provider_application"."user_id", "oauth2_provider_application"."redirect_uris", "oauth2_provider_application"."client_type", "oauth2_provider_application"."authorization_grant_type", "oauth2_provider_application"."client_secret", "oauth2_provider_application"."name", "oauth2_provider_application"."skip_authorization" FROM "oauth2_provider_accesstoken" LEFT OUTER JOIN "auths_user" ON ("oauth2_provider_accesstoken"."user_id" = "auths_user"."id") INNER JOIN "oauth2_provider_application" ON ("oauth2_provider_accesstoken"."application_id" = "oauth2_provider_application"."id") WHERE "oauth2_provider_accesstoken"."token" = '5qvs3yFQb0u8Uur2aEmgxQr2LO4Nqv'; args=('5qvs3yFQb0u8Uur2aEmgxQr2LO4Nqv',)
[2016-11-05 15:28:53] DEBUG [django.db.backends:90] (0.000) SELECT COUNT(*) AS "__count" FROM "registro_persona"; args=()
[2016-11-05 15:28:53] DEBUG [django.db.backends:90] (0.004) SELECT "registro_persona"."id", "registro_persona"."nombre", "registro_persona"."apellido_paterno", "registro_persona"."apellido_materno", "registro_persona"."dni", "registro_persona"."telefono", "registro_persona"."sexo", "registro_persona"."email", "registro_persona"."fecha_nacimiento", "registro_persona"."lugar_nacimiento", "registro_persona"."direccion", "registro_persona"."foto" FROM "registro_persona" LIMIT 5; args=()
[2016-11-05 15:28:53] INFO [django.server:131] "GET /api/registro/personas/ HTTP/1.1" 200 1510
